#
# There is insufficient memory for the Java Runtime Environment to continue.
# Native memory allocation (mmap) failed to map 14680064 bytes for G1 virtual space
# Possible reasons:
#   The system is out of physical RAM or swap space
#   The process is running with CompressedOops enabled, and the Java Heap may be blocking the growth of the native heap
# Possible solutions:
#   Reduce memory load on the system
#   Increase physical memory or swap space
#   Check if swap backing store is full
#   Decrease Java heap size (-Xmx/-Xms)
#   Decrease number of Java threads
#   Decrease Java thread stack sizes (-Xss)
#   Set larger code cache with -XX:ReservedCodeCacheSize=
#   JVM is running with Unscaled Compressed Oops mode in which the Java heap is
#     placed in the first 4GB address space. The Java Heap base address is the
#     maximum limit for the native heap growth. Please use -XX:HeapBaseMinAddress
#     to set the Java Heap base and to place the Java Heap above 4GB virtual address.
# This output file may be truncated or incomplete.
#
#  Out of Memory Error (os_windows.cpp:3769), pid=15924, tid=8116
#
# JRE version: OpenJDK Runtime Environment (17.0.6) (build 17.0.6+0-b2043.56-10027231)
# Java VM: OpenJDK 64-Bit Server VM (17.0.6+0-b2043.56-10027231, mixed mode, tiered, compressed oops, compressed class ptrs, g1 gc, windows-amd64)
# No core dump will be written. Minidumps are not enabled by default on client versions of Windows
#

---------------  S U M M A R Y ------------

Command Line: --add-opens=java.base/java.util=ALL-UNNAMED --add-opens=java.base/java.lang=ALL-UNNAMED --add-opens=java.base/java.lang.invoke=ALL-UNNAMED --add-opens=java.prefs/java.util.prefs=ALL-UNNAMED --add-opens=java.base/java.nio.charset=ALL-UNNAMED --add-opens=java.base/java.net=ALL-UNNAMED --add-opens=java.base/java.util.concurrent.atomic=ALL-UNNAMED -Xmx2048m -Dfile.encoding=UTF-8 -Duser.country=TR -Duser.language=tr -Duser.variant org.gradle.launcher.daemon.bootstrap.GradleDaemon 8.0

Host: 11th Gen Intel(R) Core(TM) i5-11400H @ 2.70GHz, 12 cores, 7G,  Windows 11 , 64 bit Build 22621 (10.0.22621.2506)
Time: Sat Mar  9 17:45:33 2024 Türkiye Standart Saati elapsed time: 6.775134 seconds (0d 0h 0m 6s)

---------------  T H R E A D  ---------------

Current thread (0x000002005a4179f0):  VMThread "VM Thread" [stack: 0x0000000e1bb00000,0x0000000e1bc00000] [id=8116]

Stack: [0x0000000e1bb00000,0x0000000e1bc00000]
Native frames: (J=compiled Java code, j=interpreted, Vv=VM code, C=native code)
V  [jvm.dll+0x683c9a]
V  [jvm.dll+0x8427a4]
V  [jvm.dll+0x843f9e]
V  [jvm.dll+0x844603]
V  [jvm.dll+0x249b75]
V  [jvm.dll+0x680b69]
V  [jvm.dll+0x67505a]
V  [jvm.dll+0x309acb]
V  [jvm.dll+0x310f86]
V  [jvm.dll+0x3608ee]
V  [jvm.dll+0x360b1f]
V  [jvm.dll+0x2dfbf8]
V  [jvm.dll+0x2ddec4]
V  [jvm.dll+0x2dd4cc]
V  [jvm.dll+0x321f3b]
V  [jvm.dll+0x848ccb]
V  [jvm.dll+0x849a04]
V  [jvm.dll+0x849f1d]
V  [jvm.dll+0x84a2f4]
V  [jvm.dll+0x84a3c0]
V  [jvm.dll+0x7f274a]
V  [jvm.dll+0x682ad5]
C  [ucrtbase.dll+0x29363]
C  [KERNEL32.DLL+0x1257d]
C  [ntdll.dll+0x5aa58]

VM_Operation (0x0000000e1f9fa5c0): G1CollectForAllocation, mode: safepoint, requested by thread 0x000002005e3d8c90


---------------  P R O C E S S  ---------------

Threads class SMR info:
_java_thread_list=0x0000020061a3dd10, length=187, elements={
0x000002003f700870, 0x000002005a43a250, 0x000002005a43ad10, 0x000002005a45f0b0,
0x000002005a45f970, 0x000002005a462240, 0x000002005a464b10, 0x000002005a47f330,
0x000002005a47fc30, 0x000002005a480b40, 0x000002005a609bb0, 0x000002005a626ba0,
0x000002005d0e3d70, 0x000002005cc8d940, 0x000002005bafeb70, 0x000002005ca26030,
0x000002005ca704e0, 0x000002005b9a8890, 0x000002005d5a7040, 0x000002005d0e17e0,
0x000002005ba8e470, 0x000002005c98c830, 0x000002005c98f850, 0x000002005c98e510,
0x000002005c98f380, 0x000002005c98db70, 0x000002005c98fd20, 0x000002005c98e9e0,
0x000002005c98d6a0, 0x000002005c98eeb0, 0x000002005c98e040, 0x000002005c98cd00,
0x000002005c98d1d0, 0x000002005e3df670, 0x000002005e3dcb20, 0x000002005e3d7e20,
0x000002005e3dcff0, 0x000002005e3d9fd0, 0x000002005e3dd990, 0x000002005e3dde60,
0x000002005e3de800, 0x000002005e3dc650, 0x000002005e3decd0, 0x000002005e3df1a0,
0x000002005e3d82f0, 0x000002005e3db310, 0x000002005e3da4a0, 0x000002005e3d9160,
0x000002005e3d8c90, 0x000002005e3da970, 0x000002005e3d87c0, 0x000002005e3db7e0,
0x000002005e3dbcb0, 0x000002005e3dc180, 0x00000200614ac420, 0x00000200614a8f30,
0x00000200614aa740, 0x00000200614ae100, 0x00000200614ab5b0, 0x00000200614aac10,
0x00000200614ae5d0, 0x00000200614aef70, 0x00000200614a8590, 0x00000200614a8a60,
0x00000200614ad760, 0x00000200614a7bf0, 0x00000200614a80c0, 0x00000200614a9400,
0x00000200614ab0e0, 0x00000200614aa270, 0x00000200614aba80, 0x00000200614adc30,
0x00000200614aeaa0, 0x00000200614abf50, 0x00000200614af440, 0x00000200614a98d0,
0x00000200614ac8f0, 0x00000200614a9da0, 0x00000200614acdc0, 0x00000200614ad290,
0x0000020063b27530, 0x0000020063b23b70, 0x0000020063b27a00, 0x0000020063b266c0,
0x0000020063b283a0, 0x0000020063b26b90, 0x0000020063b27ed0, 0x0000020063b2aef0,
0x0000020063b249e0, 0x0000020063b296e0, 0x0000020063b24eb0, 0x0000020063b28d40,
0x0000020063b28870, 0x0000020063b27060, 0x0000020063b2a550, 0x0000020063b29210,
0x0000020063b29bb0, 0x0000020063b2a080, 0x0000020063b2aa20, 0x0000020063b236a0,
0x0000020063b25d20, 0x0000020063b24040, 0x0000020063b24510, 0x0000020063b25380,
0x0000020063b25850, 0x0000020063b261f0, 0x0000020061367f50, 0x00000200613658d0,
0x0000020061364a60, 0x0000020061369760, 0x0000020061368dc0, 0x00000200613688f0,
0x0000020061369290, 0x0000020061365da0, 0x0000020061365400, 0x0000020061361f10,
0x00000200613623e0, 0x0000020061364f30, 0x0000020061366270, 0x0000020061363250,
0x0000020061366740, 0x00000200613640c0, 0x0000020061363720, 0x00000200613628b0,
0x0000020061366c10, 0x0000020061367a80, 0x0000020061368420, 0x00000200613670e0,
0x0000020061363bf0, 0x0000020061362d80, 0x00000200613675b0, 0x0000020061364590,
0x000002005dfa5c40, 0x000002005df9ed90, 0x000002005dfa4900, 0x000002005dfa2280,
0x000002005dfa30f0, 0x000002005dfa3a90, 0x000002005dfa2750, 0x000002005dfa18e0,
0x000002005dfa6110, 0x000002005dfa2c20, 0x000002005dfa35c0, 0x000002005dfa3f60,
0x000002005dfa1db0, 0x000002005dfa00d0, 0x000002005dfa65e0, 0x000002005dfa5770,
0x000002005df9f260, 0x000002005dfa0f40, 0x000002005dfa1410, 0x000002005df9f730,
0x000002005dfa4430, 0x000002005dfa05a0, 0x000002005dfa4dd0, 0x000002005df9fc00,
0x000002005dfa0a70, 0x000002005dfa52a0, 0x000002006105f290, 0x0000020061060aa0,
0x0000020061061440, 0x000002006105d0e0, 0x00000200610605d0, 0x000002006105c270,
0x0000020061062c50, 0x000002006105df50, 0x000002006105da80, 0x000002006105d5b0,
0x0000020061060f70, 0x00000200610635f0, 0x000002005dd3f4f0, 0x000002005dd41860,
0x000002006105cc10, 0x000002006105e8f0, 0x000002006105edc0, 0x0000020060fa3900,
0x0000020060f9d8c0, 0x0000020060fa42a0, 0x0000020060f9ec00, 0x0000020060f9f5a0,
0x0000020060f9fa70, 0x0000020060fa1280, 0x0000020060fa1c20, 0x0000020060f9ff40,
0x0000020060fa1750, 0x0000020060fa3dd0, 0x0000020060fa20f0
}

Java Threads: ( => current thread )
  0x000002003f700870 JavaThread "main" [_thread_blocked, id=20072, stack(0x0000000e1b500000,0x0000000e1b600000)]
  0x000002005a43a250 JavaThread "Reference Handler" daemon [_thread_blocked, id=4064, stack(0x0000000e1bc00000,0x0000000e1bd00000)]
  0x000002005a43ad10 JavaThread "Finalizer" daemon [_thread_blocked, id=14568, stack(0x0000000e1bd00000,0x0000000e1be00000)]
  0x000002005a45f0b0 JavaThread "Signal Dispatcher" daemon [_thread_blocked, id=6788, stack(0x0000000e1be00000,0x0000000e1bf00000)]
  0x000002005a45f970 JavaThread "Attach Listener" daemon [_thread_blocked, id=11620, stack(0x0000000e1bf00000,0x0000000e1c000000)]
  0x000002005a462240 JavaThread "Service Thread" daemon [_thread_blocked, id=2732, stack(0x0000000e1c000000,0x0000000e1c100000)]
  0x000002005a464b10 JavaThread "Monitor Deflation Thread" daemon [_thread_blocked, id=20508, stack(0x0000000e1c100000,0x0000000e1c200000)]
  0x000002005a47f330 JavaThread "C2 CompilerThread0" daemon [_thread_blocked, id=18948, stack(0x0000000e1c200000,0x0000000e1c300000)]
  0x000002005a47fc30 JavaThread "C1 CompilerThread0" daemon [_thread_blocked, id=14784, stack(0x0000000e1c300000,0x0000000e1c400000)]
  0x000002005a480b40 JavaThread "Sweeper thread" daemon [_thread_blocked, id=5460, stack(0x0000000e1c400000,0x0000000e1c500000)]
  0x000002005a609bb0 JavaThread "Common-Cleaner" daemon [_thread_blocked, id=9268, stack(0x0000000e1c500000,0x0000000e1c600000)]
  0x000002005a626ba0 JavaThread "Notification Thread" daemon [_thread_blocked, id=14660, stack(0x0000000e1c600000,0x0000000e1c700000)]
  0x000002005d0e3d70 JavaThread "Daemon health stats" [_thread_blocked, id=3696, stack(0x0000000e1ce00000,0x0000000e1cf00000)]
  0x000002005cc8d940 JavaThread "Incoming local TCP Connector on port 59864" [_thread_in_native, id=3180, stack(0x0000000e1cf00000,0x0000000e1d000000)]
  0x000002005bafeb70 JavaThread "Daemon periodic checks" [_thread_blocked, id=20184, stack(0x0000000e1d000000,0x0000000e1d100000)]
  0x000002005ca26030 JavaThread "Daemon" [_thread_blocked, id=11556, stack(0x0000000e1d100000,0x0000000e1d200000)]
  0x000002005ca704e0 JavaThread "Handler for socket connection from /127.0.0.1:59864 to /127.0.0.1:59865" [_thread_in_native, id=6120, stack(0x0000000e1d200000,0x0000000e1d300000)]
  0x000002005b9a8890 JavaThread "Cancel handler" [_thread_blocked, id=13704, stack(0x0000000e1d300000,0x0000000e1d400000)]
  0x000002005d5a7040 JavaThread "Daemon worker" [_thread_blocked, id=12356, stack(0x0000000e1d400000,0x0000000e1d500000)]
  0x000002005d0e17e0 JavaThread "Asynchronous log dispatcher for DefaultDaemonConnection: socket connection from /127.0.0.1:59864 to /127.0.0.1:59865" [_thread_blocked, id=3488, stack(0x0000000e1d500000,0x0000000e1d600000)]
  0x000002005ba8e470 JavaThread "Stdin handler" [_thread_blocked, id=14592, stack(0x0000000e1d600000,0x0000000e1d700000)]
  0x000002005c98c830 JavaThread "Daemon client event forwarder" [_thread_blocked, id=13116, stack(0x0000000e1d700000,0x0000000e1d800000)]
  0x000002005c98f850 JavaThread "Cache worker for journal cache (C:\Users\muham\.gradle\caches\journal-1)" [_thread_blocked, id=13260, stack(0x0000000e1df00000,0x0000000e1e000000)]
  0x000002005c98e510 JavaThread "File lock request listener" [_thread_in_native, id=5184, stack(0x0000000e1e000000,0x0000000e1e100000)]
  0x000002005c98f380 JavaThread "Cache worker for file hash cache (C:\Users\muham\.gradle\caches\8.0\fileHashes)" [_thread_blocked, id=17124, stack(0x0000000e1e100000,0x0000000e1e200000)]
  0x000002005c98db70 JavaThread "File watcher server" daemon [_thread_blocked, id=15960, stack(0x0000000e1e200000,0x0000000e1e300000)]
  0x000002005c98fd20 JavaThread "File watcher consumer" daemon [_thread_blocked, id=9180, stack(0x0000000e1e300000,0x0000000e1e400000)]
  0x000002005c98e9e0 JavaThread "Cache worker for checksums cache (C:\Users\muham\AndroidStudioProjects\matemetikdusleri\.gradle\8.0\checksums)" [_thread_blocked, id=17284, stack(0x0000000e1e400000,0x0000000e1e500000)]
  0x000002005c98d6a0 JavaThread "Cache worker for cache directory md-rule (C:\Users\muham\.gradle\caches\8.0\md-rule)" [_thread_blocked, id=6640, stack(0x0000000e1e500000,0x0000000e1e600000)]
  0x000002005c98eeb0 JavaThread "Cache worker for file content cache (C:\Users\muham\.gradle\caches\8.0\fileContent)" [_thread_blocked, id=7704, stack(0x0000000e1e600000,0x0000000e1e700000)]
  0x000002005c98e040 JavaThread "Cache worker for file hash cache (C:\Users\muham\AndroidStudioProjects\matemetikdusleri\.gradle\8.0\fileHashes)" [_thread_blocked, id=14460, stack(0x0000000e1e700000,0x0000000e1e800000)]
  0x000002005c98cd00 JavaThread "Cache worker for cache directory md-supplier (C:\Users\muham\.gradle\caches\8.0\md-supplier)" [_thread_blocked, id=4976, stack(0x0000000e1e800000,0x0000000e1e900000)]
  0x000002005c98d1d0 JavaThread "Cache worker for execution history cache (C:\Users\muham\.gradle\caches\8.0\executionHistory)" [_thread_blocked, id=19312, stack(0x0000000e1e900000,0x0000000e1ea00000)]
  0x000002005e3df670 JavaThread "jar transforms" [_thread_blocked, id=20464, stack(0x0000000e1ea00000,0x0000000e1eb00000)]
  0x000002005e3dcb20 JavaThread "jar transforms Thread 2" [_thread_blocked, id=15736, stack(0x0000000e1eb00000,0x0000000e1ec00000)]
  0x000002005e3d7e20 JavaThread "Cache worker for kotlin-dsl (C:\Users\muham\.gradle\caches\8.0\kotlin-dsl)" [_thread_blocked, id=20236, stack(0x0000000e1ec00000,0x0000000e1ed00000)]
  0x000002005e3dcff0 JavaThread "jar transforms Thread 3" [_thread_blocked, id=16552, stack(0x0000000e1ed00000,0x0000000e1ee00000)]
  0x000002005e3d9fd0 JavaThread "jar transforms Thread 4" [_thread_blocked, id=18648, stack(0x0000000e1ee00000,0x0000000e1ef00000)]
  0x000002005e3dd990 JavaThread "Cache worker for dependencies-accessors (C:\Users\muham\AndroidStudioProjects\matemetikdusleri\.gradle\8.0\dependencies-accessors)" [_thread_blocked, id=17860, stack(0x0000000e1ef00000,0x0000000e1f000000)]
  0x000002005e3dde60 JavaThread "Cache worker for Build Output Cleanup Cache (C:\Users\muham\AndroidStudioProjects\matemetikdusleri\.gradle\buildOutputCleanup)" [_thread_blocked, id=11764, stack(0x0000000e1f000000,0x0000000e1f100000)]
  0x000002005e3de800 JavaThread "jar transforms Thread 5" [_thread_blocked, id=11832, stack(0x0000000e1f100000,0x0000000e1f200000)]
  0x000002005e3dc650 JavaThread "Unconstrained build operations" [_thread_blocked, id=1844, stack(0x0000000e1f200000,0x0000000e1f300000)]
  0x000002005e3decd0 JavaThread "Unconstrained build operations Thread 2" [_thread_blocked, id=7140, stack(0x0000000e1f300000,0x0000000e1f400000)]
  0x000002005e3df1a0 JavaThread "Unconstrained build operations Thread 3" [_thread_blocked, id=11132, stack(0x0000000e1f400000,0x0000000e1f500000)]
  0x000002005e3d82f0 JavaThread "Unconstrained build operations Thread 4" [_thread_blocked, id=11392, stack(0x0000000e1f500000,0x0000000e1f600000)]
  0x000002005e3db310 JavaThread "Unconstrained build operations Thread 5" [_thread_blocked, id=10340, stack(0x0000000e1f600000,0x0000000e1f700000)]
  0x000002005e3da4a0 JavaThread "Unconstrained build operations Thread 6" [_thread_blocked, id=8768, stack(0x0000000e1f700000,0x0000000e1f800000)]
  0x000002005e3d9160 JavaThread "Unconstrained build operations Thread 7" [_thread_blocked, id=2684, stack(0x0000000e1f800000,0x0000000e1f900000)]
  0x000002005e3d8c90 JavaThread "Unconstrained build operations Thread 8" [_thread_blocked, id=19508, stack(0x0000000e1f900000,0x0000000e1fa00000)]
  0x000002005e3da970 JavaThread "Unconstrained build operations Thread 9" [_thread_blocked, id=10276, stack(0x0000000e1fa00000,0x0000000e1fb00000)]
  0x000002005e3d87c0 JavaThread "Unconstrained build operations Thread 10" [_thread_blocked, id=8892, stack(0x0000000e1fb00000,0x0000000e1fc00000)]
  0x000002005e3db7e0 JavaThread "Unconstrained build operations Thread 11" [_thread_blocked, id=20696, stack(0x0000000e1fc00000,0x0000000e1fd00000)]
  0x000002005e3dbcb0 JavaThread "Unconstrained build operations Thread 12" [_thread_blocked, id=9176, stack(0x0000000e1fd00000,0x0000000e1fe00000)]
  0x000002005e3dc180 JavaThread "Unconstrained build operations Thread 13" [_thread_blocked, id=10492, stack(0x0000000e1fe00000,0x0000000e1ff00000)]
  0x00000200614ac420 JavaThread "Unconstrained build operations Thread 14" [_thread_blocked, id=14640, stack(0x0000000e1ff00000,0x0000000e20000000)]
  0x00000200614a8f30 JavaThread "Unconstrained build operations Thread 15" [_thread_blocked, id=12384, stack(0x0000000e20000000,0x0000000e20100000)]
  0x00000200614aa740 JavaThread "Unconstrained build operations Thread 16" [_thread_blocked, id=19256, stack(0x0000000e20100000,0x0000000e20200000)]
  0x00000200614ae100 JavaThread "Unconstrained build operations Thread 17" [_thread_blocked, id=13792, stack(0x0000000e20200000,0x0000000e20300000)]
  0x00000200614ab5b0 JavaThread "Unconstrained build operations Thread 18" [_thread_blocked, id=20980, stack(0x0000000e20300000,0x0000000e20400000)]
  0x00000200614aac10 JavaThread "Unconstrained build operations Thread 19" [_thread_blocked, id=18256, stack(0x0000000e20400000,0x0000000e20500000)]
  0x00000200614ae5d0 JavaThread "Unconstrained build operations Thread 20" [_thread_blocked, id=316, stack(0x0000000e20500000,0x0000000e20600000)]
  0x00000200614aef70 JavaThread "Unconstrained build operations Thread 21" [_thread_blocked, id=7820, stack(0x0000000e20600000,0x0000000e20700000)]
  0x00000200614a8590 JavaThread "Unconstrained build operations Thread 22" [_thread_blocked, id=2116, stack(0x0000000e20700000,0x0000000e20800000)]
  0x00000200614a8a60 JavaThread "Unconstrained build operations Thread 23" [_thread_blocked, id=20720, stack(0x0000000e20800000,0x0000000e20900000)]
  0x00000200614ad760 JavaThread "Unconstrained build operations Thread 24" [_thread_blocked, id=17972, stack(0x0000000e20900000,0x0000000e20a00000)]
  0x00000200614a7bf0 JavaThread "Unconstrained build operations Thread 25" [_thread_blocked, id=5840, stack(0x0000000e20a00000,0x0000000e20b00000)]
  0x00000200614a80c0 JavaThread "Unconstrained build operations Thread 26" [_thread_blocked, id=2204, stack(0x0000000e20b00000,0x0000000e20c00000)]
  0x00000200614a9400 JavaThread "Unconstrained build operations Thread 27" [_thread_blocked, id=17076, stack(0x0000000e20c00000,0x0000000e20d00000)]
  0x00000200614ab0e0 JavaThread "Unconstrained build operations Thread 28" [_thread_blocked, id=7204, stack(0x0000000e20d00000,0x0000000e20e00000)]
  0x00000200614aa270 JavaThread "Unconstrained build operations Thread 29" [_thread_blocked, id=17916, stack(0x0000000e20e00000,0x0000000e20f00000)]
  0x00000200614aba80 JavaThread "Unconstrained build operations Thread 30" [_thread_blocked, id=4608, stack(0x0000000e20f00000,0x0000000e21000000)]
  0x00000200614adc30 JavaThread "Unconstrained build operations Thread 31" [_thread_blocked, id=13680, stack(0x0000000e21000000,0x0000000e21100000)]
  0x00000200614aeaa0 JavaThread "Unconstrained build operations Thread 32" [_thread_blocked, id=10344, stack(0x0000000e21100000,0x0000000e21200000)]
  0x00000200614abf50 JavaThread "Unconstrained build operations Thread 33" [_thread_blocked, id=8032, stack(0x0000000e21200000,0x0000000e21300000)]
  0x00000200614af440 JavaThread "Unconstrained build operations Thread 34" [_thread_blocked, id=17568, stack(0x0000000e21300000,0x0000000e21400000)]
  0x00000200614a98d0 JavaThread "Unconstrained build operations Thread 35" [_thread_blocked, id=19860, stack(0x0000000e21400000,0x0000000e21500000)]
  0x00000200614ac8f0 JavaThread "Unconstrained build operations Thread 36" [_thread_blocked, id=16108, stack(0x0000000e21500000,0x0000000e21600000)]
  0x00000200614a9da0 JavaThread "Unconstrained build operations Thread 37" [_thread_blocked, id=5136, stack(0x0000000e21600000,0x0000000e21700000)]
  0x00000200614acdc0 JavaThread "Unconstrained build operations Thread 38" [_thread_blocked, id=5324, stack(0x0000000e21700000,0x0000000e21800000)]
  0x00000200614ad290 JavaThread "Unconstrained build operations Thread 39" [_thread_blocked, id=5616, stack(0x0000000e21800000,0x0000000e21900000)]
  0x0000020063b27530 JavaThread "Unconstrained build operations Thread 40" [_thread_blocked, id=7584, stack(0x0000000e21900000,0x0000000e21a00000)]
  0x0000020063b23b70 JavaThread "Unconstrained build operations Thread 41" [_thread_blocked, id=18768, stack(0x0000000e21a00000,0x0000000e21b00000)]
  0x0000020063b27a00 JavaThread "Unconstrained build operations Thread 42" [_thread_blocked, id=12608, stack(0x0000000e21b00000,0x0000000e21c00000)]
  0x0000020063b266c0 JavaThread "Unconstrained build operations Thread 43" [_thread_blocked, id=13592, stack(0x0000000e21c00000,0x0000000e21d00000)]
  0x0000020063b283a0 JavaThread "Unconstrained build operations Thread 44" [_thread_blocked, id=15996, stack(0x0000000e21d00000,0x0000000e21e00000)]
  0x0000020063b26b90 JavaThread "Unconstrained build operations Thread 45" [_thread_blocked, id=3604, stack(0x0000000e21e00000,0x0000000e21f00000)]
  0x0000020063b27ed0 JavaThread "Unconstrained build operations Thread 46" [_thread_blocked, id=18260, stack(0x0000000e21f00000,0x0000000e22000000)]
  0x0000020063b2aef0 JavaThread "Unconstrained build operations Thread 47" [_thread_blocked, id=2476, stack(0x0000000e22000000,0x0000000e22100000)]
  0x0000020063b249e0 JavaThread "Unconstrained build operations Thread 48" [_thread_blocked, id=18920, stack(0x0000000e22100000,0x0000000e22200000)]
  0x0000020063b296e0 JavaThread "Unconstrained build operations Thread 49" [_thread_blocked, id=12868, stack(0x0000000e22200000,0x0000000e22300000)]
  0x0000020063b24eb0 JavaThread "Unconstrained build operations Thread 50" [_thread_blocked, id=18488, stack(0x0000000e22300000,0x0000000e22400000)]
  0x0000020063b28d40 JavaThread "Unconstrained build operations Thread 51" [_thread_blocked, id=6384, stack(0x0000000e22400000,0x0000000e22500000)]
  0x0000020063b28870 JavaThread "Unconstrained build operations Thread 52" [_thread_blocked, id=14944, stack(0x0000000e22500000,0x0000000e22600000)]
  0x0000020063b27060 JavaThread "Unconstrained build operations Thread 53" [_thread_blocked, id=5428, stack(0x0000000e22600000,0x0000000e22700000)]
  0x0000020063b2a550 JavaThread "Unconstrained build operations Thread 54" [_thread_blocked, id=19100, stack(0x0000000e22700000,0x0000000e22800000)]
  0x0000020063b29210 JavaThread "Unconstrained build operations Thread 55" [_thread_blocked, id=10232, stack(0x0000000e22800000,0x0000000e22900000)]
  0x0000020063b29bb0 JavaThread "Unconstrained build operations Thread 56" [_thread_blocked, id=21468, stack(0x0000000e22900000,0x0000000e22a00000)]
  0x0000020063b2a080 JavaThread "Unconstrained build operations Thread 57" [_thread_blocked, id=14144, stack(0x0000000e22a00000,0x0000000e22b00000)]
  0x0000020063b2aa20 JavaThread "Unconstrained build operations Thread 58" [_thread_blocked, id=1684, stack(0x0000000e22b00000,0x0000000e22c00000)]
  0x0000020063b236a0 JavaThread "Unconstrained build operations Thread 59" [_thread_blocked, id=17168, stack(0x0000000e22c00000,0x0000000e22d00000)]
  0x0000020063b25d20 JavaThread "Unconstrained build operations Thread 60" [_thread_blocked, id=9904, stack(0x0000000e22d00000,0x0000000e22e00000)]
  0x0000020063b24040 JavaThread "Unconstrained build operations Thread 61" [_thread_blocked, id=12476, stack(0x0000000e22e00000,0x0000000e22f00000)]
  0x0000020063b24510 JavaThread "Unconstrained build operations Thread 62" [_thread_blocked, id=15140, stack(0x0000000e22f00000,0x0000000e23000000)]
  0x0000020063b25380 JavaThread "Unconstrained build operations Thread 63" [_thread_blocked, id=15632, stack(0x0000000e23000000,0x0000000e23100000)]
  0x0000020063b25850 JavaThread "Unconstrained build operations Thread 64" [_thread_blocked, id=16160, stack(0x0000000e23100000,0x0000000e23200000)]
  0x0000020063b261f0 JavaThread "Unconstrained build operations Thread 65" [_thread_blocked, id=12848, stack(0x0000000e23200000,0x0000000e23300000)]
  0x0000020061367f50 JavaThread "Unconstrained build operations Thread 66" [_thread_blocked, id=13972, stack(0x0000000e23300000,0x0000000e23400000)]
  0x00000200613658d0 JavaThread "Unconstrained build operations Thread 67" [_thread_blocked, id=8608, stack(0x0000000e23400000,0x0000000e23500000)]
  0x0000020061364a60 JavaThread "Unconstrained build operations Thread 68" [_thread_blocked, id=13612, stack(0x0000000e23500000,0x0000000e23600000)]
  0x0000020061369760 JavaThread "Unconstrained build operations Thread 69" [_thread_blocked, id=4844, stack(0x0000000e23600000,0x0000000e23700000)]
  0x0000020061368dc0 JavaThread "Unconstrained build operations Thread 70" [_thread_blocked, id=17484, stack(0x0000000e23700000,0x0000000e23800000)]
  0x00000200613688f0 JavaThread "Unconstrained build operations Thread 71" [_thread_blocked, id=15380, stack(0x0000000e23800000,0x0000000e23900000)]
  0x0000020061369290 JavaThread "Unconstrained build operations Thread 72" [_thread_blocked, id=11740, stack(0x0000000e23900000,0x0000000e23a00000)]
  0x0000020061365da0 JavaThread "Unconstrained build operations Thread 73" [_thread_blocked, id=13804, stack(0x0000000e23a00000,0x0000000e23b00000)]
  0x0000020061365400 JavaThread "Unconstrained build operations Thread 74" [_thread_blocked, id=14476, stack(0x0000000e23b00000,0x0000000e23c00000)]
  0x0000020061361f10 JavaThread "Unconstrained build operations Thread 75" [_thread_blocked, id=1804, stack(0x0000000e23c00000,0x0000000e23d00000)]
  0x00000200613623e0 JavaThread "Unconstrained build operations Thread 76" [_thread_blocked, id=12416, stack(0x0000000e23d00000,0x0000000e23e00000)]
  0x0000020061364f30 JavaThread "Unconstrained build operations Thread 77" [_thread_blocked, id=11948, stack(0x0000000e23e00000,0x0000000e23f00000)]
  0x0000020061366270 JavaThread "Unconstrained build operations Thread 78" [_thread_blocked, id=15584, stack(0x0000000e23f00000,0x0000000e24000000)]
  0x0000020061363250 JavaThread "Unconstrained build operations Thread 79" [_thread_blocked, id=6068, stack(0x0000000e24000000,0x0000000e24100000)]
  0x0000020061366740 JavaThread "Unconstrained build operations Thread 80" [_thread_blocked, id=15044, stack(0x0000000e24100000,0x0000000e24200000)]
  0x00000200613640c0 JavaThread "Unconstrained build operations Thread 81" [_thread_blocked, id=15644, stack(0x0000000e24200000,0x0000000e24300000)]
  0x0000020061363720 JavaThread "Unconstrained build operations Thread 82" [_thread_blocked, id=7480, stack(0x0000000e24300000,0x0000000e24400000)]
  0x00000200613628b0 JavaThread "Unconstrained build operations Thread 83" [_thread_blocked, id=8600, stack(0x0000000e24400000,0x0000000e24500000)]
  0x0000020061366c10 JavaThread "Unconstrained build operations Thread 84" [_thread_blocked, id=2504, stack(0x0000000e24500000,0x0000000e24600000)]
  0x0000020061367a80 JavaThread "Unconstrained build operations Thread 85" [_thread_blocked, id=8388, stack(0x0000000e24600000,0x0000000e24700000)]
  0x0000020061368420 JavaThread "Unconstrained build operations Thread 86" [_thread_blocked, id=5484, stack(0x0000000e24700000,0x0000000e24800000)]
  0x00000200613670e0 JavaThread "Unconstrained build operations Thread 87" [_thread_blocked, id=3252, stack(0x0000000e24800000,0x0000000e24900000)]
  0x0000020061363bf0 JavaThread "Unconstrained build operations Thread 88" [_thread_blocked, id=7948, stack(0x0000000e24900000,0x0000000e24a00000)]
  0x0000020061362d80 JavaThread "Unconstrained build operations Thread 89" [_thread_blocked, id=1972, stack(0x0000000e24a00000,0x0000000e24b00000)]
  0x00000200613675b0 JavaThread "Unconstrained build operations Thread 90" [_thread_blocked, id=3736, stack(0x0000000e24b00000,0x0000000e24c00000)]
  0x0000020061364590 JavaThread "Unconstrained build operations Thread 91" [_thread_blocked, id=8404, stack(0x0000000e24c00000,0x0000000e24d00000)]
  0x000002005dfa5c40 JavaThread "Unconstrained build operations Thread 92" [_thread_blocked, id=7860, stack(0x0000000e24d00000,0x0000000e24e00000)]
  0x000002005df9ed90 JavaThread "Unconstrained build operations Thread 93" [_thread_blocked, id=11604, stack(0x0000000e24e00000,0x0000000e24f00000)]
  0x000002005dfa4900 JavaThread "Unconstrained build operations Thread 94" [_thread_blocked, id=6452, stack(0x0000000e24f00000,0x0000000e25000000)]
  0x000002005dfa2280 JavaThread "Unconstrained build operations Thread 95" [_thread_blocked, id=11728, stack(0x0000000e25000000,0x0000000e25100000)]
  0x000002005dfa30f0 JavaThread "Unconstrained build operations Thread 96" [_thread_blocked, id=1504, stack(0x0000000e25100000,0x0000000e25200000)]
  0x000002005dfa3a90 JavaThread "Unconstrained build operations Thread 97" [_thread_blocked, id=2752, stack(0x0000000e25200000,0x0000000e25300000)]
  0x000002005dfa2750 JavaThread "Unconstrained build operations Thread 98" [_thread_blocked, id=15772, stack(0x0000000e25300000,0x0000000e25400000)]
  0x000002005dfa18e0 JavaThread "Unconstrained build operations Thread 99" [_thread_blocked, id=17684, stack(0x0000000e25400000,0x0000000e25500000)]
  0x000002005dfa6110 JavaThread "Unconstrained build operations Thread 100" [_thread_blocked, id=21072, stack(0x0000000e25500000,0x0000000e25600000)]
  0x000002005dfa2c20 JavaThread "Unconstrained build operations Thread 101" [_thread_blocked, id=19284, stack(0x0000000e25600000,0x0000000e25700000)]
  0x000002005dfa35c0 JavaThread "Unconstrained build operations Thread 102" [_thread_blocked, id=3272, stack(0x0000000e25700000,0x0000000e25800000)]
  0x000002005dfa3f60 JavaThread "Unconstrained build operations Thread 103" [_thread_blocked, id=19744, stack(0x0000000e25800000,0x0000000e25900000)]
  0x000002005dfa1db0 JavaThread "Unconstrained build operations Thread 104" [_thread_blocked, id=4184, stack(0x0000000e25900000,0x0000000e25a00000)]
  0x000002005dfa00d0 JavaThread "Unconstrained build operations Thread 105" [_thread_blocked, id=6600, stack(0x0000000e25a00000,0x0000000e25b00000)]
  0x000002005dfa65e0 JavaThread "Unconstrained build operations Thread 106" [_thread_blocked, id=19804, stack(0x0000000e25b00000,0x0000000e25c00000)]
  0x000002005dfa5770 JavaThread "Unconstrained build operations Thread 107" [_thread_blocked, id=15868, stack(0x0000000e25c00000,0x0000000e25d00000)]
  0x000002005df9f260 JavaThread "Unconstrained build operations Thread 108" [_thread_blocked, id=6880, stack(0x0000000e25d00000,0x0000000e25e00000)]
  0x000002005dfa0f40 JavaThread "Unconstrained build operations Thread 109" [_thread_blocked, id=3240, stack(0x0000000e25e00000,0x0000000e25f00000)]
  0x000002005dfa1410 JavaThread "Unconstrained build operations Thread 110" [_thread_blocked, id=4088, stack(0x0000000e25f00000,0x0000000e26000000)]
  0x000002005df9f730 JavaThread "Unconstrained build operations Thread 111" [_thread_blocked, id=4884, stack(0x0000000e26000000,0x0000000e26100000)]
  0x000002005dfa4430 JavaThread "Unconstrained build operations Thread 112" [_thread_blocked, id=7928, stack(0x0000000e26100000,0x0000000e26200000)]
  0x000002005dfa05a0 JavaThread "Unconstrained build operations Thread 113" [_thread_blocked, id=19624, stack(0x0000000e26200000,0x0000000e26300000)]
  0x000002005dfa4dd0 JavaThread "Unconstrained build operations Thread 114" [_thread_blocked, id=8616, stack(0x0000000e26300000,0x0000000e26400000)]
  0x000002005df9fc00 JavaThread "Unconstrained build operations Thread 115" [_thread_blocked, id=2956, stack(0x0000000e26400000,0x0000000e26500000)]
  0x000002005dfa0a70 JavaThread "Unconstrained build operations Thread 116" [_thread_blocked, id=21440, stack(0x0000000e26500000,0x0000000e26600000)]
  0x000002005dfa52a0 JavaThread "Unconstrained build operations Thread 117" [_thread_blocked, id=15408, stack(0x0000000e26600000,0x0000000e26700000)]
  0x000002006105f290 JavaThread "Unconstrained build operations Thread 118" [_thread_blocked, id=3244, stack(0x0000000e26700000,0x0000000e26800000)]
  0x0000020061060aa0 JavaThread "Unconstrained build operations Thread 119" [_thread_blocked, id=4268, stack(0x0000000e26800000,0x0000000e26900000)]
  0x0000020061061440 JavaThread "Unconstrained build operations Thread 120" [_thread_blocked, id=3892, stack(0x0000000e26900000,0x0000000e26a00000)]
  0x000002006105d0e0 JavaThread "jar transforms Thread 6" [_thread_blocked, id=11920, stack(0x0000000e26a00000,0x0000000e26b00000)]
  0x00000200610605d0 JavaThread "jar transforms Thread 7" [_thread_blocked, id=1452, stack(0x0000000e26b00000,0x0000000e26c00000)]
  0x000002006105c270 JavaThread "jar transforms Thread 8" [_thread_blocked, id=17324, stack(0x0000000e26c00000,0x0000000e26d00000)]
  0x0000020061062c50 JavaThread "jar transforms Thread 9" [_thread_blocked, id=15500, stack(0x0000000e26d00000,0x0000000e26e00000)]
  0x000002006105df50 JavaThread "jar transforms Thread 10" [_thread_blocked, id=13336, stack(0x0000000e26e00000,0x0000000e26f00000)]
  0x000002006105da80 JavaThread "jar transforms Thread 11" [_thread_blocked, id=10784, stack(0x0000000e26f00000,0x0000000e27000000)]
  0x000002006105d5b0 JavaThread "jar transforms Thread 12" [_thread_blocked, id=20156, stack(0x0000000e27000000,0x0000000e27100000)]
  0x0000020061060f70 JavaThread "build event listener" [_thread_blocked, id=11224, stack(0x0000000e27100000,0x0000000e27200000)]
  0x00000200610635f0 JavaThread "Memory manager" [_thread_blocked, id=13836, stack(0x0000000e27200000,0x0000000e27300000)]
  0x000002005dd3f4f0 JavaThread "C2 CompilerThread1" daemon [_thread_blocked, id=16308, stack(0x0000000e1c800000,0x0000000e1c900000)]
  0x000002005dd41860 JavaThread "C2 CompilerThread2" daemon [_thread_blocked, id=19584, stack(0x0000000e1c900000,0x0000000e1ca00000)]
  0x000002006105cc10 JavaThread "pool-3-thread-1" [_thread_blocked, id=1424, stack(0x0000000e27400000,0x0000000e27500000)]
  0x000002006105e8f0 JavaThread "build event listener" [_thread_blocked, id=2344, stack(0x0000000e27500000,0x0000000e27600000)]
  0x000002006105edc0 JavaThread "included builds" [_thread_blocked, id=16860, stack(0x0000000e27600000,0x0000000e27700000)]
  0x0000020060fa3900 JavaThread "Execution worker" [_thread_blocked, id=12024, stack(0x0000000e27700000,0x0000000e27800000)]
  0x0000020060f9d8c0 JavaThread "Execution worker Thread 2" [_thread_blocked, id=21236, stack(0x0000000e27800000,0x0000000e27900000)]
  0x0000020060fa42a0 JavaThread "Execution worker Thread 3" [_thread_blocked, id=10284, stack(0x0000000e27900000,0x0000000e27a00000)]
  0x0000020060f9ec00 JavaThread "Execution worker Thread 4" [_thread_blocked, id=17620, stack(0x0000000e27a00000,0x0000000e27b00000)]
  0x0000020060f9f5a0 JavaThread "Execution worker Thread 5" [_thread_blocked, id=5928, stack(0x0000000e27b00000,0x0000000e27c00000)]
  0x0000020060f9fa70 JavaThread "Execution worker Thread 6" [_thread_blocked, id=14196, stack(0x0000000e27c00000,0x0000000e27d00000)]
  0x0000020060fa1280 JavaThread "Execution worker Thread 7" [_thread_blocked, id=11456, stack(0x0000000e27d00000,0x0000000e27e00000)]
  0x0000020060fa1c20 JavaThread "Execution worker Thread 8" [_thread_blocked, id=16232, stack(0x0000000e27e00000,0x0000000e27f00000)]
  0x0000020060f9ff40 JavaThread "Execution worker Thread 9" [_thread_blocked, id=18320, stack(0x0000000e27f00000,0x0000000e28000000)]
  0x0000020060fa1750 JavaThread "Execution worker Thread 10" [_thread_blocked, id=11016, stack(0x0000000e28000000,0x0000000e28100000)]
  0x0000020060fa3dd0 JavaThread "Execution worker Thread 11" [_thread_blocked, id=20368, stack(0x0000000e28100000,0x0000000e28200000)]
  0x0000020060fa20f0 JavaThread "Cache worker for execution history cache (C:\Users\muham\AndroidStudioProjects\matemetikdusleri\.gradle\8.0\executionHistory)" [_thread_blocked, id=1600, stack(0x0000000e28200000,0x0000000e28300000)]

Other Threads:
=>0x000002005a4179f0 VMThread "VM Thread" [stack: 0x0000000e1bb00000,0x0000000e1bc00000] [id=8116]
  0x000002005a629490 WatcherThread [stack: 0x0000000e1c700000,0x0000000e1c800000] [id=17296]
  0x000002003f75bec0 GCTaskThread "GC Thread#0" [stack: 0x0000000e1b600000,0x0000000e1b700000] [id=12280]
  0x000002005b304580 GCTaskThread "GC Thread#1" [stack: 0x0000000e1ca00000,0x0000000e1cb00000] [id=8928]
  0x000002005b304830 GCTaskThread "GC Thread#2" [stack: 0x0000000e1cb00000,0x0000000e1cc00000] [id=5332]
  0x000002005b3036d0 GCTaskThread "GC Thread#3" [stack: 0x0000000e1cc00000,0x0000000e1cd00000] [id=1348]
  0x000002005a6cc380 GCTaskThread "GC Thread#4" [stack: 0x0000000e1cd00000,0x0000000e1ce00000] [id=17504]
  0x000002005b896190 GCTaskThread "GC Thread#5" [stack: 0x0000000e1d800000,0x0000000e1d900000] [id=19268]
  0x000002005d3a8f20 GCTaskThread "GC Thread#6" [stack: 0x0000000e1d900000,0x0000000e1da00000] [id=6072]
  0x000002005b2fd050 GCTaskThread "GC Thread#7" [stack: 0x0000000e1da00000,0x0000000e1db00000] [id=16620]
  0x000002005b2fd300 GCTaskThread "GC Thread#8" [stack: 0x0000000e1db00000,0x0000000e1dc00000] [id=9004]
  0x000002005b2fd5b0 GCTaskThread "GC Thread#9" [stack: 0x0000000e1dc00000,0x0000000e1dd00000] [id=15952]
  0x000002003f76cd10 ConcurrentGCThread "G1 Main Marker" [stack: 0x0000000e1b700000,0x0000000e1b800000] [id=18640]
  0x000002003f76d630 ConcurrentGCThread "G1 Conc#0" [stack: 0x0000000e1b800000,0x0000000e1b900000] [id=14056]
  0x000002005d2c7e70 ConcurrentGCThread "G1 Conc#1" [stack: 0x0000000e1dd00000,0x0000000e1de00000] [id=20132]
  0x000002005d2c8930 ConcurrentGCThread "G1 Conc#2" [stack: 0x0000000e1de00000,0x0000000e1df00000] [id=19680]
  0x000002003f7b2a90 ConcurrentGCThread "G1 Refine#0" [stack: 0x0000000e1b900000,0x0000000e1ba00000] [id=2208]
  0x0000020063f308c0 ConcurrentGCThread "G1 Refine#1" [stack: 0x0000000e27300000,0x0000000e27400000] [id=2472]
  0x00000200591d6340 ConcurrentGCThread "G1 Service" [stack: 0x0000000e1ba00000,0x0000000e1bb00000] [id=11984]

Threads with active compile tasks:
C2 CompilerThread0     6790 9900       4       org.gradle.api.internal.cache.StringInterner::intern (9 bytes)
C1 CompilerThread0     6790 10089   !   3       org.gradle.internal.resources.AbstractTrackedResourceLock::unlock (78 bytes)
C2 CompilerThread1     6790 10021       4       org.gradle.cache.internal.btree.CachingBlockStore::read (56 bytes)
C2 CompilerThread2     6790 9890       4       com.google.common.collect.Interners$InternerImpl::intern (54 bytes)

VM state: at safepoint (normal execution)

VM Mutex/Monitor currently owned by a thread:  ([mutex/lock_event])
[0x000002003f6fbbc0] Threads_lock - owner thread: 0x000002005a4179f0
[0x000002003f6fc8b0] Heap_lock - owner thread: 0x000002005e3d8c90

Heap address: 0x0000000080000000, size: 2048 MB, Compressed Oops mode: 32-bit

CDS archive(s) not mapped
Compressed class space mapped at: 0x0000000100000000-0x0000000140000000, reserved size: 1073741824
Narrow klass base: 0x0000000000000000, Narrow klass shift: 3, Narrow klass range: 0x140000000

GC Precious Log:
 CPUs: 12 total, 12 available
 Memory: 7962M
 Large Page Support: Disabled
 NUMA Support: Disabled
 Compressed Oops: Enabled (32-bit)
 Heap Region Size: 1M
 Heap Min Capacity: 8M
 Heap Initial Capacity: 126M
 Heap Max Capacity: 2G
 Pre-touch: Disabled
 Parallel Workers: 10
 Concurrent Workers: 3
 Concurrent Refinement Workers: 10
 Periodic GC: Disabled

Heap:
 garbage-first heap   total 163840K, used 84643K [0x0000000080000000, 0x0000000100000000)
  region size 1024K, 6 young (6144K), 6 survivors (6144K)
 Metaspace       used 93414K, committed 94144K, reserved 1130496K
  class space    used 12711K, committed 13056K, reserved 1048576K

Heap Regions: E=young(eden), S=young(survivor), O=old, HS=humongous(starts), HC=humongous(continues), CS=collection set, F=free, OA=open archive, CA=closed archive, TAMS=top-at-mark-start (previous, next)
|   0|0x0000000080000000, 0x0000000080100000, 0x0000000080100000|100%|HS|  |TAMS 0x0000000080100000, 0x0000000080000000| Complete 
|   1|0x0000000080100000, 0x0000000080200000, 0x0000000080200000|100%|HC|  |TAMS 0x0000000080200000, 0x0000000080100000| Complete 
|   2|0x0000000080200000, 0x0000000080300000, 0x0000000080300000|100%|HC|  |TAMS 0x0000000080300000, 0x0000000080200000| Complete 
|   3|0x0000000080300000, 0x0000000080400000, 0x0000000080400000|100%|HC|  |TAMS 0x0000000080400000, 0x0000000080300000| Complete 
|   4|0x0000000080400000, 0x0000000080500000, 0x0000000080500000|100%| O|  |TAMS 0x0000000080500000, 0x0000000080400000| Untracked 
|   5|0x0000000080500000, 0x0000000080600000, 0x0000000080600000|100%| O|  |TAMS 0x0000000080600000, 0x0000000080500000| Untracked 
|   6|0x0000000080600000, 0x0000000080700000, 0x0000000080700000|100%| O|  |TAMS 0x0000000080700000, 0x0000000080600000| Untracked 
|   7|0x0000000080700000, 0x0000000080800000, 0x0000000080800000|100%| O|  |TAMS 0x0000000080800000, 0x0000000080700000| Untracked 
|   8|0x0000000080800000, 0x0000000080900000, 0x0000000080900000|100%| O|  |TAMS 0x0000000080900000, 0x0000000080800000| Untracked 
|   9|0x0000000080900000, 0x0000000080a00000, 0x0000000080a00000|100%| O|  |TAMS 0x0000000080a00000, 0x0000000080900000| Untracked 
|  10|0x0000000080a00000, 0x0000000080b00000, 0x0000000080b00000|100%| O|  |TAMS 0x0000000080b00000, 0x0000000080a00000| Untracked 
|  11|0x0000000080b00000, 0x0000000080bdc800, 0x0000000080c00000| 86%| O|  |TAMS 0x0000000080bdc800, 0x0000000080b00000| Untracked 
|  12|0x0000000080c00000, 0x0000000080d00000, 0x0000000080d00000|100%| O|  |TAMS 0x0000000080d00000, 0x0000000080c00000| Untracked 
|  13|0x0000000080d00000, 0x0000000080e00000, 0x0000000080e00000|100%| O|  |TAMS 0x0000000080e00000, 0x0000000080d00000| Untracked 
|  14|0x0000000080e00000, 0x0000000080f00000, 0x0000000080f00000|100%| O|  |TAMS 0x0000000080f00000, 0x0000000080e00000| Untracked 
|  15|0x0000000080f00000, 0x0000000081000000, 0x0000000081000000|100%| O|  |TAMS 0x0000000081000000, 0x0000000080f00000| Untracked 
|  16|0x0000000081000000, 0x0000000081100000, 0x0000000081100000|100%| O|  |TAMS 0x0000000081100000, 0x0000000081000000| Untracked 
|  17|0x0000000081100000, 0x0000000081200000, 0x0000000081200000|100%| O|  |TAMS 0x0000000081200000, 0x0000000081100000| Untracked 
|  18|0x0000000081200000, 0x0000000081300000, 0x0000000081300000|100%| O|  |TAMS 0x0000000081300000, 0x0000000081200000| Untracked 
|  19|0x0000000081300000, 0x0000000081400000, 0x0000000081400000|100%| O|  |TAMS 0x0000000081400000, 0x0000000081300000| Untracked 
|  20|0x0000000081400000, 0x0000000081500000, 0x0000000081500000|100%| O|  |TAMS 0x0000000081500000, 0x0000000081400000| Untracked 
|  21|0x0000000081500000, 0x00000000815d6c00, 0x0000000081600000| 83%| O|  |TAMS 0x00000000815d6c00, 0x0000000081500000| Untracked 
|  22|0x0000000081600000, 0x0000000081700000, 0x0000000081700000|100%| O|  |TAMS 0x0000000081700000, 0x0000000081600000| Untracked 
|  23|0x0000000081700000, 0x0000000081800000, 0x0000000081800000|100%| O|  |TAMS 0x0000000081800000, 0x0000000081700000| Untracked 
|  24|0x0000000081800000, 0x0000000081900000, 0x0000000081900000|100%| O|  |TAMS 0x0000000081900000, 0x0000000081800000| Untracked 
|  25|0x0000000081900000, 0x0000000081a00000, 0x0000000081a00000|100%| O|  |TAMS 0x0000000081a00000, 0x0000000081900000| Untracked 
|  26|0x0000000081a00000, 0x0000000081b00000, 0x0000000081b00000|100%| O|  |TAMS 0x0000000081b00000, 0x0000000081a00000| Untracked 
|  27|0x0000000081b00000, 0x0000000081c00000, 0x0000000081c00000|100%| O|  |TAMS 0x0000000081c00000, 0x0000000081b00000| Untracked 
|  28|0x0000000081c00000, 0x0000000081d00000, 0x0000000081d00000|100%| O|  |TAMS 0x0000000081d00000, 0x0000000081c00000| Untracked 
|  29|0x0000000081d00000, 0x0000000081d31000, 0x0000000081e00000| 19%| O|  |TAMS 0x0000000081d31000, 0x0000000081d00000| Untracked 
|  30|0x0000000081e00000, 0x0000000081f00000, 0x0000000081f00000|100%|HS|  |TAMS 0x0000000081f00000, 0x0000000081e00000| Complete 
|  31|0x0000000081f00000, 0x0000000082000000, 0x0000000082000000|100%|HS|  |TAMS 0x0000000082000000, 0x0000000081f00000| Complete 
|  32|0x0000000082000000, 0x0000000082100000, 0x0000000082100000|100%|HS|  |TAMS 0x0000000082100000, 0x0000000082000000| Complete 
|  33|0x0000000082100000, 0x0000000082200000, 0x0000000082200000|100%| O|  |TAMS 0x0000000082100000, 0x0000000082100000| Untracked 
|  34|0x0000000082200000, 0x0000000082300000, 0x0000000082300000|100%| O|  |TAMS 0x0000000082200000, 0x0000000082200000| Untracked 
|  35|0x0000000082300000, 0x0000000082400000, 0x0000000082400000|100%| O|  |TAMS 0x0000000082300000, 0x0000000082300000| Untracked 
|  36|0x0000000082400000, 0x0000000082500000, 0x0000000082500000|100%| O|  |TAMS 0x0000000082500000, 0x0000000082400000| Untracked 
|  37|0x0000000082500000, 0x0000000082600000, 0x0000000082600000|100%| O|  |TAMS 0x0000000082600000, 0x0000000082500000| Untracked 
|  38|0x0000000082600000, 0x0000000082700000, 0x0000000082700000|100%| O|  |TAMS 0x0000000082600000, 0x0000000082600000| Untracked 
|  39|0x0000000082700000, 0x0000000082800000, 0x0000000082800000|100%| O|  |TAMS 0x0000000082700000, 0x0000000082700000| Untracked 
|  40|0x0000000082800000, 0x0000000082900000, 0x0000000082900000|100%| O|  |TAMS 0x0000000082800000, 0x0000000082800000| Untracked 
|  41|0x0000000082900000, 0x0000000082a00000, 0x0000000082a00000|100%| O|  |TAMS 0x0000000082900000, 0x0000000082900000| Untracked 
|  42|0x0000000082a00000, 0x0000000082b00000, 0x0000000082b00000|100%| O|  |TAMS 0x0000000082a00000, 0x0000000082a00000| Untracked 
|  43|0x0000000082b00000, 0x0000000082c00000, 0x0000000082c00000|100%| O|  |TAMS 0x0000000082b00000, 0x0000000082b00000| Untracked 
|  44|0x0000000082c00000, 0x0000000082d00000, 0x0000000082d00000|100%| O|  |TAMS 0x0000000082c00000, 0x0000000082c00000| Untracked 
|  45|0x0000000082d00000, 0x0000000082e00000, 0x0000000082e00000|100%| O|  |TAMS 0x0000000082d00000, 0x0000000082d00000| Untracked 
|  46|0x0000000082e00000, 0x0000000082f00000, 0x0000000082f00000|100%| O|  |TAMS 0x0000000082e00000, 0x0000000082e00000| Untracked 
|  47|0x0000000082f00000, 0x0000000083000000, 0x0000000083000000|100%| O|  |TAMS 0x0000000082f00000, 0x0000000082f00000| Untracked 
|  48|0x0000000083000000, 0x0000000083100000, 0x0000000083100000|100%| O|  |TAMS 0x0000000083000000, 0x0000000083000000| Untracked 
|  49|0x0000000083100000, 0x0000000083200000, 0x0000000083200000|100%| O|  |TAMS 0x0000000083100000, 0x0000000083100000| Untracked 
|  50|0x0000000083200000, 0x0000000083300000, 0x0000000083300000|100%| O|  |TAMS 0x0000000083200000, 0x0000000083200000| Untracked 
|  51|0x0000000083300000, 0x0000000083400000, 0x0000000083400000|100%| O|  |TAMS 0x0000000083300000, 0x0000000083300000| Untracked 
|  52|0x0000000083400000, 0x0000000083500000, 0x0000000083500000|100%| O|  |TAMS 0x0000000083400000, 0x0000000083400000| Untracked 
|  53|0x0000000083500000, 0x0000000083600000, 0x0000000083600000|100%| O|  |TAMS 0x0000000083500000, 0x0000000083500000| Untracked 
|  54|0x0000000083600000, 0x0000000083700000, 0x0000000083700000|100%| O|  |TAMS 0x0000000083600000, 0x0000000083600000| Untracked 
|  55|0x0000000083700000, 0x0000000083800000, 0x0000000083800000|100%| O|  |TAMS 0x0000000083700000, 0x0000000083700000| Untracked 
|  56|0x0000000083800000, 0x0000000083900000, 0x0000000083900000|100%| O|  |TAMS 0x0000000083800000, 0x0000000083800000| Untracked 
|  57|0x0000000083900000, 0x0000000083a00000, 0x0000000083a00000|100%| O|  |TAMS 0x0000000083900000, 0x0000000083900000| Untracked 
|  58|0x0000000083a00000, 0x0000000083b00000, 0x0000000083b00000|100%| O|  |TAMS 0x0000000083a00000, 0x0000000083a00000| Untracked 
|  59|0x0000000083b00000, 0x0000000083c00000, 0x0000000083c00000|100%| O|  |TAMS 0x0000000083b00000, 0x0000000083b00000| Untracked 
|  60|0x0000000083c00000, 0x0000000083d00000, 0x0000000083d00000|100%| O|  |TAMS 0x0000000083c00000, 0x0000000083c00000| Untracked 
|  61|0x0000000083d00000, 0x0000000083e00000, 0x0000000083e00000|100%| O|  |TAMS 0x0000000083d00000, 0x0000000083d00000| Untracked 
|  62|0x0000000083e00000, 0x0000000083f00000, 0x0000000083f00000|100%| O|  |TAMS 0x0000000083e00000, 0x0000000083e00000| Untracked 
|  63|0x0000000083f00000, 0x0000000084000000, 0x0000000084000000|100%| O|  |TAMS 0x0000000083f00000, 0x0000000083f00000| Untracked 
|  64|0x0000000084000000, 0x0000000084100000, 0x0000000084100000|100%| O|  |TAMS 0x0000000084000000, 0x0000000084000000| Untracked 
|  65|0x0000000084100000, 0x0000000084200000, 0x0000000084200000|100%| O|  |TAMS 0x0000000084100000, 0x0000000084100000| Untracked 
|  66|0x0000000084200000, 0x0000000084300000, 0x0000000084300000|100%| O|  |TAMS 0x0000000084200000, 0x0000000084200000| Untracked 
|  67|0x0000000084300000, 0x0000000084400000, 0x0000000084400000|100%| O|  |TAMS 0x0000000084300000, 0x0000000084300000| Untracked 
|  68|0x0000000084400000, 0x0000000084500000, 0x0000000084500000|100%| O|  |TAMS 0x0000000084400000, 0x0000000084400000| Untracked 
|  69|0x0000000084500000, 0x0000000084600000, 0x0000000084600000|100%| O|  |TAMS 0x0000000084500000, 0x0000000084500000| Untracked 
|  70|0x0000000084600000, 0x0000000084700000, 0x0000000084700000|100%| O|  |TAMS 0x0000000084600000, 0x0000000084600000| Untracked 
|  71|0x0000000084700000, 0x0000000084800000, 0x0000000084800000|100%| O|  |TAMS 0x0000000084700000, 0x0000000084700000| Untracked 
|  72|0x0000000084800000, 0x0000000084900000, 0x0000000084900000|100%| O|  |TAMS 0x0000000084800000, 0x0000000084800000| Untracked 
|  73|0x0000000084900000, 0x0000000084a00000, 0x0000000084a00000|100%| O|  |TAMS 0x0000000084900000, 0x0000000084900000| Untracked 
|  74|0x0000000084a00000, 0x0000000084b00000, 0x0000000084b00000|100%| O|  |TAMS 0x0000000084a00000, 0x0000000084a00000| Untracked 
|  75|0x0000000084b00000, 0x0000000084c00000, 0x0000000084c00000|100%| O|  |TAMS 0x0000000084b00000, 0x0000000084b00000| Untracked 
|  76|0x0000000084c00000, 0x0000000084d00000, 0x0000000084d00000|100%| O|  |TAMS 0x0000000084c00000, 0x0000000084c00000| Untracked 
|  77|0x0000000084d00000, 0x0000000084e00000, 0x0000000084e00000|100%| O|  |TAMS 0x0000000084d00000, 0x0000000084d00000| Untracked 
|  78|0x0000000084e00000, 0x0000000084e6f000, 0x0000000084f00000| 43%| O|  |TAMS 0x0000000084e00000, 0x0000000084e00000| Untracked 
|  79|0x0000000084f00000, 0x0000000084f00000, 0x0000000085000000|  0%| F|  |TAMS 0x0000000084f00000, 0x0000000084f00000| Untracked 
|  80|0x0000000085000000, 0x0000000085000000, 0x0000000085100000|  0%| F|  |TAMS 0x0000000085000000, 0x0000000085000000| Untracked 
|  81|0x0000000085100000, 0x0000000085100000, 0x0000000085200000|  0%| F|  |TAMS 0x0000000085100000, 0x0000000085100000| Untracked 
|  82|0x0000000085200000, 0x0000000085200000, 0x0000000085300000|  0%| F|  |TAMS 0x0000000085200000, 0x0000000085200000| Untracked 
|  83|0x0000000085300000, 0x0000000085300000, 0x0000000085400000|  0%| F|  |TAMS 0x0000000085300000, 0x0000000085300000| Untracked 
|  84|0x0000000085400000, 0x0000000085400000, 0x0000000085500000|  0%| F|  |TAMS 0x0000000085400000, 0x0000000085400000| Untracked 
|  85|0x0000000085500000, 0x0000000085500000, 0x0000000085600000|  0%| F|  |TAMS 0x0000000085500000, 0x0000000085500000| Untracked 
|  86|0x0000000085600000, 0x0000000085600000, 0x0000000085700000|  0%| F|  |TAMS 0x0000000085600000, 0x0000000085600000| Untracked 
|  87|0x0000000085700000, 0x0000000085700000, 0x0000000085800000|  0%| F|  |TAMS 0x0000000085700000, 0x0000000085700000| Untracked 
|  88|0x0000000085800000, 0x0000000085800000, 0x0000000085900000|  0%| F|  |TAMS 0x0000000085800000, 0x0000000085800000| Untracked 
|  89|0x0000000085900000, 0x0000000085900000, 0x0000000085a00000|  0%| F|  |TAMS 0x0000000085900000, 0x0000000085900000| Untracked 
|  90|0x0000000085a00000, 0x0000000085a00000, 0x0000000085b00000|  0%| F|  |TAMS 0x0000000085a00000, 0x0000000085a00000| Untracked 
|  91|0x0000000085b00000, 0x0000000085b00000, 0x0000000085c00000|  0%| F|  |TAMS 0x0000000085b00000, 0x0000000085b00000| Untracked 
|  92|0x0000000085c00000, 0x0000000085c00000, 0x0000000085d00000|  0%| F|  |TAMS 0x0000000085c00000, 0x0000000085c00000| Untracked 
|  93|0x0000000085d00000, 0x0000000085d00000, 0x0000000085e00000|  0%| F|  |TAMS 0x0000000085d00000, 0x0000000085d00000| Untracked 
|  94|0x0000000085e00000, 0x0000000085e00000, 0x0000000085f00000|  0%| F|  |TAMS 0x0000000085e00000, 0x0000000085e00000| Untracked 
|  95|0x0000000085f00000, 0x0000000085f00000, 0x0000000086000000|  0%| F|  |TAMS 0x0000000085f00000, 0x0000000085f00000| Untracked 
|  96|0x0000000086000000, 0x0000000086000000, 0x0000000086100000|  0%| F|  |TAMS 0x0000000086000000, 0x0000000086000000| Untracked 
|  97|0x0000000086100000, 0x0000000086100000, 0x0000000086200000|  0%| F|  |TAMS 0x0000000086100000, 0x0000000086100000| Untracked 
|  98|0x0000000086200000, 0x0000000086200000, 0x0000000086300000|  0%| F|  |TAMS 0x0000000086200000, 0x0000000086200000| Untracked 
|  99|0x0000000086300000, 0x0000000086300000, 0x0000000086400000|  0%| F|  |TAMS 0x0000000086300000, 0x0000000086300000| Untracked 
| 100|0x0000000086400000, 0x0000000086400000, 0x0000000086500000|  0%| F|  |TAMS 0x0000000086400000, 0x0000000086400000| Untracked 
| 101|0x0000000086500000, 0x0000000086500000, 0x0000000086600000|  0%| F|  |TAMS 0x0000000086500000, 0x0000000086500000| Untracked 
| 102|0x0000000086600000, 0x0000000086600000, 0x0000000086700000|  0%| F|  |TAMS 0x0000000086600000, 0x0000000086600000| Untracked 
| 103|0x0000000086700000, 0x0000000086700000, 0x0000000086800000|  0%| F|  |TAMS 0x0000000086700000, 0x0000000086700000| Untracked 
| 104|0x0000000086800000, 0x0000000086800000, 0x0000000086900000|  0%| F|  |TAMS 0x0000000086800000, 0x0000000086800000| Untracked 
| 105|0x0000000086900000, 0x0000000086900000, 0x0000000086a00000|  0%| F|  |TAMS 0x0000000086900000, 0x0000000086900000| Untracked 
| 106|0x0000000086a00000, 0x0000000086a55950, 0x0000000086b00000| 33%| S|CS|TAMS 0x0000000086a00000, 0x0000000086a00000| Complete 
| 107|0x0000000086b00000, 0x0000000086c00000, 0x0000000086c00000|100%| S|CS|TAMS 0x0000000086b00000, 0x0000000086b00000| Complete 
| 108|0x0000000086c00000, 0x0000000086d00000, 0x0000000086d00000|100%| S|CS|TAMS 0x0000000086c00000, 0x0000000086c00000| Complete 
| 109|0x0000000086d00000, 0x0000000086e00000, 0x0000000086e00000|100%| S|CS|TAMS 0x0000000086d00000, 0x0000000086d00000| Complete 
| 110|0x0000000086e00000, 0x0000000086f00000, 0x0000000086f00000|100%| S|CS|TAMS 0x0000000086e00000, 0x0000000086e00000| Complete 
| 111|0x0000000086f00000, 0x0000000087000000, 0x0000000087000000|100%| S|CS|TAMS 0x0000000086f00000, 0x0000000086f00000| Complete 
| 112|0x0000000087000000, 0x0000000087000000, 0x0000000087100000|  0%| F|  |TAMS 0x0000000087000000, 0x0000000087000000| Untracked 
| 113|0x0000000087100000, 0x0000000087100000, 0x0000000087200000|  0%| F|  |TAMS 0x0000000087100000, 0x0000000087100000| Untracked 
| 114|0x0000000087200000, 0x0000000087200000, 0x0000000087300000|  0%| F|  |TAMS 0x0000000087200000, 0x0000000087200000| Untracked 
| 115|0x0000000087300000, 0x0000000087300000, 0x0000000087400000|  0%| F|  |TAMS 0x0000000087300000, 0x0000000087300000| Untracked 
| 116|0x0000000087400000, 0x0000000087400000, 0x0000000087500000|  0%| F|  |TAMS 0x0000000087400000, 0x0000000087400000| Untracked 
| 117|0x0000000087500000, 0x0000000087500000, 0x0000000087600000|  0%| F|  |TAMS 0x0000000087500000, 0x0000000087500000| Untracked 
| 118|0x0000000087600000, 0x0000000087600000, 0x0000000087700000|  0%| F|  |TAMS 0x0000000087600000, 0x0000000087600000| Untracked 
| 119|0x0000000087700000, 0x0000000087700000, 0x0000000087800000|  0%| F|  |TAMS 0x0000000087700000, 0x0000000087700000| Untracked 
| 120|0x0000000087800000, 0x0000000087800000, 0x0000000087900000|  0%| F|  |TAMS 0x0000000087800000, 0x0000000087800000| Untracked 
| 121|0x0000000087900000, 0x0000000087900000, 0x0000000087a00000|  0%| F|  |TAMS 0x0000000087900000, 0x0000000087900000| Untracked 
| 122|0x0000000087a00000, 0x0000000087a00000, 0x0000000087b00000|  0%| F|  |TAMS 0x0000000087a00000, 0x0000000087a00000| Untracked 
| 123|0x0000000087b00000, 0x0000000087b00000, 0x0000000087c00000|  0%| F|  |TAMS 0x0000000087b00000, 0x0000000087b00000| Untracked 
| 124|0x0000000087c00000, 0x0000000087c00000, 0x0000000087d00000|  0%| F|  |TAMS 0x0000000087c00000, 0x0000000087c00000| Untracked 
| 125|0x0000000087d00000, 0x0000000087d00000, 0x0000000087e00000|  0%| F|  |TAMS 0x0000000087d00000, 0x0000000087d00000| Untracked 
| 126|0x0000000087e00000, 0x0000000087e00000, 0x0000000087f00000|  0%| F|  |TAMS 0x0000000087e00000, 0x0000000087e00000| Untracked 
| 127|0x0000000087f00000, 0x0000000087f00000, 0x0000000088000000|  0%| F|  |TAMS 0x0000000087f00000, 0x0000000087f00000| Untracked 
| 128|0x0000000088000000, 0x0000000088000000, 0x0000000088100000|  0%| F|  |TAMS 0x0000000088000000, 0x0000000088000000| Untracked 
| 129|0x0000000088100000, 0x0000000088100000, 0x0000000088200000|  0%| F|  |TAMS 0x0000000088100000, 0x0000000088100000| Untracked 
| 130|0x0000000088200000, 0x0000000088200000, 0x0000000088300000|  0%| F|  |TAMS 0x0000000088200000, 0x0000000088200000| Untracked 
| 131|0x0000000088300000, 0x0000000088300000, 0x0000000088400000|  0%| F|  |TAMS 0x0000000088300000, 0x0000000088300000| Untracked 
| 132|0x0000000088400000, 0x0000000088400000, 0x0000000088500000|  0%| F|  |TAMS 0x0000000088400000, 0x0000000088400000| Untracked 
| 133|0x0000000088500000, 0x0000000088500000, 0x0000000088600000|  0%| F|  |TAMS 0x0000000088500000, 0x0000000088500000| Untracked 
| 134|0x0000000088600000, 0x0000000088600000, 0x0000000088700000|  0%| F|  |TAMS 0x0000000088600000, 0x0000000088600000| Untracked 
| 135|0x0000000088700000, 0x0000000088700000, 0x0000000088800000|  0%| F|  |TAMS 0x0000000088700000, 0x0000000088700000| Untracked 
| 136|0x0000000088800000, 0x0000000088800000, 0x0000000088900000|  0%| F|  |TAMS 0x0000000088800000, 0x0000000088800000| Untracked 
| 137|0x0000000088900000, 0x0000000088900000, 0x0000000088a00000|  0%| F|  |TAMS 0x0000000088900000, 0x0000000088900000| Untracked 
| 138|0x0000000088a00000, 0x0000000088a00000, 0x0000000088b00000|  0%| F|  |TAMS 0x0000000088a00000, 0x0000000088a00000| Untracked 
| 139|0x0000000088b00000, 0x0000000088b00000, 0x0000000088c00000|  0%| F|  |TAMS 0x0000000088b00000, 0x0000000088b00000| Untracked 
| 140|0x0000000088c00000, 0x0000000088c00000, 0x0000000088d00000|  0%| F|  |TAMS 0x0000000088c00000, 0x0000000088c00000| Untracked 
| 141|0x0000000088d00000, 0x0000000088d00000, 0x0000000088e00000|  0%| F|  |TAMS 0x0000000088d00000, 0x0000000088d00000| Untracked 
| 142|0x0000000088e00000, 0x0000000088e00000, 0x0000000088f00000|  0%| F|  |TAMS 0x0000000088e00000, 0x0000000088e00000| Untracked 
| 143|0x0000000088f00000, 0x0000000088f00000, 0x0000000089000000|  0%| F|  |TAMS 0x0000000088f00000, 0x0000000088f00000| Untracked 
| 144|0x0000000089000000, 0x0000000089000000, 0x0000000089100000|  0%| F|  |TAMS 0x0000000089000000, 0x0000000089000000| Untracked 
| 145|0x0000000089100000, 0x0000000089100000, 0x0000000089200000|  0%| F|  |TAMS 0x0000000089100000, 0x0000000089100000| Untracked 
| 146|0x0000000089200000, 0x0000000089200000, 0x0000000089300000|  0%| F|  |TAMS 0x0000000089200000, 0x0000000089200000| Untracked 
| 147|0x0000000089300000, 0x0000000089300000, 0x0000000089400000|  0%| F|  |TAMS 0x0000000089300000, 0x0000000089300000| Untracked 
| 148|0x0000000089400000, 0x0000000089400000, 0x0000000089500000|  0%| F|  |TAMS 0x0000000089400000, 0x0000000089400000| Untracked 
| 149|0x0000000089500000, 0x0000000089500000, 0x0000000089600000|  0%| F|  |TAMS 0x0000000089500000, 0x0000000089500000| Untracked 
| 150|0x0000000089600000, 0x0000000089600000, 0x0000000089700000|  0%| F|  |TAMS 0x0000000089600000, 0x0000000089600000| Untracked 
| 151|0x0000000089700000, 0x0000000089700000, 0x0000000089800000|  0%| F|  |TAMS 0x0000000089700000, 0x0000000089700000| Untracked 
| 152|0x0000000089800000, 0x0000000089800000, 0x0000000089900000|  0%| F|  |TAMS 0x0000000089800000, 0x0000000089800000| Untracked 
| 153|0x0000000089900000, 0x0000000089900000, 0x0000000089a00000|  0%| F|  |TAMS 0x0000000089900000, 0x0000000089900000| Untracked 
| 154|0x0000000089a00000, 0x0000000089a00000, 0x0000000089b00000|  0%| F|  |TAMS 0x0000000089a00000, 0x0000000089a00000| Untracked 
| 155|0x0000000089b00000, 0x0000000089b00000, 0x0000000089c00000|  0%| F|  |TAMS 0x0000000089b00000, 0x0000000089b00000| Untracked 
| 156|0x0000000089c00000, 0x0000000089c00000, 0x0000000089d00000|  0%| F|  |TAMS 0x0000000089c00000, 0x0000000089c00000| Untracked 
| 157|0x0000000089d00000, 0x0000000089d00000, 0x0000000089e00000|  0%| F|  |TAMS 0x0000000089d00000, 0x0000000089d00000| Untracked 
| 172|0x000000008ac00000, 0x000000008ac00000, 0x000000008ad00000|  0%| F|  |TAMS 0x000000008ac00000, 0x000000008ac00000| Untracked 
| 173|0x000000008ad00000, 0x000000008ad00000, 0x000000008ae00000|  0%| F|  |TAMS 0x000000008ad00000, 0x000000008ad00000| Untracked 

Card table byte_map: [0x0000020052510000,0x0000020052910000] _byte_map_base: 0x0000020052110000

Marking Bits (Prev, Next): (CMBitMap*) 0x000002003f75c420, (CMBitMap*) 0x000002003f75c3e0
 Prev Bits: [0x0000020054d10000, 0x0000020056d10000)
 Next Bits: [0x0000020052d10000, 0x0000020054d10000)

Polling page: 0x000002003eec0000

Metaspace:

Usage:
  Non-class:     78.81 MB used.
      Class:     12.41 MB used.
       Both:     91.23 MB used.

Virtual space:
  Non-class space:       80.00 MB reserved,      79.19 MB ( 99%) committed,  10 nodes.
      Class space:        1.00 GB reserved,      12.75 MB (  1%) committed,  1 nodes.
             Both:        1.08 GB reserved,      91.94 MB (  8%) committed. 

Chunk freelists:
   Non-Class:  418.00 KB
       Class:  3.31 MB
        Both:  3.72 MB

MaxMetaspaceSize: unlimited
CompressedClassSpaceSize: 1.00 GB
Initial GC threshold: 21.00 MB
Current GC threshold: 98.69 MB
CDS: off
MetaspaceReclaimPolicy: balanced
 - commit_granule_bytes: 65536.
 - commit_granule_words: 8192.
 - virtual_space_node_default_size: 1048576.
 - enlarge_chunks_in_place: 1.
 - new_chunks_are_fully_committed: 0.
 - uncommit_free_chunks: 1.
 - use_allocation_guard: 0.
 - handle_deallocations: 1.


Internal statistics:

num_allocs_failed_limit: 9.
num_arena_births: 968.
num_arena_deaths: 0.
num_vsnodes_births: 11.
num_vsnodes_deaths: 0.
num_space_committed: 1470.
num_space_uncommitted: 0.
num_chunks_returned_to_freelist: 9.
num_chunks_taken_from_freelist: 4313.
num_chunk_merges: 9.
num_chunk_splits: 2896.
num_chunks_enlarged: 1992.
num_purges: 0.
num_inconsistent_stats: 0.

CodeHeap 'non-profiled nmethods': size=120000Kb used=5108Kb max_used=5678Kb free=114891Kb
 bounds [0x000002004a690000, 0x000002004ac20000, 0x0000020051bc0000]
CodeHeap 'profiled nmethods': size=120000Kb used=16869Kb max_used=17787Kb free=103130Kb
 bounds [0x0000020042bc0000, 0x0000020043d20000, 0x000002004a0f0000]
CodeHeap 'non-nmethods': size=5760Kb used=2393Kb max_used=2459Kb free=3366Kb
 bounds [0x000002004a0f0000, 0x000002004a370000, 0x000002004a690000]
 total_blobs=9758 nmethods=8841 adapters=829
 compilation: enabled
              stopped_count=0, restarted_count=0
 full_count=0

Compilation events (20 events):
Event: 6.766 Thread 0x000002005a47fc30 nmethod 10078 0x000002004a8b7a90 code [0x000002004a8b7c20, 0x000002004a8b7cf8]
Event: 6.766 Thread 0x000002005a47fc30 10079       1       org.gradle.api.internal.artifacts.transform.DefaultTransformer::requiresInputChanges (5 bytes)
Event: 6.766 Thread 0x000002005a47fc30 nmethod 10079 0x000002004a8b7610 code [0x000002004a8b77a0, 0x000002004a8b7878]
Event: 6.766 Thread 0x000002005a47fc30 10080       1       org.gradle.internal.fingerprint.impl.DefaultCurrentFileCollectionFingerprint::getStrategyIdentifier (5 bytes)
Event: 6.766 Thread 0x000002005a47fc30 nmethod 10080 0x000002004a6a3e90 code [0x000002004a6a4020, 0x000002004a6a40f8]
Event: 6.766 Thread 0x000002005a47fc30 10081       1       org.gradle.internal.fingerprint.impl.EmptyCurrentFileCollectionFingerprint::getStrategyIdentifier (5 bytes)
Event: 6.766 Thread 0x000002005a47fc30 nmethod 10081 0x000002004a6a3990 code [0x000002004a6a3b20, 0x000002004a6a3bf8]
Event: 6.766 Thread 0x000002005a47fc30 10082       1       sun.nio.fs.WindowsPath::getPathForPermissionCheck (5 bytes)
Event: 6.766 Thread 0x000002005a47fc30 nmethod 10082 0x000002004aa98f10 code [0x000002004aa990a0, 0x000002004aa99178]
Event: 6.766 Thread 0x000002005a47fc30 10083       1       org.gradle.internal.fingerprint.impl.DefaultCurrentFileCollectionFingerprint::getRootHashes (5 bytes)
Event: 6.766 Thread 0x000002005a47fc30 nmethod 10083 0x000002004aa98a10 code [0x000002004aa98ba0, 0x000002004aa98c78]
Event: 6.766 Thread 0x000002005a47fc30 10084       3       org.gradle.internal.snapshot.impl.DefaultValueSnapshotter$ValueSnapshotVisitor::hashCode (9 bytes)
Event: 6.766 Thread 0x000002005a47fc30 nmethod 10084 0x0000020043176290 code [0x0000020043176440, 0x0000020043176778]
Event: 6.766 Thread 0x000002005a47fc30 10088       3       org.gradle.internal.resources.DefaultResourceLockCoordinationService$DefaultResourceLockState::registerLocked (53 bytes)
Event: 6.767 Thread 0x000002005a47fc30 nmethod 10088 0x0000020043658e10 code [0x0000020043659020, 0x0000020043659838]
Event: 6.767 Thread 0x000002005a47fc30 10094       3       org.gradle.execution.plan.DefaultPlanExecutor$MergedQueues::executionState (103 bytes)
Event: 6.767 Thread 0x000002005a47fc30 nmethod 10094 0x0000020042fee790 code [0x0000020042feeac0, 0x0000020042fefe78]
Event: 6.767 Thread 0x000002005a47fc30 10086       3       org.gradle.internal.resources.AbstractResourceLockRegistry::lockAcquired (37 bytes)
Event: 6.767 Thread 0x000002005a47fc30 nmethod 10086 0x00000200430d9d90 code [0x00000200430d9f60, 0x00000200430da308]
Event: 6.767 Thread 0x000002005a47fc30 10089   !   3       org.gradle.internal.resources.AbstractTrackedResourceLock::unlock (78 bytes)

GC Heap History (20 events):
Event: 2.598 GC heap after
{Heap after GC invocations=10 (full 0):
 garbage-first heap   total 89088K, used 29861K [0x0000000080000000, 0x0000000100000000)
  region size 1024K, 7 young (7168K), 7 survivors (7168K)
 Metaspace       used 43253K, committed 43712K, reserved 1089536K
  class space    used 5684K, committed 5888K, reserved 1048576K
}
Event: 2.867 GC heap before
{Heap before GC invocations=10 (full 0):
 garbage-first heap   total 89088K, used 66725K [0x0000000080000000, 0x0000000100000000)
  region size 1024K, 43 young (44032K), 7 survivors (7168K)
 Metaspace       used 47226K, committed 47680K, reserved 1097728K
  class space    used 6225K, committed 6400K, reserved 1048576K
}
Event: 2.908 GC heap after
{Heap after GC invocations=11 (full 0):
 garbage-first heap   total 89088K, used 32539K [0x0000000080000000, 0x0000000100000000)
  region size 1024K, 3 young (3072K), 3 survivors (3072K)
 Metaspace       used 47226K, committed 47680K, reserved 1097728K
  class space    used 6225K, committed 6400K, reserved 1048576K
}
Event: 3.287 GC heap before
{Heap before GC invocations=11 (full 0):
 garbage-first heap   total 89088K, used 68379K [0x0000000080000000, 0x0000000100000000)
  region size 1024K, 38 young (38912K), 3 survivors (3072K)
 Metaspace       used 52196K, committed 52672K, reserved 1097728K
  class space    used 7015K, committed 7232K, reserved 1048576K
}
Event: 3.359 GC heap after
{Heap after GC invocations=12 (full 0):
 garbage-first heap   total 89088K, used 33373K [0x0000000080000000, 0x0000000100000000)
  region size 1024K, 4 young (4096K), 4 survivors (4096K)
 Metaspace       used 52196K, committed 52672K, reserved 1097728K
  class space    used 7015K, committed 7232K, reserved 1048576K
}
Event: 3.657 GC heap before
{Heap before GC invocations=12 (full 0):
 garbage-first heap   total 89088K, used 68189K [0x0000000080000000, 0x0000000100000000)
  region size 1024K, 39 young (39936K), 4 survivors (4096K)
 Metaspace       used 53358K, committed 53824K, reserved 1097728K
  class space    used 7135K, committed 7360K, reserved 1048576K
}
Event: 3.662 GC heap after
{Heap after GC invocations=13 (full 0):
 garbage-first heap   total 178176K, used 36602K [0x0000000080000000, 0x0000000100000000)
  region size 1024K, 5 young (5120K), 5 survivors (5120K)
 Metaspace       used 53358K, committed 53824K, reserved 1097728K
  class space    used 7135K, committed 7360K, reserved 1048576K
}
Event: 4.083 GC heap before
{Heap before GC invocations=13 (full 0):
 garbage-first heap   total 178176K, used 87802K [0x0000000080000000, 0x0000000100000000)
  region size 1024K, 53 young (54272K), 5 survivors (5120K)
 Metaspace       used 59788K, committed 60288K, reserved 1105920K
  class space    used 7908K, committed 8128K, reserved 1048576K
}
Event: 4.087 GC heap after
{Heap after GC invocations=14 (full 0):
 garbage-first heap   total 178176K, used 45631K [0x0000000080000000, 0x0000000100000000)
  region size 1024K, 11 young (11264K), 11 survivors (11264K)
 Metaspace       used 59788K, committed 60288K, reserved 1105920K
  class space    used 7908K, committed 8128K, reserved 1048576K
}
Event: 4.736 GC heap before
{Heap before GC invocations=15 (full 0):
 garbage-first heap   total 163840K, used 133695K [0x0000000080000000, 0x0000000100000000)
  region size 1024K, 91 young (93184K), 11 survivors (11264K)
 Metaspace       used 69396K, committed 70016K, reserved 1114112K
  class space    used 9182K, committed 9472K, reserved 1048576K
}
Event: 4.742 GC heap after
{Heap after GC invocations=16 (full 0):
 garbage-first heap   total 163840K, used 51925K [0x0000000080000000, 0x0000000100000000)
  region size 1024K, 12 young (12288K), 12 survivors (12288K)
 Metaspace       used 69396K, committed 70016K, reserved 1114112K
  class space    used 9182K, committed 9472K, reserved 1048576K
}
Event: 5.192 GC heap before
{Heap before GC invocations=16 (full 0):
 garbage-first heap   total 163840K, used 120533K [0x0000000080000000, 0x0000000100000000)
  region size 1024K, 79 young (80896K), 12 survivors (12288K)
 Metaspace       used 76671K, committed 77248K, reserved 1122304K
  class space    used 10163K, committed 10432K, reserved 1048576K
}
Event: 5.198 GC heap after
{Heap after GC invocations=17 (full 0):
 garbage-first heap   total 163840K, used 58912K [0x0000000080000000, 0x0000000100000000)
  region size 1024K, 6 young (6144K), 6 survivors (6144K)
 Metaspace       used 76671K, committed 77248K, reserved 1122304K
  class space    used 10163K, committed 10432K, reserved 1048576K
}
Event: 5.737 GC heap before
{Heap before GC invocations=17 (full 0):
 garbage-first heap   total 163840K, used 123424K [0x0000000080000000, 0x0000000100000000)
  region size 1024K, 69 young (70656K), 6 survivors (6144K)
 Metaspace       used 83568K, committed 84160K, reserved 1122304K
  class space    used 11324K, committed 11584K, reserved 1048576K
}
Event: 5.742 GC heap after
{Heap after GC invocations=18 (full 0):
 garbage-first heap   total 163840K, used 63173K [0x0000000080000000, 0x0000000100000000)
  region size 1024K, 5 young (5120K), 5 survivors (5120K)
 Metaspace       used 83568K, committed 84160K, reserved 1122304K
  class space    used 11324K, committed 11584K, reserved 1048576K
}
Event: 6.231 GC heap before
{Heap before GC invocations=18 (full 0):
 garbage-first heap   total 163840K, used 127685K [0x0000000080000000, 0x0000000100000000)
  region size 1024K, 68 young (69632K), 5 survivors (5120K)
 Metaspace       used 89489K, committed 90176K, reserved 1130496K
  class space    used 12162K, committed 12480K, reserved 1048576K
}
Event: 6.248 GC heap after
{Heap after GC invocations=19 (full 0):
 garbage-first heap   total 163840K, used 69498K [0x0000000080000000, 0x0000000100000000)
  region size 1024K, 9 young (9216K), 9 survivors (9216K)
 Metaspace       used 89489K, committed 90176K, reserved 1130496K
  class space    used 12162K, committed 12480K, reserved 1048576K
}
Event: 6.611 GC heap before
{Heap before GC invocations=19 (full 0):
 garbage-first heap   total 163840K, used 128890K [0x0000000080000000, 0x0000000100000000)
  region size 1024K, 67 young (68608K), 9 survivors (9216K)
 Metaspace       used 92788K, committed 93440K, reserved 1130496K
  class space    used 12544K, committed 12864K, reserved 1048576K
}
Event: 6.619 GC heap after
{Heap after GC invocations=20 (full 0):
 garbage-first heap   total 163840K, used 79073K [0x0000000080000000, 0x0000000100000000)
  region size 1024K, 9 young (9216K), 9 survivors (9216K)
 Metaspace       used 92788K, committed 93440K, reserved 1130496K
  class space    used 12544K, committed 12864K, reserved 1048576K
}
Event: 6.768 GC heap before
{Heap before GC invocations=20 (full 0):
 garbage-first heap   total 163840K, used 127201K [0x0000000080000000, 0x0000000100000000)
  region size 1024K, 57 young (58368K), 9 survivors (9216K)
 Metaspace       used 93414K, committed 94144K, reserved 1130496K
  class space    used 12711K, committed 13056K, reserved 1048576K
}

Dll operation events (2 events):
Event: 0.004 Loaded shared library C:\Program Files\Android\Android Studio1\jbr\bin\java.dll
Event: 0.233 Loaded shared library C:\Program Files\Android\Android Studio1\jbr\bin\verify.dll

Deoptimization events (20 events):
Event: 6.696 Thread 0x000002005c98f380 DEOPT PACKING pc=0x00000200435b7520 sp=0x0000000e1e1fe610
Event: 6.696 Thread 0x000002005c98f380 DEOPT UNPACKING pc=0x000002004a14ace3 sp=0x0000000e1e1fdad0 mode 0
Event: 6.702 Thread 0x000002005c98f380 DEOPT PACKING pc=0x00000200435b7520 sp=0x0000000e1e1fe610
Event: 6.702 Thread 0x000002005c98f380 DEOPT UNPACKING pc=0x000002004a14ace3 sp=0x0000000e1e1fdad0 mode 0
Event: 6.705 Thread 0x0000020063b27ed0 Uncommon trap: trap_request=0xffffff45 fr.pc=0x000002004aa23fe4 relative=0x0000000000000164
Event: 6.705 Thread 0x0000020063b27ed0 Uncommon trap: reason=unstable_if action=reinterpret pc=0x000002004aa23fe4 method=java.util.concurrent.locks.ReentrantLock$Sync.tryLock()Z @ 34 c2
Event: 6.705 Thread 0x0000020063b27ed0 DEOPT PACKING pc=0x000002004aa23fe4 sp=0x0000000e21ffe430
Event: 6.705 Thread 0x0000020063b27ed0 DEOPT UNPACKING pc=0x000002004a14a1a3 sp=0x0000000e21ffe3e0 mode 2
Event: 6.765 Thread 0x00000200614a9da0 Uncommon trap: trap_request=0xffffff76 fr.pc=0x000002004a7111a8 relative=0x0000000000000088
Event: 6.765 Thread 0x0000020063b2aa20 Uncommon trap: trap_request=0xffffff76 fr.pc=0x000002004a7111a8 relative=0x0000000000000088
Event: 6.765 Thread 0x000002005e3df1a0 Uncommon trap: trap_request=0xffffff76 fr.pc=0x000002004a7111a8 relative=0x0000000000000088
Event: 6.765 Thread 0x0000020063b2aa20 Uncommon trap: reason=predicate action=maybe_recompile pc=0x000002004a7111a8 method=java.util.TimSort.binarySort([Ljava/lang/Object;IIILjava/util/Comparator;)V @ 34 c2
Event: 6.765 Thread 0x00000200614a9da0 Uncommon trap: reason=predicate action=maybe_recompile pc=0x000002004a7111a8 method=java.util.TimSort.binarySort([Ljava/lang/Object;IIILjava/util/Comparator;)V @ 34 c2
Event: 6.765 Thread 0x000002005e3df1a0 Uncommon trap: reason=predicate action=maybe_recompile pc=0x000002004a7111a8 method=java.util.TimSort.binarySort([Ljava/lang/Object;IIILjava/util/Comparator;)V @ 34 c2
Event: 6.765 Thread 0x0000020063b2aa20 DEOPT PACKING pc=0x000002004a7111a8 sp=0x0000000e22bfdb00
Event: 6.765 Thread 0x00000200614a9da0 DEOPT PACKING pc=0x000002004a7111a8 sp=0x0000000e216fd4c0
Event: 6.765 Thread 0x000002005e3df1a0 DEOPT PACKING pc=0x000002004a7111a8 sp=0x0000000e1f4fd7b0
Event: 6.765 Thread 0x0000020063b2aa20 DEOPT UNPACKING pc=0x000002004a14a1a3 sp=0x0000000e22bfdab0 mode 2
Event: 6.765 Thread 0x00000200614a9da0 DEOPT UNPACKING pc=0x000002004a14a1a3 sp=0x0000000e216fd470 mode 2
Event: 6.765 Thread 0x000002005e3df1a0 DEOPT UNPACKING pc=0x000002004a14a1a3 sp=0x0000000e1f4fd760 mode 2

Classes unloaded (0 events):
No events

Classes redefined (0 events):
No events

Internal exceptions (20 events):
Event: 6.514 Thread 0x0000020061060f70 Exception <a 'java/lang/NoSuchMethodError'{0x00000000871da0a0}: static Lcom/android/buildanalyzer/common/AndroidGradlePluginAttributionData$TaskCategoryInfo;.<clinit>()V> (0x00000000871da0a0) 
thrown [s\src\hotspot\share\prims\jni.cpp, line 1108]
Event: 6.605 Thread 0x0000020060fa42a0 Exception <a 'java/lang/NoSuchMethodError'{0x00000000869a3650}: 'void java.lang.invoke.DirectMethodHandle$Holder.invokeStatic(java.lang.Object, java.lang.Object, java.lang.Object, java.lang.Object, int, java.lang.Object, java.lang.Object)'> (0x00000000869a3650) 
thrown [s\src\hotspot\share\interpreter\linkResolver.cpp, line 771]
Event: 6.610 Thread 0x000002005e3d8c90 Implicit null exception at 0x000002004abd6c06 to 0x000002004abd7594
Event: 6.611 Thread 0x000002005e3d8c90 Implicit null exception at 0x000002004abd6c06 to 0x000002004abd7594
Event: 6.611 Thread 0x000002005e3d8c90 Implicit null exception at 0x000002004abd6c06 to 0x000002004abd7594
Event: 6.611 Thread 0x0000020063b25850 Implicit null exception at 0x000002004abd6c06 to 0x000002004abd7594
Event: 6.611 Thread 0x0000020061061440 Implicit null exception at 0x000002004abd6c06 to 0x000002004abd7594
Event: 6.629 Thread 0x00000200614ad760 Exception <a 'java/lang/NoSuchMethodError'{0x0000000089b211e8}: 'java.lang.Object java.lang.invoke.DirectMethodHandle$Holder.invokeSpecialIFC(java.lang.Object, java.lang.Object, java.lang.Object)'> (0x0000000089b211e8) 
thrown [s\src\hotspot\share\interpreter\linkResolver.cpp, line 771]
Event: 6.629 Thread 0x0000020061367f50 Exception <a 'java/lang/NoSuchMethodError'{0x0000000089b163b0}: 'java.lang.Object java.lang.invoke.DirectMethodHandle$Holder.invokeSpecialIFC(java.lang.Object, java.lang.Object, java.lang.Object)'> (0x0000000089b163b0) 
thrown [s\src\hotspot\share\interpreter\linkResolver.cpp, line 771]
Event: 6.629 Thread 0x0000020063b25850 Exception <a 'java/lang/NoSuchMethodError'{0x0000000089b0f4d0}: 'java.lang.Object java.lang.invoke.DirectMethodHandle$Holder.invokeSpecialIFC(java.lang.Object, java.lang.Object, java.lang.Object)'> (0x0000000089b0f4d0) 
thrown [s\src\hotspot\share\interpreter\linkResolver.cpp, line 771]
Event: 6.629 Thread 0x000002005e3d87c0 Exception <a 'java/lang/NoSuchMethodError'{0x0000000089b2f268}: 'java.lang.Object java.lang.invoke.DirectMethodHandle$Holder.invokeSpecialIFC(java.lang.Object, java.lang.Object, java.lang.Object)'> (0x0000000089b2f268) 
thrown [s\src\hotspot\share\interpreter\linkResolver.cpp, line 771]
Event: 6.629 Thread 0x00000200614acdc0 Exception <a 'java/lang/NoSuchMethodError'{0x0000000089b39190}: 'java.lang.Object java.lang.invoke.DirectMethodHandle$Holder.invokeSpecialIFC(java.lang.Object, java.lang.Object, java.lang.Object)'> (0x0000000089b39190) 
thrown [s\src\hotspot\share\interpreter\linkResolver.cpp, line 771]
Event: 6.629 Thread 0x0000020063b27530 Exception <a 'java/lang/NoSuchMethodError'{0x0000000089b490d8}: 'java.lang.Object java.lang.invoke.DirectMethodHandle$Holder.invokeSpecialIFC(java.lang.Object, java.lang.Object, java.lang.Object)'> (0x0000000089b490d8) 
thrown [s\src\hotspot\share\interpreter\linkResolver.cpp, line 771]
Event: 6.629 Thread 0x0000020060fa42a0 Exception <a 'java/lang/NoSuchMethodError'{0x0000000089cdc170}: 'java.lang.Object java.lang.invoke.DirectMethodHandle$Holder.invokeSpecialIFC(java.lang.Object, java.lang.Object, java.lang.Object)'> (0x0000000089cdc170) 
thrown [s\src\hotspot\share\interpreter\linkResolver.cpp, line 771]
Event: 6.629 Thread 0x0000020061061440 Exception <a 'java/lang/NoSuchMethodError'{0x0000000089cd3df0}: 'java.lang.Object java.lang.invoke.DirectMethodHandle$Holder.invokeSpecialIFC(java.lang.Object, java.lang.Object, java.lang.Object)'> (0x0000000089cd3df0) 
thrown [s\src\hotspot\share\interpreter\linkResolver.cpp, line 771]
Event: 6.629 Thread 0x000002005e3d8c90 Exception <a 'java/lang/NoSuchMethodError'{0x0000000089cfcfc8}: 'java.lang.Object java.lang.invoke.DirectMethodHandle$Holder.invokeSpecialIFC(java.lang.Object, java.lang.Object, java.lang.Object)'> (0x0000000089cfcfc8) 
thrown [s\src\hotspot\share\interpreter\linkResolver.cpp, line 771]
Event: 6.629 Thread 0x000002005e3decd0 Exception <a 'java/lang/NoSuchMethodError'{0x0000000089b40958}: 'java.lang.Object java.lang.invoke.DirectMethodHandle$Holder.invokeSpecialIFC(java.lang.Object, java.lang.Object, java.lang.Object)'> (0x0000000089b40958) 
thrown [s\src\hotspot\share\interpreter\linkResolver.cpp, line 771]
Event: 6.629 Thread 0x00000200614adc30 Exception <a 'java/lang/NoSuchMethodError'{0x0000000089b067a0}: 'java.lang.Object java.lang.invoke.DirectMethodHandle$Holder.invokeSpecialIFC(java.lang.Object, java.lang.Object, java.lang.Object)'> (0x0000000089b067a0) 
thrown [s\src\hotspot\share\interpreter\linkResolver.cpp, line 771]
Event: 6.629 Thread 0x00000200613658d0 Exception <a 'java/lang/NoSuchMethodError'{0x0000000089b2a448}: 'java.lang.Object java.lang.invoke.DirectMethodHandle$Holder.invokeSpecialIFC(java.lang.Object, java.lang.Object, java.lang.Object)'> (0x0000000089b2a448) 
thrown [s\src\hotspot\share\interpreter\linkResolver.cpp, line 771]
Event: 6.705 Thread 0x0000020063b27ed0 Exception <a 'java/lang/NoSuchMethodError'{0x000000008ac6fd40}: 'void java.lang.invoke.DirectMethodHandle$Holder.invokeVirtual(java.lang.Object, java.lang.Object)'> (0x000000008ac6fd40) 
thrown [s\src\hotspot\share\interpreter\linkResolver.cpp, line 771]

VM Operations (20 events):
Event: 6.248 Executing VM operation: G1CollectForAllocation done
Event: 6.414 Executing VM operation: HandshakeAllThreads
Event: 6.414 Executing VM operation: HandshakeAllThreads done
Event: 6.466 Executing VM operation: HandshakeAllThreads
Event: 6.467 Executing VM operation: HandshakeAllThreads done
Event: 6.475 Executing VM operation: ICBufferFull
Event: 6.475 Executing VM operation: ICBufferFull done
Event: 6.500 Executing VM operation: HandshakeAllThreads
Event: 6.500 Executing VM operation: HandshakeAllThreads done
Event: 6.567 Executing VM operation: ICBufferFull
Event: 6.570 Executing VM operation: ICBufferFull done
Event: 6.611 Executing VM operation: G1CollectForAllocation
Event: 6.619 Executing VM operation: G1CollectForAllocation done
Event: 6.683 Executing VM operation: HandshakeAllThreads
Event: 6.683 Executing VM operation: HandshakeAllThreads done
Event: 6.692 Executing VM operation: ICBufferFull
Event: 6.692 Executing VM operation: ICBufferFull done
Event: 6.703 Executing VM operation: HandshakeAllThreads
Event: 6.704 Executing VM operation: HandshakeAllThreads done
Event: 6.768 Executing VM operation: G1CollectForAllocation

Events (20 events):
Event: 6.754 Thread 0x000002005a480b40 flushing nmethod 0x00000200436c9a10
Event: 6.754 Thread 0x000002005a480b40 flushing nmethod 0x00000200436c9e10
Event: 6.754 Thread 0x000002005a480b40 flushing nmethod 0x00000200436d1b10
Event: 6.754 Thread 0x000002005a480b40 flushing nmethod 0x00000200436d3010
Event: 6.754 Thread 0x000002005a480b40 flushing nmethod 0x00000200436d5490
Event: 6.754 Thread 0x000002005a480b40 flushing nmethod 0x00000200436d6010
Event: 6.754 Thread 0x000002005a480b40 flushing nmethod 0x00000200436dcb10
Event: 6.754 Thread 0x000002005a480b40 flushing nmethod 0x000002004371b310
Event: 6.754 Thread 0x000002005a480b40 flushing nmethod 0x0000020043727990
Event: 6.754 Thread 0x000002005a480b40 flushing nmethod 0x0000020043751090
Event: 6.754 Thread 0x000002005a480b40 flushing nmethod 0x0000020043752c90
Event: 6.754 Thread 0x000002005a480b40 flushing nmethod 0x000002004376d690
Event: 6.754 Thread 0x000002005a480b40 flushing nmethod 0x0000020043770310
Event: 6.755 Thread 0x000002005a480b40 flushing nmethod 0x00000200437c8010
Event: 6.755 Thread 0x000002005a480b40 flushing nmethod 0x00000200437dfc10
Event: 6.755 Thread 0x000002005a480b40 flushing nmethod 0x00000200437e2a10
Event: 6.755 Thread 0x000002005a480b40 flushing nmethod 0x00000200437e4910
Event: 6.755 Thread 0x000002005a480b40 flushing nmethod 0x00000200437fe490
Event: 6.755 Thread 0x000002005a480b40 flushing nmethod 0x0000020043801490
Event: 6.755 Thread 0x000002005a480b40 flushing nmethod 0x000002004388d410


Dynamic libraries:
0x00007ff6fd0a0000 - 0x00007ff6fd0aa000 	C:\Program Files\Android\Android Studio1\jbr\bin\java.exe
0x00007ffaf4d30000 - 0x00007ffaf4f47000 	C:\WINDOWS\SYSTEM32\ntdll.dll
0x00007ffaf3720000 - 0x00007ffaf37e4000 	C:\WINDOWS\System32\KERNEL32.DLL
0x00007ffaf2360000 - 0x00007ffaf2706000 	C:\WINDOWS\System32\KERNELBASE.dll
0x00007ffaf2710000 - 0x00007ffaf2821000 	C:\WINDOWS\System32\ucrtbase.dll
0x00007ffaec580000 - 0x00007ffaec59b000 	C:\Program Files\Android\Android Studio1\jbr\bin\VCRUNTIME140.dll
0x00007ffae3ae0000 - 0x00007ffae3af7000 	C:\Program Files\Android\Android Studio1\jbr\bin\jli.dll
0x00007ffaf2f90000 - 0x00007ffaf313e000 	C:\WINDOWS\System32\USER32.dll
0x00007ffadb250000 - 0x00007ffadb4e3000 	C:\WINDOWS\WinSxS\amd64_microsoft.windows.common-controls_6595b64144ccf1df_6.0.22621.2506_none_270c5ae97388e100\COMCTL32.dll
0x00007ffaf21c0000 - 0x00007ffaf21e6000 	C:\WINDOWS\System32\win32u.dll
0x00007ffaf4ad0000 - 0x00007ffaf4b77000 	C:\WINDOWS\System32\msvcrt.dll
0x00007ffaf4aa0000 - 0x00007ffaf4ac9000 	C:\WINDOWS\System32\GDI32.dll
0x00007ffaf2830000 - 0x00007ffaf2948000 	C:\WINDOWS\System32\gdi32full.dll
0x00007ffaf2070000 - 0x00007ffaf210a000 	C:\WINDOWS\System32\msvcp_win.dll
0x00007ffaf2b70000 - 0x00007ffaf2ba1000 	C:\WINDOWS\System32\IMM32.DLL
0x00007ffae3550000 - 0x00007ffae355c000 	C:\Program Files\Android\Android Studio1\jbr\bin\vcruntime140_1.dll
0x00007ffad92e0000 - 0x00007ffad936d000 	C:\Program Files\Android\Android Studio1\jbr\bin\msvcp140.dll
0x00007ffa9ce40000 - 0x00007ffa9daae000 	C:\Program Files\Android\Android Studio1\jbr\bin\server\jvm.dll
0x00007ffaf4c30000 - 0x00007ffaf4ce3000 	C:\WINDOWS\System32\ADVAPI32.dll
0x00007ffaf3bc0000 - 0x00007ffaf3c68000 	C:\WINDOWS\System32\sechost.dll
0x00007ffaf2110000 - 0x00007ffaf2138000 	C:\WINDOWS\System32\bcrypt.dll
0x00007ffaf38f0000 - 0x00007ffaf3a07000 	C:\WINDOWS\System32\RPCRT4.dll
0x00007ffae8920000 - 0x00007ffae8954000 	C:\WINDOWS\SYSTEM32\WINMM.dll
0x00007ffaec5c0000 - 0x00007ffaec5c9000 	C:\WINDOWS\SYSTEM32\WSOCK32.dll
0x00007ffae8520000 - 0x00007ffae852a000 	C:\WINDOWS\SYSTEM32\VERSION.dll
0x00007ffaf2af0000 - 0x00007ffaf2b61000 	C:\WINDOWS\System32\WS2_32.dll
0x00007ffaf1190000 - 0x00007ffaf11a8000 	C:\WINDOWS\SYSTEM32\kernel.appcore.dll
0x00007ffaebd20000 - 0x00007ffaebd2a000 	C:\Program Files\Android\Android Studio1\jbr\bin\jimage.dll
0x00007ffaef880000 - 0x00007ffaefab3000 	C:\WINDOWS\SYSTEM32\DBGHELP.DLL
0x00007ffaf3240000 - 0x00007ffaf35c9000 	C:\WINDOWS\System32\combase.dll
0x00007ffaf3a10000 - 0x00007ffaf3ae7000 	C:\WINDOWS\System32\OLEAUT32.dll
0x00007ffacdab0000 - 0x00007ffacdae2000 	C:\WINDOWS\SYSTEM32\dbgcore.DLL
0x00007ffaf2140000 - 0x00007ffaf21ba000 	C:\WINDOWS\System32\bcryptPrimitives.dll
0x00007ffae4540000 - 0x00007ffae4565000 	C:\Program Files\Android\Android Studio1\jbr\bin\java.dll
0x00007ffaebc70000 - 0x00007ffaebc88000 	C:\Program Files\Android\Android Studio1\jbr\bin\zip.dll
0x00007ffaf41c0000 - 0x00007ffaf4a1a000 	C:\WINDOWS\System32\SHELL32.dll
0x00007ffaeffd0000 - 0x00007ffaf08c6000 	C:\WINDOWS\SYSTEM32\windows.storage.dll
0x00007ffaefe90000 - 0x00007ffaeffce000 	C:\WINDOWS\SYSTEM32\wintypes.dll
0x00007ffaf3140000 - 0x00007ffaf3233000 	C:\WINDOWS\System32\SHCORE.dll
0x00007ffaf2a90000 - 0x00007ffaf2aee000 	C:\WINDOWS\System32\shlwapi.dll
0x00007ffaf1fa0000 - 0x00007ffaf1fc6000 	C:\WINDOWS\SYSTEM32\profapi.dll
0x00007ffae4820000 - 0x00007ffae4839000 	C:\Program Files\Android\Android Studio1\jbr\bin\net.dll
0x00007ffaea140000 - 0x00007ffaea277000 	C:\WINDOWS\SYSTEM32\WINHTTP.dll
0x00007ffaf1610000 - 0x00007ffaf1679000 	C:\WINDOWS\system32\mswsock.dll
0x00007ffae44b0000 - 0x00007ffae44c6000 	C:\Program Files\Android\Android Studio1\jbr\bin\nio.dll
0x00007ffae8960000 - 0x00007ffae8970000 	C:\Program Files\Android\Android Studio1\jbr\bin\verify.dll
0x00007ffae0e50000 - 0x00007ffae0e77000 	C:\Users\muham\.gradle\native\68d5fa5c4cc2d200863cafc0d521ce42e7d3e7ee720ec0a83991735586a16f82\windows-amd64\native-platform.dll
0x00007ffaa23b0000 - 0x00007ffaa24f4000 	C:\Users\muham\.gradle\native\e376f236ea51e6404a007f0833ffe2c6e607c4080706a723a18a27aeea778392\windows-amd64\native-platform-file-events.dll
0x00007ffae4770000 - 0x00007ffae4779000 	C:\Program Files\Android\Android Studio1\jbr\bin\management.dll
0x00007ffae44a0000 - 0x00007ffae44ab000 	C:\Program Files\Android\Android Studio1\jbr\bin\management_ext.dll
0x00007ffaf3b90000 - 0x00007ffaf3b98000 	C:\WINDOWS\System32\PSAPI.DLL
0x00007ffaf1870000 - 0x00007ffaf188b000 	C:\WINDOWS\SYSTEM32\CRYPTSP.dll
0x00007ffaf10f0000 - 0x00007ffaf1125000 	C:\WINDOWS\system32\rsaenh.dll
0x00007ffaf1700000 - 0x00007ffaf172c000 	C:\WINDOWS\SYSTEM32\USERENV.dll
0x00007ffaf1860000 - 0x00007ffaf186c000 	C:\WINDOWS\SYSTEM32\CRYPTBASE.dll
0x00007ffaf0ba0000 - 0x00007ffaf0bcd000 	C:\WINDOWS\SYSTEM32\IPHLPAPI.DLL
0x00007ffaf3b80000 - 0x00007ffaf3b89000 	C:\WINDOWS\System32\NSI.dll
0x00007ffae9b30000 - 0x00007ffae9b49000 	C:\WINDOWS\SYSTEM32\dhcpcsvc6.DLL
0x00007ffae9b10000 - 0x00007ffae9b2f000 	C:\WINDOWS\SYSTEM32\dhcpcsvc.DLL
0x00007ffaf0c10000 - 0x00007ffaf0d09000 	C:\WINDOWS\SYSTEM32\DNSAPI.dll
0x00007ffae1260000 - 0x00007ffae1268000 	C:\WINDOWS\system32\wshunix.dll

dbghelp: loaded successfully - version: 4.0.5 - missing functions: none
symbol engine: initialized successfully - sym options: 0x614 - pdb path: .;C:\Program Files\Android\Android Studio1\jbr\bin;C:\WINDOWS\SYSTEM32;C:\WINDOWS\WinSxS\amd64_microsoft.windows.common-controls_6595b64144ccf1df_6.0.22621.2506_none_270c5ae97388e100;C:\Program Files\Android\Android Studio1\jbr\bin\server;C:\Users\muham\.gradle\native\68d5fa5c4cc2d200863cafc0d521ce42e7d3e7ee720ec0a83991735586a16f82\windows-amd64;C:\Users\muham\.gradle\native\e376f236ea51e6404a007f0833ffe2c6e607c4080706a723a18a27aeea778392\windows-amd64

VM Arguments:
jvm_args: --add-opens=java.base/java.util=ALL-UNNAMED --add-opens=java.base/java.lang=ALL-UNNAMED --add-opens=java.base/java.lang.invoke=ALL-UNNAMED --add-opens=java.prefs/java.util.prefs=ALL-UNNAMED --add-opens=java.base/java.nio.charset=ALL-UNNAMED --add-opens=java.base/java.net=ALL-UNNAMED --add-opens=java.base/java.util.concurrent.atomic=ALL-UNNAMED -Xmx2048m -Dfile.encoding=UTF-8 -Duser.country=TR -Duser.language=tr -Duser.variant 
java_command: org.gradle.launcher.daemon.bootstrap.GradleDaemon 8.0
java_class_path (initial): C:\Users\muham\.gradle\wrapper\dists\gradle-8.0-bin\ca5e32bp14vu59qr306oxotwh\gradle-8.0\lib\gradle-launcher-8.0.jar
Launcher Type: SUN_STANDARD

[Global flags]
     intx CICompilerCount                          = 4                                         {product} {ergonomic}
     uint ConcGCThreads                            = 3                                         {product} {ergonomic}
     uint G1ConcRefinementThreads                  = 10                                        {product} {ergonomic}
   size_t G1HeapRegionSize                         = 1048576                                   {product} {ergonomic}
    uintx GCDrainStackTargetSize                   = 64                                        {product} {ergonomic}
   size_t InitialHeapSize                          = 132120576                                 {product} {ergonomic}
   size_t MarkStackSize                            = 4194304                                   {product} {ergonomic}
   size_t MaxHeapSize                              = 2147483648                                {product} {command line}
   size_t MaxNewSize                               = 1287651328                                {product} {ergonomic}
   size_t MinHeapDeltaBytes                        = 1048576                                   {product} {ergonomic}
   size_t MinHeapSize                              = 8388608                                   {product} {ergonomic}
    uintx NonNMethodCodeHeapSize                   = 5839372                                {pd product} {ergonomic}
    uintx NonProfiledCodeHeapSize                  = 122909434                              {pd product} {ergonomic}
    uintx ProfiledCodeHeapSize                     = 122909434                              {pd product} {ergonomic}
    uintx ReservedCodeCacheSize                    = 251658240                              {pd product} {ergonomic}
     bool SegmentedCodeCache                       = true                                      {product} {ergonomic}
   size_t SoftMaxHeapSize                          = 2147483648                             {manageable} {ergonomic}
     bool UseCompressedClassPointers               = true                           {product lp64_product} {ergonomic}
     bool UseCompressedOops                        = true                           {product lp64_product} {ergonomic}
     bool UseG1GC                                  = true                                      {product} {ergonomic}
     bool UseLargePagesIndividualAllocation        = false                                  {pd product} {ergonomic}

Logging:
Log output configuration:
 #0: stdout all=warning uptime,level,tags
 #1: stderr all=off uptime,level,tags

Environment Variables:
JAVA_HOME=C:\Program Files\Java\jdk-21
PATH=C:\Program Files\Microsoft\jdk-11.0.16.101-hotspot\bin;C:\Program Files\Common Files\Oracle\Java\javapath;C:\Program Files (x86)\Common Files\Intel\Shared Libraries\redist\intel64\compiler;C:\WINDOWS\system32;C:\WINDOWS;C:\WINDOWS\System32\Wbem;C:\WINDOWS\System32\WindowsPowerShell\v1.0\;C:\WINDOWS\System32\OpenSSH\;C:\Program Files (x86)\NVIDIA Corporation\PhysX\Common;C:\Program Files\Microsoft SQL Server\150\Tools\Binn\;C:\Program Files\dotnet\;C:\eclips c ve c++sdk dosya konumu\mingw64\bin;C:\Users\muham\AppData\Local\Microsoft\WindowsApps;C:\Program Files\Java\jdk-21\bin;
USERNAME=muham
OS=Windows_NT
PROCESSOR_IDENTIFIER=Intel64 Family 6 Model 141 Stepping 1, GenuineIntel
TMP=C:\Users\muham\AppData\Local\Temp
TEMP=C:\Users\muham\AppData\Local\Temp


JNI global refs:
JNI global refs: 30, weak refs: 9

JNI global refs memory usage: 843, weak refs: 841


---------------  S Y S T E M  ---------------

OS:
 Windows 11 , 64 bit Build 22621 (10.0.22621.2506)
OS uptime: 5 days 22:21 hours

CPU: total 12 (initial active 12) (6 cores per cpu, 2 threads per core) family 6 model 141 stepping 1 microcode 0x34, cx8, cmov, fxsr, ht, mmx, 3dnowpref, sse, sse2, sse3, ssse3, sse4.1, sse4.2, popcnt, lzcnt, tsc, tscinvbit, avx, avx2, aes, erms, clmul, bmi1, bmi2, adx, avx512f, avx512dq, avx512cd, avx512bw, avx512vl, sha, fma, vzeroupper, avx512_vpopcntdq, avx512_vpclmulqdq, avx512_vaes, avx512_vnni, clflush, clflushopt, clwb, avx512_vbmi2, avx512_vbmi

Memory: 4k page, system-wide physical 7962M (605M free)
TotalPageFile size 32538M (AvailPageFile size 16M)
current process WorkingSet (physical memory assigned to process): 426M, peak: 426M
current process commit charge ("private bytes"): 467M, peak: 481M

vm_info: OpenJDK 64-Bit Server VM (17.0.6+0-b2043.56-10027231) for windows-amd64 JRE (17.0.6+0-b2043.56-10027231), built on Apr 28 2023 00:43:19 by "androidbuild" with MS VC++ 16.10 / 16.11 (VS2019)

END.
