#
# There is insufficient memory for the Java Runtime Environment to continue.
# Native memory allocation (malloc) failed to allocate 1147936 bytes for Chunk::new
# Possible reasons:
#   The system is out of physical RAM or swap space
#   The process is running with CompressedOops enabled, and the Java Heap may be blocking the growth of the native heap
# Possible solutions:
#   Reduce memory load on the system
#   Increase physical memory or swap space
#   Check if swap backing store is full
#   Decrease Java heap size (-Xmx/-Xms)
#   Decrease number of Java threads
#   Decrease Java thread stack sizes (-Xss)
#   Set larger code cache with -XX:ReservedCodeCacheSize=
#   JVM is running with Unscaled Compressed Oops mode in which the Java heap is
#     placed in the first 4GB address space. The Java Heap base address is the
#     maximum limit for the native heap growth. Please use -XX:HeapBaseMinAddress
#     to set the Java Heap base and to place the Java Heap above 4GB virtual address.
# This output file may be truncated or incomplete.
#
#  Out of Memory Error (arena.cpp:189), pid=11720, tid=7832
#
# JRE version: OpenJDK Runtime Environment (17.0.6) (build 17.0.6+0-b2043.56-10027231)
# Java VM: OpenJDK 64-Bit Server VM (17.0.6+0-b2043.56-10027231, mixed mode, tiered, compressed oops, compressed class ptrs, g1 gc, windows-amd64)
# No core dump will be written. Minidumps are not enabled by default on client versions of Windows
#

---------------  S U M M A R Y ------------

Command Line: --add-opens=java.base/java.util=ALL-UNNAMED --add-opens=java.base/java.lang=ALL-UNNAMED --add-opens=java.base/java.lang.invoke=ALL-UNNAMED --add-opens=java.prefs/java.util.prefs=ALL-UNNAMED --add-opens=java.base/java.nio.charset=ALL-UNNAMED --add-opens=java.base/java.net=ALL-UNNAMED --add-opens=java.base/java.util.concurrent.atomic=ALL-UNNAMED -Xmx2048m -Dfile.encoding=UTF-8 -Duser.country=TR -Duser.language=tr -Duser.variant org.gradle.launcher.daemon.bootstrap.GradleDaemon 8.0

Host: 11th Gen Intel(R) Core(TM) i5-11400H @ 2.70GHz, 12 cores, 7G,  Windows 11 , 64 bit Build 22621 (10.0.22621.2506)
Time: Sat Mar  9 17:45:19 2024 Türkiye Standart Saati elapsed time: 6.769548 seconds (0d 0h 0m 6s)

---------------  T H R E A D  ---------------

Current thread (0x00000224fa548860):  JavaThread "C2 CompilerThread2" daemon [_thread_in_native, id=7832, stack(0x0000005402900000,0x0000005402a00000)]


Current CompileTask:
C2:   6769 8023 %     4       org.gradle.internal.instantiation.generator.AbstractClassGenerator::inspectType @ 341 (560 bytes)

Stack: [0x0000005402900000,0x0000005402a00000]
Native frames: (J=compiled Java code, j=interpreted, Vv=VM code, C=native code)
V  [jvm.dll+0x683c9a]
V  [jvm.dll+0x8427a4]
V  [jvm.dll+0x843f9e]
V  [jvm.dll+0x844603]
V  [jvm.dll+0x249b75]
V  [jvm.dll+0xabcac]
V  [jvm.dll+0xac27c]
V  [jvm.dll+0x2b0eef]
V  [jvm.dll+0x58a267]
V  [jvm.dll+0x2243b2]
V  [jvm.dll+0x21dbe9]
V  [jvm.dll+0x21b51b]
V  [jvm.dll+0x1a4fdd]
V  [jvm.dll+0x22b098]
V  [jvm.dll+0x229159]
V  [jvm.dll+0x7f81ec]
V  [jvm.dll+0x7f274a]
V  [jvm.dll+0x682ad5]
C  [ucrtbase.dll+0x29363]
C  [KERNEL32.DLL+0x1257d]
C  [ntdll.dll+0x5aa58]


---------------  P R O C E S S  ---------------

Threads class SMR info:
_java_thread_list=0x0000022480af9d70, length=172, elements={
0x00000224dba60890, 0x00000224f5cfb9e0, 0x00000224f5d005a0, 0x00000224f5d15de0,
0x00000224f5d168a0, 0x00000224f5d127f0, 0x00000224f5d131a0, 0x00000224f6851350,
0x00000224f686f430, 0x00000224f686fe20, 0x00000224f69cb8b0, 0x00000224f69cbd80,
0x00000224f90fd900, 0x00000224f805e080, 0x00000224f9ad2820, 0x00000224f8c56020,
0x00000224f8c564f0, 0x00000224f770f860, 0x00000224f8e91030, 0x00000224f79e5ed0,
0x00000224f79e3850, 0x00000224f79e6d40, 0x00000224f79e7210, 0x00000224f79e6870,
0x00000224f79e46c0, 0x00000224f79e63a0, 0x00000224f79e3d20, 0x00000224f79e4b90,
0x00000224f79e5060, 0x00000224f79e5530, 0x00000224f79e5a00, 0x00000224f9c10f10,
0x00000224f9c13590, 0x00000224f9c16a80, 0x00000224f9c13f30, 0x00000224f9c11d80,
0x00000224f9c130c0, 0x00000224f9c14400, 0x00000224f9c15c10, 0x00000224f9c14da0,
0x00000224f9c165b0, 0x00000224f9c178f0, 0x00000224f9c10a40, 0x00000224f9c12250,
0x00000224f9c10570, 0x00000224fa47fea0, 0x00000224fa47bb40, 0x00000224fa47c4e0,
0x00000224fa47c010, 0x00000224fa47c9b0, 0x00000224fa47ce80, 0x00000224fa47d350,
0x00000224fa4811e0, 0x00000224fa47dcf0, 0x00000224fa481b80, 0x00000224fa480370,
0x00000224fa47f9d0, 0x00000224fa47e1c0, 0x00000224fa47d820, 0x00000224fa47e690,
0x00000224fa47eb60, 0x00000224fa47f500, 0x00000224fa482050, 0x00000224fa47b670,
0x00000224fa482520, 0x00000224fa47acd0, 0x00000224fa480840, 0x00000224fa4816b0,
0x00000224fa480d10, 0x00000224fa47f030, 0x00000224fa47b1a0, 0x000002248000b110,
0x00000224800085c0, 0x000002248000dc60, 0x0000022480009dd0, 0x000002248000a2a0,
0x000002248000a770, 0x000002248000ac40, 0x0000022480008a90, 0x000002248000f940,
0x000002248000e600, 0x0000022480008f60, 0x000002248000e130, 0x000002248000b5e0,
0x000002248000bab0, 0x000002248000f470, 0x000002248000ead0, 0x00000224800080f0,
0x000002248000efa0, 0x0000022480009430, 0x0000022480009900, 0x000002248000bf80,
0x000002248000c450, 0x000002248000c920, 0x000002248000d790, 0x000002248000cdf0,
0x000002248000d2c0, 0x00000224fd94e370, 0x00000224fd94dea0, 0x00000224fd950050,
0x00000224fd9509f0, 0x00000224fd94f6b0, 0x00000224fd951860, 0x00000224fd950520,
0x00000224fd950ec0, 0x00000224fd94e840, 0x00000224fd951390, 0x00000224fd94ed10,
0x00000224fd94f1e0, 0x00000224fd94fb80, 0x00000224802aec60, 0x00000224f6ba9c20,
0x00000224802acf80, 0x00000224802ad450, 0x00000224802ae2c0, 0x00000224802ae790,
0x00000224802ac110, 0x00000224802b1c80, 0x00000224802b12e0, 0x00000224802b2af0,
0x00000224802b2fc0, 0x00000224802b2620, 0x00000224802ab770, 0x00000224802abc40,
0x00000224802ad920, 0x00000224802ac5e0, 0x00000224802addf0, 0x00000224802acab0,
0x00000224802af600, 0x00000224802afad0, 0x00000224802affa0, 0x00000224802af130,
0x00000224802b0470, 0x00000224802b0940, 0x00000224802b0e10, 0x00000224802b17b0,
0x00000224802b2150, 0x00000224fcc519d0, 0x00000224fcc52370, 0x00000224fcc4db40,
0x00000224fcc4f350, 0x00000224fcc51ea0, 0x00000224fcc4b990, 0x00000224fcc4d670,
0x00000224fcc4e010, 0x00000224fcc4f820, 0x00000224fcc4be60, 0x00000224fcc4aff0,
0x00000224fcc4c330, 0x00000224fcc4e4e0, 0x00000224fcc52840, 0x00000224fcc4fcf0,
0x00000224fcc50690, 0x00000224fcc4c800, 0x00000224fcc4ccd0, 0x00000224fcc4b4c0,
0x00000224fcc50b60, 0x00000224fcc4ee80, 0x00000224fcc4d1a0, 0x00000224fcc4e9b0,
0x00000224fcc51500, 0x00000224fcc501c0, 0x00000224fcc51030, 0x0000022480200cb0,
0x00000224802024c0, 0x0000022480201b20, 0x0000022480203330, 0x0000022480206cf0,
0x00000224802059b0, 0x0000022480203800, 0x0000022480206820, 0x00000224fa548860
}

Java Threads: ( => current thread )
  0x00000224dba60890 JavaThread "main" [_thread_blocked, id=13248, stack(0x0000005476800000,0x0000005476900000)]
  0x00000224f5cfb9e0 JavaThread "Reference Handler" daemon [_thread_blocked, id=14948, stack(0x0000005476f00000,0x0000005477000000)]
  0x00000224f5d005a0 JavaThread "Finalizer" daemon [_thread_blocked, id=16644, stack(0x0000005477000000,0x0000005477100000)]
  0x00000224f5d15de0 JavaThread "Signal Dispatcher" daemon [_thread_blocked, id=11780, stack(0x0000005477100000,0x0000005477200000)]
  0x00000224f5d168a0 JavaThread "Attach Listener" daemon [_thread_blocked, id=9964, stack(0x0000005477200000,0x0000005477300000)]
  0x00000224f5d127f0 JavaThread "Service Thread" daemon [_thread_blocked, id=14344, stack(0x0000005477300000,0x0000005477400000)]
  0x00000224f5d131a0 JavaThread "Monitor Deflation Thread" daemon [_thread_blocked, id=12012, stack(0x0000005477400000,0x0000005477500000)]
  0x00000224f6851350 JavaThread "C2 CompilerThread0" daemon [_thread_blocked, id=11540, stack(0x0000005477500000,0x0000005477600000)]
  0x00000224f686f430 JavaThread "C1 CompilerThread0" daemon [_thread_blocked, id=18060, stack(0x0000005477600000,0x0000005477700000)]
  0x00000224f686fe20 JavaThread "Sweeper thread" daemon [_thread_blocked, id=15600, stack(0x0000005477700000,0x0000005477800000)]
  0x00000224f69cb8b0 JavaThread "Common-Cleaner" daemon [_thread_blocked, id=19516, stack(0x0000005477800000,0x0000005477900000)]
  0x00000224f69cbd80 JavaThread "Notification Thread" daemon [_thread_blocked, id=15448, stack(0x0000005477900000,0x0000005477a00000)]
  0x00000224f90fd900 JavaThread "Daemon health stats" [_thread_blocked, id=17268, stack(0x0000005478100000,0x0000005478200000)]
  0x00000224f805e080 JavaThread "Incoming local TCP Connector on port 59837" [_thread_in_native, id=14192, stack(0x0000005478200000,0x0000005478300000)]
  0x00000224f9ad2820 JavaThread "Daemon periodic checks" [_thread_blocked, id=12480, stack(0x0000005478300000,0x0000005478400000)]
  0x00000224f8c56020 JavaThread "Daemon" [_thread_blocked, id=11924, stack(0x0000005478400000,0x0000005478500000)]
  0x00000224f8c564f0 JavaThread "Handler for socket connection from /127.0.0.1:59837 to /127.0.0.1:59839" [_thread_in_native, id=6468, stack(0x0000005478500000,0x0000005478600000)]
  0x00000224f770f860 JavaThread "Cancel handler" [_thread_blocked, id=9428, stack(0x0000005478600000,0x0000005478700000)]
  0x00000224f8e91030 JavaThread "Daemon worker" [_thread_in_vm, id=10920, stack(0x0000005478700000,0x0000005478800000)]
  0x00000224f79e5ed0 JavaThread "Asynchronous log dispatcher for DefaultDaemonConnection: socket connection from /127.0.0.1:59837 to /127.0.0.1:59839" [_thread_blocked, id=20528, stack(0x0000005478800000,0x0000005478900000)]
  0x00000224f79e3850 JavaThread "Stdin handler" [_thread_blocked, id=13960, stack(0x0000005478900000,0x0000005478a00000)]
  0x00000224f79e6d40 JavaThread "Daemon client event forwarder" [_thread_blocked, id=1528, stack(0x0000005478a00000,0x0000005478b00000)]
  0x00000224f79e7210 JavaThread "Cache worker for journal cache (C:\Users\muham\.gradle\caches\journal-1)" [_thread_blocked, id=16312, stack(0x0000005479200000,0x0000005479300000)]
  0x00000224f79e6870 JavaThread "File lock request listener" [_thread_in_native, id=18400, stack(0x0000005479300000,0x0000005479400000)]
  0x00000224f79e46c0 JavaThread "Cache worker for file hash cache (C:\Users\muham\.gradle\caches\8.0\fileHashes)" [_thread_blocked, id=20320, stack(0x0000005479400000,0x0000005479500000)]
  0x00000224f79e63a0 JavaThread "File watcher server" daemon [_thread_in_native, id=19544, stack(0x0000005479500000,0x0000005479600000)]
  0x00000224f79e3d20 JavaThread "File watcher consumer" daemon [_thread_blocked, id=3932, stack(0x0000005479600000,0x0000005479700000)]
  0x00000224f79e4b90 JavaThread "Cache worker for checksums cache (C:\Users\muham\AndroidStudioProjects\matemetikdusleri\.gradle\8.0\checksums)" [_thread_blocked, id=9340, stack(0x0000005479700000,0x0000005479800000)]
  0x00000224f79e5060 JavaThread "Cache worker for cache directory md-rule (C:\Users\muham\.gradle\caches\8.0\md-rule)" [_thread_blocked, id=15276, stack(0x0000005479800000,0x0000005479900000)]
  0x00000224f79e5530 JavaThread "Cache worker for file content cache (C:\Users\muham\.gradle\caches\8.0\fileContent)" [_thread_blocked, id=13724, stack(0x0000005479900000,0x0000005479a00000)]
  0x00000224f79e5a00 JavaThread "Cache worker for file hash cache (C:\Users\muham\AndroidStudioProjects\matemetikdusleri\.gradle\8.0\fileHashes)" [_thread_blocked, id=8688, stack(0x0000005479a00000,0x0000005479b00000)]
  0x00000224f9c10f10 JavaThread "Cache worker for cache directory md-supplier (C:\Users\muham\.gradle\caches\8.0\md-supplier)" [_thread_blocked, id=13748, stack(0x0000005479b00000,0x0000005479c00000)]
  0x00000224f9c13590 JavaThread "Cache worker for execution history cache (C:\Users\muham\.gradle\caches\8.0\executionHistory)" [_thread_blocked, id=12188, stack(0x0000005479c00000,0x0000005479d00000)]
  0x00000224f9c16a80 JavaThread "jar transforms" [_thread_blocked, id=6728, stack(0x0000005479d00000,0x0000005479e00000)]
  0x00000224f9c13f30 JavaThread "jar transforms Thread 2" [_thread_blocked, id=1512, stack(0x0000005479e00000,0x0000005479f00000)]
  0x00000224f9c11d80 JavaThread "Cache worker for kotlin-dsl (C:\Users\muham\.gradle\caches\8.0\kotlin-dsl)" [_thread_blocked, id=18448, stack(0x0000005479f00000,0x000000547a000000)]
  0x00000224f9c130c0 JavaThread "jar transforms Thread 3" [_thread_blocked, id=6352, stack(0x000000547a000000,0x000000547a100000)]
  0x00000224f9c14400 JavaThread "jar transforms Thread 4" [_thread_blocked, id=19940, stack(0x000000547a100000,0x000000547a200000)]
  0x00000224f9c15c10 JavaThread "Cache worker for dependencies-accessors (C:\Users\muham\AndroidStudioProjects\matemetikdusleri\.gradle\8.0\dependencies-accessors)" [_thread_blocked, id=9844, stack(0x000000547a200000,0x000000547a300000)]
  0x00000224f9c14da0 JavaThread "Cache worker for Build Output Cleanup Cache (C:\Users\muham\AndroidStudioProjects\matemetikdusleri\.gradle\buildOutputCleanup)" [_thread_blocked, id=18032, stack(0x000000547a300000,0x000000547a400000)]
  0x00000224f9c165b0 JavaThread "jar transforms Thread 5" [_thread_blocked, id=4464, stack(0x000000547a400000,0x000000547a500000)]
  0x00000224f9c178f0 JavaThread "Unconstrained build operations" [_thread_blocked, id=2412, stack(0x0000005477b00000,0x0000005477c00000)]
  0x00000224f9c10a40 JavaThread "Unconstrained build operations Thread 2" [_thread_blocked, id=16452, stack(0x0000005477c00000,0x0000005477d00000)]
  0x00000224f9c12250 JavaThread "Unconstrained build operations Thread 3" [_thread_blocked, id=15812, stack(0x000000547a600000,0x000000547a700000)]
  0x00000224f9c10570 JavaThread "Unconstrained build operations Thread 4" [_thread_blocked, id=16276, stack(0x000000547a700000,0x000000547a800000)]
  0x00000224fa47fea0 JavaThread "Unconstrained build operations Thread 5" [_thread_blocked, id=19784, stack(0x000000547a800000,0x000000547a900000)]
  0x00000224fa47bb40 JavaThread "Unconstrained build operations Thread 6" [_thread_blocked, id=8096, stack(0x000000547a900000,0x000000547aa00000)]
  0x00000224fa47c4e0 JavaThread "Unconstrained build operations Thread 7" [_thread_blocked, id=20556, stack(0x000000547aa00000,0x000000547ab00000)]
  0x00000224fa47c010 JavaThread "Unconstrained build operations Thread 8" [_thread_blocked, id=6096, stack(0x000000547ab00000,0x000000547ac00000)]
  0x00000224fa47c9b0 JavaThread "Unconstrained build operations Thread 9" [_thread_blocked, id=17188, stack(0x000000547ac00000,0x000000547ad00000)]
  0x00000224fa47ce80 JavaThread "Unconstrained build operations Thread 10" [_thread_blocked, id=15588, stack(0x000000547ad00000,0x000000547ae00000)]
  0x00000224fa47d350 JavaThread "Unconstrained build operations Thread 11" [_thread_blocked, id=5456, stack(0x000000547ae00000,0x000000547af00000)]
  0x00000224fa4811e0 JavaThread "Unconstrained build operations Thread 12" [_thread_blocked, id=20188, stack(0x000000547af00000,0x000000547b000000)]
  0x00000224fa47dcf0 JavaThread "Unconstrained build operations Thread 13" [_thread_blocked, id=8208, stack(0x000000547b000000,0x000000547b100000)]
  0x00000224fa481b80 JavaThread "Unconstrained build operations Thread 14" [_thread_blocked, id=4616, stack(0x000000547b100000,0x000000547b200000)]
  0x00000224fa480370 JavaThread "Unconstrained build operations Thread 15" [_thread_blocked, id=19424, stack(0x000000547b200000,0x000000547b300000)]
  0x00000224fa47f9d0 JavaThread "Unconstrained build operations Thread 16" [_thread_blocked, id=12368, stack(0x000000547b300000,0x000000547b400000)]
  0x00000224fa47e1c0 JavaThread "Unconstrained build operations Thread 17" [_thread_blocked, id=16180, stack(0x000000547b400000,0x000000547b500000)]
  0x00000224fa47d820 JavaThread "Unconstrained build operations Thread 18" [_thread_blocked, id=21228, stack(0x000000547b500000,0x000000547b600000)]
  0x00000224fa47e690 JavaThread "Unconstrained build operations Thread 19" [_thread_blocked, id=16652, stack(0x000000547b600000,0x000000547b700000)]
  0x00000224fa47eb60 JavaThread "Unconstrained build operations Thread 20" [_thread_blocked, id=13940, stack(0x000000547b700000,0x000000547b800000)]
  0x00000224fa47f500 JavaThread "Unconstrained build operations Thread 21" [_thread_blocked, id=18372, stack(0x000000547b800000,0x000000547b900000)]
  0x00000224fa482050 JavaThread "Unconstrained build operations Thread 22" [_thread_blocked, id=17756, stack(0x000000547b900000,0x000000547ba00000)]
  0x00000224fa47b670 JavaThread "Unconstrained build operations Thread 23" [_thread_blocked, id=16572, stack(0x000000547ba00000,0x000000547bb00000)]
  0x00000224fa482520 JavaThread "Unconstrained build operations Thread 24" [_thread_blocked, id=12264, stack(0x000000547bb00000,0x000000547bc00000)]
  0x00000224fa47acd0 JavaThread "Unconstrained build operations Thread 25" [_thread_blocked, id=13068, stack(0x000000547bc00000,0x000000547bd00000)]
  0x00000224fa480840 JavaThread "Unconstrained build operations Thread 26" [_thread_blocked, id=3820, stack(0x000000547bd00000,0x000000547be00000)]
  0x00000224fa4816b0 JavaThread "Unconstrained build operations Thread 27" [_thread_blocked, id=4192, stack(0x000000547be00000,0x000000547bf00000)]
  0x00000224fa480d10 JavaThread "Unconstrained build operations Thread 28" [_thread_blocked, id=11496, stack(0x000000547bf00000,0x000000547c000000)]
  0x00000224fa47f030 JavaThread "Unconstrained build operations Thread 29" [_thread_blocked, id=20532, stack(0x000000547c000000,0x000000547c100000)]
  0x00000224fa47b1a0 JavaThread "Unconstrained build operations Thread 30" [_thread_blocked, id=10044, stack(0x000000547c100000,0x000000547c200000)]
  0x000002248000b110 JavaThread "Unconstrained build operations Thread 31" [_thread_blocked, id=11536, stack(0x000000547c200000,0x000000547c300000)]
  0x00000224800085c0 JavaThread "Unconstrained build operations Thread 32" [_thread_blocked, id=18592, stack(0x000000547c300000,0x000000547c400000)]
  0x000002248000dc60 JavaThread "Unconstrained build operations Thread 33" [_thread_blocked, id=12816, stack(0x000000547c400000,0x000000547c500000)]
  0x0000022480009dd0 JavaThread "Unconstrained build operations Thread 34" [_thread_blocked, id=8360, stack(0x000000547c500000,0x000000547c600000)]
  0x000002248000a2a0 JavaThread "Unconstrained build operations Thread 35" [_thread_blocked, id=10508, stack(0x000000547c600000,0x000000547c700000)]
  0x000002248000a770 JavaThread "Unconstrained build operations Thread 36" [_thread_blocked, id=2416, stack(0x000000547c700000,0x000000547c800000)]
  0x000002248000ac40 JavaThread "Unconstrained build operations Thread 37" [_thread_blocked, id=18244, stack(0x000000547c800000,0x000000547c900000)]
  0x0000022480008a90 JavaThread "Unconstrained build operations Thread 38" [_thread_blocked, id=14156, stack(0x000000547c900000,0x000000547ca00000)]
  0x000002248000f940 JavaThread "Unconstrained build operations Thread 39" [_thread_blocked, id=18280, stack(0x000000547ca00000,0x000000547cb00000)]
  0x000002248000e600 JavaThread "Unconstrained build operations Thread 40" [_thread_blocked, id=19436, stack(0x000000547cb00000,0x000000547cc00000)]
  0x0000022480008f60 JavaThread "Unconstrained build operations Thread 41" [_thread_blocked, id=10560, stack(0x000000547cc00000,0x000000547cd00000)]
  0x000002248000e130 JavaThread "Unconstrained build operations Thread 42" [_thread_blocked, id=8920, stack(0x000000547cd00000,0x000000547ce00000)]
  0x000002248000b5e0 JavaThread "Unconstrained build operations Thread 43" [_thread_blocked, id=1360, stack(0x000000547ce00000,0x000000547cf00000)]
  0x000002248000bab0 JavaThread "Unconstrained build operations Thread 44" [_thread_blocked, id=20844, stack(0x000000547cf00000,0x000000547d000000)]
  0x000002248000f470 JavaThread "Unconstrained build operations Thread 45" [_thread_blocked, id=8100, stack(0x000000547d000000,0x000000547d100000)]
  0x000002248000ead0 JavaThread "Unconstrained build operations Thread 46" [_thread_blocked, id=11756, stack(0x000000547d100000,0x000000547d200000)]
  0x00000224800080f0 JavaThread "Unconstrained build operations Thread 47" [_thread_blocked, id=8876, stack(0x000000547d200000,0x000000547d300000)]
  0x000002248000efa0 JavaThread "Unconstrained build operations Thread 48" [_thread_blocked, id=17208, stack(0x000000547d300000,0x000000547d400000)]
  0x0000022480009430 JavaThread "Unconstrained build operations Thread 49" [_thread_blocked, id=7248, stack(0x000000547d400000,0x000000547d500000)]
  0x0000022480009900 JavaThread "Unconstrained build operations Thread 50" [_thread_blocked, id=17388, stack(0x000000547d500000,0x000000547d600000)]
  0x000002248000bf80 JavaThread "Unconstrained build operations Thread 51" [_thread_blocked, id=17528, stack(0x000000547d600000,0x000000547d700000)]
  0x000002248000c450 JavaThread "Unconstrained build operations Thread 52" [_thread_blocked, id=10356, stack(0x000000547d700000,0x000000547d800000)]
  0x000002248000c920 JavaThread "Unconstrained build operations Thread 53" [_thread_blocked, id=15820, stack(0x000000547d800000,0x000000547d900000)]
  0x000002248000d790 JavaThread "Unconstrained build operations Thread 54" [_thread_blocked, id=12520, stack(0x000000547d900000,0x000000547da00000)]
  0x000002248000cdf0 JavaThread "Unconstrained build operations Thread 55" [_thread_blocked, id=13976, stack(0x000000547da00000,0x000000547db00000)]
  0x000002248000d2c0 JavaThread "Unconstrained build operations Thread 56" [_thread_blocked, id=7320, stack(0x000000547db00000,0x000000547dc00000)]
  0x00000224fd94e370 JavaThread "Unconstrained build operations Thread 57" [_thread_blocked, id=9396, stack(0x000000547dc00000,0x000000547dd00000)]
  0x00000224fd94dea0 JavaThread "Unconstrained build operations Thread 58" [_thread_blocked, id=21444, stack(0x000000547dd00000,0x000000547de00000)]
  0x00000224fd950050 JavaThread "Unconstrained build operations Thread 59" [_thread_blocked, id=7816, stack(0x000000547de00000,0x000000547df00000)]
  0x00000224fd9509f0 JavaThread "Unconstrained build operations Thread 60" [_thread_blocked, id=11440, stack(0x000000547df00000,0x000000547e000000)]
  0x00000224fd94f6b0 JavaThread "Unconstrained build operations Thread 61" [_thread_blocked, id=11212, stack(0x000000547e000000,0x000000547e100000)]
  0x00000224fd951860 JavaThread "Unconstrained build operations Thread 62" [_thread_blocked, id=13148, stack(0x000000547e100000,0x000000547e200000)]
  0x00000224fd950520 JavaThread "Unconstrained build operations Thread 63" [_thread_blocked, id=9020, stack(0x000000547e200000,0x000000547e300000)]
  0x00000224fd950ec0 JavaThread "Unconstrained build operations Thread 64" [_thread_blocked, id=8628, stack(0x000000547e300000,0x000000547e400000)]
  0x00000224fd94e840 JavaThread "Unconstrained build operations Thread 65" [_thread_blocked, id=15048, stack(0x000000547e400000,0x000000547e500000)]
  0x00000224fd951390 JavaThread "Unconstrained build operations Thread 66" [_thread_blocked, id=13464, stack(0x000000547e500000,0x000000547e600000)]
  0x00000224fd94ed10 JavaThread "Unconstrained build operations Thread 67" [_thread_blocked, id=20916, stack(0x000000547e600000,0x000000547e700000)]
  0x00000224fd94f1e0 JavaThread "Unconstrained build operations Thread 68" [_thread_blocked, id=9448, stack(0x000000547e700000,0x000000547e800000)]
  0x00000224fd94fb80 JavaThread "Unconstrained build operations Thread 69" [_thread_blocked, id=10424, stack(0x000000547e800000,0x000000547e900000)]
  0x00000224802aec60 JavaThread "Unconstrained build operations Thread 70" [_thread_blocked, id=20624, stack(0x000000547e900000,0x000000547ea00000)]
  0x00000224f6ba9c20 JavaThread "C2 CompilerThread1" daemon [_thread_in_native, id=20140, stack(0x000000547ea00000,0x000000547eb00000)]
  0x00000224802acf80 JavaThread "Unconstrained build operations Thread 71" [_thread_blocked, id=18316, stack(0x000000547eb00000,0x000000547ec00000)]
  0x00000224802ad450 JavaThread "Unconstrained build operations Thread 72" [_thread_blocked, id=20148, stack(0x000000547ec00000,0x000000547ed00000)]
  0x00000224802ae2c0 JavaThread "Unconstrained build operations Thread 73" [_thread_blocked, id=19292, stack(0x000000547ed00000,0x000000547ee00000)]
  0x00000224802ae790 JavaThread "Unconstrained build operations Thread 74" [_thread_blocked, id=13880, stack(0x000000547ee00000,0x000000547ef00000)]
  0x00000224802ac110 JavaThread "Unconstrained build operations Thread 75" [_thread_blocked, id=17052, stack(0x000000547ef00000,0x000000547f000000)]
  0x00000224802b1c80 JavaThread "Unconstrained build operations Thread 76" [_thread_blocked, id=9048, stack(0x000000547f000000,0x000000547f100000)]
  0x00000224802b12e0 JavaThread "Unconstrained build operations Thread 77" [_thread_blocked, id=13212, stack(0x000000547f100000,0x000000547f200000)]
  0x00000224802b2af0 JavaThread "Unconstrained build operations Thread 78" [_thread_blocked, id=18656, stack(0x000000547f200000,0x000000547f300000)]
  0x00000224802b2fc0 JavaThread "Unconstrained build operations Thread 79" [_thread_blocked, id=14444, stack(0x000000547f300000,0x000000547f400000)]
  0x00000224802b2620 JavaThread "Unconstrained build operations Thread 80" [_thread_blocked, id=3276, stack(0x000000547f400000,0x000000547f500000)]
  0x00000224802ab770 JavaThread "Unconstrained build operations Thread 81" [_thread_blocked, id=15796, stack(0x000000547f500000,0x000000547f600000)]
  0x00000224802abc40 JavaThread "Unconstrained build operations Thread 82" [_thread_blocked, id=9384, stack(0x000000547f600000,0x000000547f700000)]
  0x00000224802ad920 JavaThread "Unconstrained build operations Thread 83" [_thread_blocked, id=1440, stack(0x000000547f700000,0x000000547f800000)]
  0x00000224802ac5e0 JavaThread "Unconstrained build operations Thread 84" [_thread_blocked, id=7784, stack(0x000000547f800000,0x000000547f900000)]
  0x00000224802addf0 JavaThread "Unconstrained build operations Thread 85" [_thread_blocked, id=13768, stack(0x000000547f900000,0x000000547fa00000)]
  0x00000224802acab0 JavaThread "Unconstrained build operations Thread 86" [_thread_blocked, id=8512, stack(0x000000547fb00000,0x000000547fc00000)]
  0x00000224802af600 JavaThread "Unconstrained build operations Thread 87" [_thread_blocked, id=20216, stack(0x000000547fc00000,0x000000547fd00000)]
  0x00000224802afad0 JavaThread "Unconstrained build operations Thread 88" [_thread_blocked, id=21492, stack(0x000000547fd00000,0x000000547fe00000)]
  0x00000224802affa0 JavaThread "Unconstrained build operations Thread 89" [_thread_blocked, id=7340, stack(0x000000547fe00000,0x000000547ff00000)]
  0x00000224802af130 JavaThread "Unconstrained build operations Thread 90" [_thread_blocked, id=13840, stack(0x000000547ff00000,0x0000005480000000)]
  0x00000224802b0470 JavaThread "Unconstrained build operations Thread 91" [_thread_blocked, id=10924, stack(0x0000005400000000,0x0000005400100000)]
  0x00000224802b0940 JavaThread "Unconstrained build operations Thread 92" [_thread_blocked, id=17800, stack(0x0000005400100000,0x0000005400200000)]
  0x00000224802b0e10 JavaThread "Unconstrained build operations Thread 93" [_thread_blocked, id=12676, stack(0x0000005400200000,0x0000005400300000)]
  0x00000224802b17b0 JavaThread "Unconstrained build operations Thread 94" [_thread_blocked, id=3732, stack(0x0000005400300000,0x0000005400400000)]
  0x00000224802b2150 JavaThread "Unconstrained build operations Thread 95" [_thread_blocked, id=14248, stack(0x0000005400400000,0x0000005400500000)]
  0x00000224fcc519d0 JavaThread "Unconstrained build operations Thread 96" [_thread_blocked, id=19856, stack(0x0000005400500000,0x0000005400600000)]
  0x00000224fcc52370 JavaThread "Unconstrained build operations Thread 97" [_thread_blocked, id=12324, stack(0x0000005400600000,0x0000005400700000)]
  0x00000224fcc4db40 JavaThread "Unconstrained build operations Thread 98" [_thread_blocked, id=8860, stack(0x0000005400700000,0x0000005400800000)]
  0x00000224fcc4f350 JavaThread "Unconstrained build operations Thread 99" [_thread_blocked, id=16028, stack(0x0000005400800000,0x0000005400900000)]
  0x00000224fcc51ea0 JavaThread "Unconstrained build operations Thread 100" [_thread_blocked, id=6408, stack(0x0000005400900000,0x0000005400a00000)]
  0x00000224fcc4b990 JavaThread "Unconstrained build operations Thread 101" [_thread_blocked, id=13872, stack(0x0000005400a00000,0x0000005400b00000)]
  0x00000224fcc4d670 JavaThread "Unconstrained build operations Thread 102" [_thread_blocked, id=11396, stack(0x0000005400b00000,0x0000005400c00000)]
  0x00000224fcc4e010 JavaThread "Unconstrained build operations Thread 103" [_thread_blocked, id=6752, stack(0x0000005400c00000,0x0000005400d00000)]
  0x00000224fcc4f820 JavaThread "Unconstrained build operations Thread 104" [_thread_blocked, id=7440, stack(0x0000005400d00000,0x0000005400e00000)]
  0x00000224fcc4be60 JavaThread "Unconstrained build operations Thread 105" [_thread_blocked, id=12740, stack(0x0000005400e00000,0x0000005400f00000)]
  0x00000224fcc4aff0 JavaThread "Unconstrained build operations Thread 106" [_thread_blocked, id=7556, stack(0x0000005400f00000,0x0000005401000000)]
  0x00000224fcc4c330 JavaThread "Unconstrained build operations Thread 107" [_thread_blocked, id=11364, stack(0x0000005401000000,0x0000005401100000)]
  0x00000224fcc4e4e0 JavaThread "Unconstrained build operations Thread 108" [_thread_blocked, id=8880, stack(0x0000005401100000,0x0000005401200000)]
  0x00000224fcc52840 JavaThread "Unconstrained build operations Thread 109" [_thread_blocked, id=7004, stack(0x0000005401200000,0x0000005401300000)]
  0x00000224fcc4fcf0 JavaThread "Unconstrained build operations Thread 110" [_thread_blocked, id=10820, stack(0x0000005401300000,0x0000005401400000)]
  0x00000224fcc50690 JavaThread "Unconstrained build operations Thread 111" [_thread_blocked, id=980, stack(0x0000005401400000,0x0000005401500000)]
  0x00000224fcc4c800 JavaThread "Unconstrained build operations Thread 112" [_thread_blocked, id=16696, stack(0x0000005401500000,0x0000005401600000)]
  0x00000224fcc4ccd0 JavaThread "Unconstrained build operations Thread 113" [_thread_blocked, id=8276, stack(0x0000005401600000,0x0000005401700000)]
  0x00000224fcc4b4c0 JavaThread "Unconstrained build operations Thread 114" [_thread_blocked, id=13268, stack(0x0000005401700000,0x0000005401800000)]
  0x00000224fcc50b60 JavaThread "Unconstrained build operations Thread 115" [_thread_blocked, id=10496, stack(0x0000005401800000,0x0000005401900000)]
  0x00000224fcc4ee80 JavaThread "Unconstrained build operations Thread 116" [_thread_blocked, id=18836, stack(0x0000005401900000,0x0000005401a00000)]
  0x00000224fcc4d1a0 JavaThread "Unconstrained build operations Thread 117" [_thread_blocked, id=11752, stack(0x0000005401a00000,0x0000005401b00000)]
  0x00000224fcc4e9b0 JavaThread "Unconstrained build operations Thread 118" [_thread_blocked, id=4036, stack(0x0000005401b00000,0x0000005401c00000)]
  0x00000224fcc51500 JavaThread "Unconstrained build operations Thread 119" [_thread_blocked, id=2536, stack(0x0000005401c00000,0x0000005401d00000)]
  0x00000224fcc501c0 JavaThread "Unconstrained build operations Thread 120" [_thread_blocked, id=2404, stack(0x0000005401d00000,0x0000005401e00000)]
  0x00000224fcc51030 JavaThread "jar transforms Thread 6" [_thread_blocked, id=7316, stack(0x0000005401e00000,0x0000005401f00000)]
  0x0000022480200cb0 JavaThread "jar transforms Thread 7" [_thread_blocked, id=10452, stack(0x0000005401f00000,0x0000005402000000)]
  0x00000224802024c0 JavaThread "jar transforms Thread 8" [_thread_blocked, id=4660, stack(0x0000005402000000,0x0000005402100000)]
  0x0000022480201b20 JavaThread "jar transforms Thread 9" [_thread_blocked, id=10552, stack(0x0000005402100000,0x0000005402200000)]
  0x0000022480203330 JavaThread "jar transforms Thread 10" [_thread_blocked, id=13736, stack(0x0000005402200000,0x0000005402300000)]
  0x0000022480206cf0 JavaThread "jar transforms Thread 11" [_thread_blocked, id=15568, stack(0x0000005402300000,0x0000005402400000)]
  0x00000224802059b0 JavaThread "jar transforms Thread 12" [_thread_blocked, id=20328, stack(0x0000005402400000,0x0000005402500000)]
  0x0000022480203800 JavaThread "build event listener" [_thread_blocked, id=960, stack(0x0000005402500000,0x0000005402600000)]
  0x0000022480206820 JavaThread "Memory manager" [_thread_blocked, id=16372, stack(0x0000005402600000,0x0000005402700000)]
=>0x00000224fa548860 JavaThread "C2 CompilerThread2" daemon [_thread_in_native, id=7832, stack(0x0000005402900000,0x0000005402a00000)]

Other Threads:
  0x00000224f5cf8490 VMThread "VM Thread" [stack: 0x0000005476e00000,0x0000005476f00000] [id=16092]
  0x00000224dbae2a40 WatcherThread [stack: 0x0000005477a00000,0x0000005477b00000] [id=8396]
  0x00000224dbabc9c0 GCTaskThread "GC Thread#0" [stack: 0x0000005476900000,0x0000005476a00000] [id=6164]
  0x00000224f73b2400 GCTaskThread "GC Thread#1" [stack: 0x0000005477d00000,0x0000005477e00000] [id=8340]
  0x00000224f73b26b0 GCTaskThread "GC Thread#2" [stack: 0x0000005477e00000,0x0000005477f00000] [id=17996]
  0x00000224f75d8030 GCTaskThread "GC Thread#3" [stack: 0x0000005477f00000,0x0000005478000000] [id=16144]
  0x00000224f7f68f80 GCTaskThread "GC Thread#4" [stack: 0x0000005478000000,0x0000005478100000] [id=10084]
  0x00000224f827bd00 GCTaskThread "GC Thread#5" [stack: 0x0000005478b00000,0x0000005478c00000] [id=9648]
  0x00000224f8f20090 GCTaskThread "GC Thread#6" [stack: 0x0000005478c00000,0x0000005478d00000] [id=10676]
  0x00000224f8cb2f90 GCTaskThread "GC Thread#7" [stack: 0x0000005478d00000,0x0000005478e00000] [id=2420]
  0x00000224f994fdd0 GCTaskThread "GC Thread#8" [stack: 0x0000005478e00000,0x0000005478f00000] [id=2968]
  0x00000224f9950080 GCTaskThread "GC Thread#9" [stack: 0x0000005478f00000,0x0000005479000000] [id=16996]
  0x00000224dbacd900 ConcurrentGCThread "G1 Main Marker" [stack: 0x0000005476a00000,0x0000005476b00000] [id=7240]
  0x00000224dbaceac0 ConcurrentGCThread "G1 Conc#0" [stack: 0x0000005476b00000,0x0000005476c00000] [id=6084]
  0x00000224f961ec70 ConcurrentGCThread "G1 Conc#1" [stack: 0x0000005479000000,0x0000005479100000] [id=16992]
  0x00000224f827b190 ConcurrentGCThread "G1 Conc#2" [stack: 0x0000005479100000,0x0000005479200000] [id=7812]
  0x00000224dbb1e070 ConcurrentGCThread "G1 Refine#0" [stack: 0x0000005476c00000,0x0000005476d00000] [id=18360]
  0x00000224fa731060 ConcurrentGCThread "G1 Refine#1" [stack: 0x0000005402700000,0x0000005402800000] [id=16928]
  0x00000224fa730d80 ConcurrentGCThread "G1 Refine#2" [stack: 0x0000005402800000,0x0000005402900000] [id=18184]
  0x00000224dbb1ea90 ConcurrentGCThread "G1 Service" [stack: 0x0000005476d00000,0x0000005476e00000] [id=8708]

Threads with active compile tasks:
C2 CompilerThread0     6782 8104       4       java.lang.reflect.Method::getAnnotation (6 bytes)
C2 CompilerThread1     6782 8099       4       org.objectweb.asm.ByteVector::encodeUtf8 (337 bytes)
C2 CompilerThread2     6782 8023 %     4       org.gradle.internal.instantiation.generator.AbstractClassGenerator::inspectType @ 341 (560 bytes)

VM state: not at safepoint (normal execution)

VM Mutex/Monitor currently owned by a thread: None

Heap address: 0x0000000080000000, size: 2048 MB, Compressed Oops mode: 32-bit

CDS archive(s) not mapped
Compressed class space mapped at: 0x0000000100000000-0x0000000140000000, reserved size: 1073741824
Narrow klass base: 0x0000000000000000, Narrow klass shift: 3, Narrow klass range: 0x140000000

GC Precious Log:
 CPUs: 12 total, 12 available
 Memory: 7962M
 Large Page Support: Disabled
 NUMA Support: Disabled
 Compressed Oops: Enabled (32-bit)
 Heap Region Size: 1M
 Heap Min Capacity: 8M
 Heap Initial Capacity: 126M
 Heap Max Capacity: 2G
 Pre-touch: Disabled
 Parallel Workers: 10
 Concurrent Workers: 3
 Concurrent Refinement Workers: 10
 Periodic GC: Disabled

Heap:
 garbage-first heap   total 153600K, used 89921K [0x0000000080000000, 0x0000000100000000)
  region size 1024K, 28 young (28672K), 5 survivors (5120K)
 Metaspace       used 85717K, committed 86336K, reserved 1130496K
  class space    used 11541K, committed 11840K, reserved 1048576K

Heap Regions: E=young(eden), S=young(survivor), O=old, HS=humongous(starts), HC=humongous(continues), CS=collection set, F=free, OA=open archive, CA=closed archive, TAMS=top-at-mark-start (previous, next)
|   0|0x0000000080000000, 0x0000000080100000, 0x0000000080100000|100%|HS|  |TAMS 0x0000000080100000, 0x0000000080000000| Complete 
|   1|0x0000000080100000, 0x0000000080200000, 0x0000000080200000|100%|HC|  |TAMS 0x0000000080200000, 0x0000000080100000| Complete 
|   2|0x0000000080200000, 0x0000000080300000, 0x0000000080300000|100%|HC|  |TAMS 0x0000000080300000, 0x0000000080200000| Complete 
|   3|0x0000000080300000, 0x0000000080400000, 0x0000000080400000|100%|HC|  |TAMS 0x0000000080400000, 0x0000000080300000| Complete 
|   4|0x0000000080400000, 0x0000000080500000, 0x0000000080500000|100%| O|  |TAMS 0x0000000080500000, 0x0000000080400000| Untracked 
|   5|0x0000000080500000, 0x0000000080600000, 0x0000000080600000|100%| O|  |TAMS 0x0000000080600000, 0x0000000080500000| Untracked 
|   6|0x0000000080600000, 0x0000000080700000, 0x0000000080700000|100%| O|  |TAMS 0x0000000080700000, 0x0000000080600000| Untracked 
|   7|0x0000000080700000, 0x0000000080800000, 0x0000000080800000|100%| O|  |TAMS 0x0000000080800000, 0x0000000080700000| Untracked 
|   8|0x0000000080800000, 0x0000000080900000, 0x0000000080900000|100%| O|  |TAMS 0x0000000080900000, 0x0000000080800000| Untracked 
|   9|0x0000000080900000, 0x0000000080a00000, 0x0000000080a00000|100%| O|  |TAMS 0x0000000080a00000, 0x0000000080900000| Untracked 
|  10|0x0000000080a00000, 0x0000000080b00000, 0x0000000080b00000|100%| O|  |TAMS 0x0000000080b00000, 0x0000000080a00000| Untracked 
|  11|0x0000000080b00000, 0x0000000080b6f400, 0x0000000080c00000| 43%| O|  |TAMS 0x0000000080b6f400, 0x0000000080b00000| Untracked 
|  12|0x0000000080c00000, 0x0000000080d00000, 0x0000000080d00000|100%| O|  |TAMS 0x0000000080d00000, 0x0000000080c00000| Untracked 
|  13|0x0000000080d00000, 0x0000000080e00000, 0x0000000080e00000|100%| O|  |TAMS 0x0000000080e00000, 0x0000000080d00000| Untracked 
|  14|0x0000000080e00000, 0x0000000080f00000, 0x0000000080f00000|100%| O|  |TAMS 0x0000000080f00000, 0x0000000080e00000| Untracked 
|  15|0x0000000080f00000, 0x0000000081000000, 0x0000000081000000|100%| O|  |TAMS 0x0000000081000000, 0x0000000080f00000| Untracked 
|  16|0x0000000081000000, 0x0000000081100000, 0x0000000081100000|100%| O|  |TAMS 0x0000000081100000, 0x0000000081000000| Untracked 
|  17|0x0000000081100000, 0x0000000081200000, 0x0000000081200000|100%| O|  |TAMS 0x0000000081200000, 0x0000000081100000| Untracked 
|  18|0x0000000081200000, 0x0000000081300000, 0x0000000081300000|100%| O|  |TAMS 0x0000000081300000, 0x0000000081200000| Untracked 
|  19|0x0000000081300000, 0x0000000081400000, 0x0000000081400000|100%| O|  |TAMS 0x0000000081400000, 0x0000000081300000| Untracked 
|  20|0x0000000081400000, 0x0000000081469600, 0x0000000081500000| 41%| O|  |TAMS 0x0000000081469600, 0x0000000081400000| Untracked 
|  21|0x0000000081500000, 0x0000000081600000, 0x0000000081600000|100%| O|  |TAMS 0x0000000081600000, 0x0000000081500000| Untracked 
|  22|0x0000000081600000, 0x0000000081700000, 0x0000000081700000|100%| O|  |TAMS 0x0000000081700000, 0x0000000081600000| Untracked 
|  23|0x0000000081700000, 0x0000000081800000, 0x0000000081800000|100%| O|  |TAMS 0x0000000081800000, 0x0000000081700000| Untracked 
|  24|0x0000000081800000, 0x0000000081900000, 0x0000000081900000|100%| O|  |TAMS 0x0000000081900000, 0x0000000081800000| Untracked 
|  25|0x0000000081900000, 0x0000000081a00000, 0x0000000081a00000|100%| O|  |TAMS 0x0000000081a00000, 0x0000000081900000| Untracked 
|  26|0x0000000081a00000, 0x0000000081b00000, 0x0000000081b00000|100%| O|  |TAMS 0x0000000081b00000, 0x0000000081a00000| Untracked 
|  27|0x0000000081b00000, 0x0000000081c00000, 0x0000000081c00000|100%| O|  |TAMS 0x0000000081c00000, 0x0000000081b00000| Untracked 
|  28|0x0000000081c00000, 0x0000000081d00000, 0x0000000081d00000|100%| O|  |TAMS 0x0000000081d00000, 0x0000000081c00000| Untracked 
|  29|0x0000000081d00000, 0x0000000081e00000, 0x0000000081e00000|100%| O|  |TAMS 0x0000000081e00000, 0x0000000081d00000| Untracked 
|  30|0x0000000081e00000, 0x0000000081e5d600, 0x0000000081f00000| 36%| O|  |TAMS 0x0000000081e5d600, 0x0000000081e00000| Untracked 
|  31|0x0000000081f00000, 0x0000000082000000, 0x0000000082000000|100%|HS|  |TAMS 0x0000000081f00000, 0x0000000081f00000| Complete 
|  32|0x0000000082000000, 0x0000000082100000, 0x0000000082100000|100%|HS|  |TAMS 0x0000000082000000, 0x0000000082000000| Complete 
|  33|0x0000000082100000, 0x0000000082200000, 0x0000000082200000|100%|HS|  |TAMS 0x0000000082100000, 0x0000000082100000| Complete 
|  34|0x0000000082200000, 0x0000000082200000, 0x0000000082300000|  0%| F|  |TAMS 0x0000000082200000, 0x0000000082200000| Untracked 
|  35|0x0000000082300000, 0x0000000082400000, 0x0000000082400000|100%|HS|  |TAMS 0x0000000082300000, 0x0000000082300000| Complete 
|  36|0x0000000082400000, 0x0000000082500000, 0x0000000082500000|100%| O|  |TAMS 0x0000000082500000, 0x0000000082400000| Untracked 
|  37|0x0000000082500000, 0x0000000082600000, 0x0000000082600000|100%| O|  |TAMS 0x0000000082600000, 0x0000000082500000| Untracked 
|  38|0x0000000082600000, 0x0000000082700000, 0x0000000082700000|100%|HS|  |TAMS 0x0000000082600000, 0x0000000082600000| Complete 
|  39|0x0000000082700000, 0x0000000082800000, 0x0000000082800000|100%|HS|  |TAMS 0x0000000082700000, 0x0000000082700000| Complete 
|  40|0x0000000082800000, 0x0000000082900000, 0x0000000082900000|100%|HS|  |TAMS 0x0000000082800000, 0x0000000082800000| Complete 
|  41|0x0000000082900000, 0x0000000082a00000, 0x0000000082a00000|100%| O|  |TAMS 0x0000000082900000, 0x0000000082900000| Untracked 
|  42|0x0000000082a00000, 0x0000000082b00000, 0x0000000082b00000|100%| O|  |TAMS 0x0000000082a00000, 0x0000000082a00000| Untracked 
|  43|0x0000000082b00000, 0x0000000082c00000, 0x0000000082c00000|100%| O|  |TAMS 0x0000000082b00000, 0x0000000082b00000| Untracked 
|  44|0x0000000082c00000, 0x0000000082d00000, 0x0000000082d00000|100%| O|  |TAMS 0x0000000082c00000, 0x0000000082c00000| Untracked 
|  45|0x0000000082d00000, 0x0000000082e00000, 0x0000000082e00000|100%| O|  |TAMS 0x0000000082d00000, 0x0000000082d00000| Untracked 
|  46|0x0000000082e00000, 0x0000000082f00000, 0x0000000082f00000|100%| O|  |TAMS 0x0000000082e00000, 0x0000000082e00000| Untracked 
|  47|0x0000000082f00000, 0x0000000083000000, 0x0000000083000000|100%| O|  |TAMS 0x0000000082f00000, 0x0000000082f00000| Untracked 
|  48|0x0000000083000000, 0x0000000083100000, 0x0000000083100000|100%| O|  |TAMS 0x0000000083000000, 0x0000000083000000| Untracked 
|  49|0x0000000083100000, 0x0000000083200000, 0x0000000083200000|100%| O|  |TAMS 0x0000000083100000, 0x0000000083100000| Untracked 
|  50|0x0000000083200000, 0x0000000083300000, 0x0000000083300000|100%| O|  |TAMS 0x0000000083200000, 0x0000000083200000| Untracked 
|  51|0x0000000083300000, 0x00000000833eea00, 0x0000000083400000| 93%| O|  |TAMS 0x0000000083300000, 0x0000000083300000| Untracked 
|  52|0x0000000083400000, 0x0000000083400000, 0x0000000083500000|  0%| F|  |TAMS 0x0000000083400000, 0x0000000083400000| Untracked 
|  53|0x0000000083500000, 0x0000000083500000, 0x0000000083600000|  0%| F|  |TAMS 0x0000000083500000, 0x0000000083500000| Untracked 
|  54|0x0000000083600000, 0x0000000083600000, 0x0000000083700000|  0%| F|  |TAMS 0x0000000083600000, 0x0000000083600000| Untracked 
|  55|0x0000000083700000, 0x0000000083700000, 0x0000000083800000|  0%| F|  |TAMS 0x0000000083700000, 0x0000000083700000| Untracked 
|  56|0x0000000083800000, 0x0000000083800000, 0x0000000083900000|  0%| F|  |TAMS 0x0000000083800000, 0x0000000083800000| Untracked 
|  57|0x0000000083900000, 0x0000000083900000, 0x0000000083a00000|  0%| F|  |TAMS 0x0000000083900000, 0x0000000083900000| Untracked 
|  58|0x0000000083a00000, 0x0000000083a00000, 0x0000000083b00000|  0%| F|  |TAMS 0x0000000083a00000, 0x0000000083a00000| Untracked 
|  59|0x0000000083b00000, 0x0000000083b00000, 0x0000000083c00000|  0%| F|  |TAMS 0x0000000083b00000, 0x0000000083b00000| Untracked 
|  60|0x0000000083c00000, 0x0000000083d00000, 0x0000000083d00000|100%| O|  |TAMS 0x0000000083c00000, 0x0000000083c00000| Untracked 
|  61|0x0000000083d00000, 0x0000000083e00000, 0x0000000083e00000|100%| O|  |TAMS 0x0000000083d00000, 0x0000000083d00000| Untracked 
|  62|0x0000000083e00000, 0x0000000083f00000, 0x0000000083f00000|100%| O|  |TAMS 0x0000000083e00000, 0x0000000083e00000| Untracked 
|  63|0x0000000083f00000, 0x0000000084000000, 0x0000000084000000|100%| O|  |TAMS 0x0000000083f00000, 0x0000000083f00000| Untracked 
|  64|0x0000000084000000, 0x0000000084100000, 0x0000000084100000|100%| O|  |TAMS 0x0000000084000000, 0x0000000084000000| Untracked 
|  65|0x0000000084100000, 0x0000000084200000, 0x0000000084200000|100%| O|  |TAMS 0x0000000084100000, 0x0000000084100000| Untracked 
|  66|0x0000000084200000, 0x0000000084300000, 0x0000000084300000|100%| O|  |TAMS 0x0000000084200000, 0x0000000084200000| Untracked 
|  67|0x0000000084300000, 0x0000000084400000, 0x0000000084400000|100%| O|  |TAMS 0x0000000084300000, 0x0000000084300000| Untracked 
|  68|0x0000000084400000, 0x0000000084500000, 0x0000000084500000|100%| O|  |TAMS 0x0000000084400000, 0x0000000084400000| Untracked 
|  69|0x0000000084500000, 0x0000000084600000, 0x0000000084600000|100%| O|  |TAMS 0x0000000084500000, 0x0000000084500000| Untracked 
|  70|0x0000000084600000, 0x0000000084700000, 0x0000000084700000|100%| O|  |TAMS 0x0000000084600000, 0x0000000084600000| Untracked 
|  71|0x0000000084700000, 0x0000000084800000, 0x0000000084800000|100%| O|  |TAMS 0x0000000084700000, 0x0000000084700000| Untracked 
|  72|0x0000000084800000, 0x0000000084800000, 0x0000000084900000|  0%| F|  |TAMS 0x0000000084800000, 0x0000000084800000| Untracked 
|  73|0x0000000084900000, 0x0000000084900000, 0x0000000084a00000|  0%| F|  |TAMS 0x0000000084900000, 0x0000000084900000| Untracked 
|  74|0x0000000084a00000, 0x0000000084a00000, 0x0000000084b00000|  0%| F|  |TAMS 0x0000000084a00000, 0x0000000084a00000| Untracked 
|  75|0x0000000084b00000, 0x0000000084b00000, 0x0000000084c00000|  0%| F|  |TAMS 0x0000000084b00000, 0x0000000084b00000| Untracked 
|  76|0x0000000084c00000, 0x0000000084c00000, 0x0000000084d00000|  0%| F|  |TAMS 0x0000000084c00000, 0x0000000084c00000| Untracked 
|  77|0x0000000084d00000, 0x0000000084d00000, 0x0000000084e00000|  0%| F|  |TAMS 0x0000000084d00000, 0x0000000084d00000| Untracked 
|  78|0x0000000084e00000, 0x0000000084e00000, 0x0000000084f00000|  0%| F|  |TAMS 0x0000000084e00000, 0x0000000084e00000| Untracked 
|  79|0x0000000084f00000, 0x0000000084f00000, 0x0000000085000000|  0%| F|  |TAMS 0x0000000084f00000, 0x0000000084f00000| Untracked 
|  80|0x0000000085000000, 0x0000000085000000, 0x0000000085100000|  0%| F|  |TAMS 0x0000000085000000, 0x0000000085000000| Untracked 
|  81|0x0000000085100000, 0x0000000085100000, 0x0000000085200000|  0%| F|  |TAMS 0x0000000085100000, 0x0000000085100000| Untracked 
|  82|0x0000000085200000, 0x0000000085200000, 0x0000000085300000|  0%| F|  |TAMS 0x0000000085200000, 0x0000000085200000| Untracked 
|  83|0x0000000085300000, 0x0000000085300000, 0x0000000085400000|  0%| F|  |TAMS 0x0000000085300000, 0x0000000085300000| Untracked 
|  84|0x0000000085400000, 0x0000000085400000, 0x0000000085500000|  0%| F|  |TAMS 0x0000000085400000, 0x0000000085400000| Untracked 
|  85|0x0000000085500000, 0x0000000085500000, 0x0000000085600000|  0%| F|  |TAMS 0x0000000085500000, 0x0000000085500000| Untracked 
|  86|0x0000000085600000, 0x0000000085600000, 0x0000000085700000|  0%| F|  |TAMS 0x0000000085600000, 0x0000000085600000| Untracked 
|  87|0x0000000085700000, 0x0000000085700000, 0x0000000085800000|  0%| F|  |TAMS 0x0000000085700000, 0x0000000085700000| Untracked 
|  88|0x0000000085800000, 0x0000000085800000, 0x0000000085900000|  0%| F|  |TAMS 0x0000000085800000, 0x0000000085800000| Untracked 
|  89|0x0000000085900000, 0x00000000859abbd8, 0x0000000085a00000| 67%| S|CS|TAMS 0x0000000085900000, 0x0000000085900000| Complete 
|  90|0x0000000085a00000, 0x0000000085b00000, 0x0000000085b00000|100%| S|CS|TAMS 0x0000000085a00000, 0x0000000085a00000| Complete 
|  91|0x0000000085b00000, 0x0000000085c00000, 0x0000000085c00000|100%| S|CS|TAMS 0x0000000085b00000, 0x0000000085b00000| Complete 
|  92|0x0000000085c00000, 0x0000000085d00000, 0x0000000085d00000|100%| S|CS|TAMS 0x0000000085c00000, 0x0000000085c00000| Complete 
|  93|0x0000000085d00000, 0x0000000085e00000, 0x0000000085e00000|100%| S|CS|TAMS 0x0000000085d00000, 0x0000000085d00000| Complete 
|  94|0x0000000085e00000, 0x0000000085e00000, 0x0000000085f00000|  0%| F|  |TAMS 0x0000000085e00000, 0x0000000085e00000| Untracked 
|  95|0x0000000085f00000, 0x0000000085f00000, 0x0000000086000000|  0%| F|  |TAMS 0x0000000085f00000, 0x0000000085f00000| Untracked 
|  96|0x0000000086000000, 0x0000000086000000, 0x0000000086100000|  0%| F|  |TAMS 0x0000000086000000, 0x0000000086000000| Untracked 
|  97|0x0000000086100000, 0x0000000086100000, 0x0000000086200000|  0%| F|  |TAMS 0x0000000086100000, 0x0000000086100000| Untracked 
|  98|0x0000000086200000, 0x0000000086200000, 0x0000000086300000|  0%| F|  |TAMS 0x0000000086200000, 0x0000000086200000| Untracked 
|  99|0x0000000086300000, 0x0000000086300000, 0x0000000086400000|  0%| F|  |TAMS 0x0000000086300000, 0x0000000086300000| Untracked 
| 100|0x0000000086400000, 0x0000000086400000, 0x0000000086500000|  0%| F|  |TAMS 0x0000000086400000, 0x0000000086400000| Untracked 
| 101|0x0000000086500000, 0x0000000086500000, 0x0000000086600000|  0%| F|  |TAMS 0x0000000086500000, 0x0000000086500000| Untracked 
| 102|0x0000000086600000, 0x0000000086600000, 0x0000000086700000|  0%| F|  |TAMS 0x0000000086600000, 0x0000000086600000| Untracked 
| 103|0x0000000086700000, 0x0000000086700000, 0x0000000086800000|  0%| F|  |TAMS 0x0000000086700000, 0x0000000086700000| Untracked 
| 104|0x0000000086800000, 0x0000000086800000, 0x0000000086900000|  0%| F|  |TAMS 0x0000000086800000, 0x0000000086800000| Untracked 
| 105|0x0000000086900000, 0x0000000086900000, 0x0000000086a00000|  0%| F|  |TAMS 0x0000000086900000, 0x0000000086900000| Untracked 
| 106|0x0000000086a00000, 0x0000000086a00000, 0x0000000086b00000|  0%| F|  |TAMS 0x0000000086a00000, 0x0000000086a00000| Untracked 
| 107|0x0000000086b00000, 0x0000000086b00000, 0x0000000086c00000|  0%| F|  |TAMS 0x0000000086b00000, 0x0000000086b00000| Untracked 
| 108|0x0000000086c00000, 0x0000000086c00000, 0x0000000086d00000|  0%| F|  |TAMS 0x0000000086c00000, 0x0000000086c00000| Untracked 
| 109|0x0000000086d00000, 0x0000000086d00000, 0x0000000086e00000|  0%| F|  |TAMS 0x0000000086d00000, 0x0000000086d00000| Untracked 
| 110|0x0000000086e00000, 0x0000000086e00000, 0x0000000086f00000|  0%| F|  |TAMS 0x0000000086e00000, 0x0000000086e00000| Untracked 
| 111|0x0000000086f00000, 0x0000000086f00000, 0x0000000087000000|  0%| F|  |TAMS 0x0000000086f00000, 0x0000000086f00000| Untracked 
| 112|0x0000000087000000, 0x0000000087000000, 0x0000000087100000|  0%| F|  |TAMS 0x0000000087000000, 0x0000000087000000| Untracked 
| 113|0x0000000087100000, 0x0000000087100000, 0x0000000087200000|  0%| F|  |TAMS 0x0000000087100000, 0x0000000087100000| Untracked 
| 114|0x0000000087200000, 0x0000000087200000, 0x0000000087300000|  0%| F|  |TAMS 0x0000000087200000, 0x0000000087200000| Untracked 
| 115|0x0000000087300000, 0x0000000087300000, 0x0000000087400000|  0%| F|  |TAMS 0x0000000087300000, 0x0000000087300000| Untracked 
| 116|0x0000000087400000, 0x0000000087400000, 0x0000000087500000|  0%| F|  |TAMS 0x0000000087400000, 0x0000000087400000| Untracked 
| 117|0x0000000087500000, 0x0000000087500000, 0x0000000087600000|  0%| F|  |TAMS 0x0000000087500000, 0x0000000087500000| Untracked 
| 118|0x0000000087600000, 0x0000000087600000, 0x0000000087700000|  0%| F|  |TAMS 0x0000000087600000, 0x0000000087600000| Untracked 
| 119|0x0000000087700000, 0x0000000087700000, 0x0000000087800000|  0%| F|  |TAMS 0x0000000087700000, 0x0000000087700000| Untracked 
| 120|0x0000000087800000, 0x0000000087800000, 0x0000000087900000|  0%| F|  |TAMS 0x0000000087800000, 0x0000000087800000| Untracked 
| 121|0x0000000087900000, 0x0000000087900000, 0x0000000087a00000|  0%| F|  |TAMS 0x0000000087900000, 0x0000000087900000| Untracked 
| 122|0x0000000087a00000, 0x0000000087a00000, 0x0000000087b00000|  0%| F|  |TAMS 0x0000000087a00000, 0x0000000087a00000| Untracked 
| 123|0x0000000087b00000, 0x0000000087b00000, 0x0000000087c00000|  0%| F|  |TAMS 0x0000000087b00000, 0x0000000087b00000| Untracked 
| 124|0x0000000087c00000, 0x0000000087c00000, 0x0000000087d00000|  0%| F|  |TAMS 0x0000000087c00000, 0x0000000087c00000| Untracked 
| 125|0x0000000087d00000, 0x0000000087d00000, 0x0000000087e00000|  0%| F|  |TAMS 0x0000000087d00000, 0x0000000087d00000| Untracked 
| 126|0x0000000087e00000, 0x0000000087e00000, 0x0000000087f00000|  0%| F|  |TAMS 0x0000000087e00000, 0x0000000087e00000| Untracked 
| 127|0x0000000087f00000, 0x0000000088000000, 0x0000000088000000|100%| E|  |TAMS 0x0000000087f00000, 0x0000000087f00000| Complete 
| 128|0x0000000088000000, 0x0000000088100000, 0x0000000088100000|100%| E|CS|TAMS 0x0000000088000000, 0x0000000088000000| Complete 
| 129|0x0000000088100000, 0x0000000088200000, 0x0000000088200000|100%| E|CS|TAMS 0x0000000088100000, 0x0000000088100000| Complete 
| 130|0x0000000088200000, 0x0000000088300000, 0x0000000088300000|100%| E|CS|TAMS 0x0000000088200000, 0x0000000088200000| Complete 
| 131|0x0000000088300000, 0x0000000088400000, 0x0000000088400000|100%| E|CS|TAMS 0x0000000088300000, 0x0000000088300000| Complete 
| 132|0x0000000088400000, 0x0000000088500000, 0x0000000088500000|100%| E|CS|TAMS 0x0000000088400000, 0x0000000088400000| Complete 
| 133|0x0000000088500000, 0x0000000088600000, 0x0000000088600000|100%| E|CS|TAMS 0x0000000088500000, 0x0000000088500000| Complete 
| 134|0x0000000088600000, 0x0000000088700000, 0x0000000088700000|100%| E|CS|TAMS 0x0000000088600000, 0x0000000088600000| Complete 
| 135|0x0000000088700000, 0x0000000088800000, 0x0000000088800000|100%| E|CS|TAMS 0x0000000088700000, 0x0000000088700000| Complete 
| 136|0x0000000088800000, 0x0000000088900000, 0x0000000088900000|100%| E|CS|TAMS 0x0000000088800000, 0x0000000088800000| Complete 
| 137|0x0000000088900000, 0x0000000088a00000, 0x0000000088a00000|100%| E|CS|TAMS 0x0000000088900000, 0x0000000088900000| Complete 
| 138|0x0000000088a00000, 0x0000000088b00000, 0x0000000088b00000|100%| E|CS|TAMS 0x0000000088a00000, 0x0000000088a00000| Complete 
| 139|0x0000000088b00000, 0x0000000088c00000, 0x0000000088c00000|100%| E|CS|TAMS 0x0000000088b00000, 0x0000000088b00000| Complete 
| 140|0x0000000088c00000, 0x0000000088d00000, 0x0000000088d00000|100%| E|CS|TAMS 0x0000000088c00000, 0x0000000088c00000| Complete 
| 141|0x0000000088d00000, 0x0000000088e00000, 0x0000000088e00000|100%| E|CS|TAMS 0x0000000088d00000, 0x0000000088d00000| Complete 
| 142|0x0000000088e00000, 0x0000000088f00000, 0x0000000088f00000|100%| E|CS|TAMS 0x0000000088e00000, 0x0000000088e00000| Complete 
| 143|0x0000000088f00000, 0x0000000089000000, 0x0000000089000000|100%| E|CS|TAMS 0x0000000088f00000, 0x0000000088f00000| Complete 
| 144|0x0000000089000000, 0x0000000089100000, 0x0000000089100000|100%| E|CS|TAMS 0x0000000089000000, 0x0000000089000000| Complete 
| 145|0x0000000089100000, 0x0000000089200000, 0x0000000089200000|100%| E|CS|TAMS 0x0000000089100000, 0x0000000089100000| Complete 
| 146|0x0000000089200000, 0x0000000089300000, 0x0000000089300000|100%| E|CS|TAMS 0x0000000089200000, 0x0000000089200000| Complete 
| 147|0x0000000089300000, 0x0000000089400000, 0x0000000089400000|100%| E|CS|TAMS 0x0000000089300000, 0x0000000089300000| Complete 
| 172|0x000000008ac00000, 0x000000008ad00000, 0x000000008ad00000|100%| E|CS|TAMS 0x000000008ac00000, 0x000000008ac00000| Complete 
| 173|0x000000008ad00000, 0x000000008ae00000, 0x000000008ae00000|100%| E|CS|TAMS 0x000000008ad00000, 0x000000008ad00000| Complete 

Card table byte_map: [0x00000224ee880000,0x00000224eec80000] _byte_map_base: 0x00000224ee480000

Marking Bits (Prev, Next): (CMBitMap*) 0x00000224dbabd010, (CMBitMap*) 0x00000224dbabcfd0
 Prev Bits: [0x00000224f1080000, 0x00000224f3080000)
 Next Bits: [0x00000224ef080000, 0x00000224f1080000)

Polling page: 0x00000224db220000

Metaspace:

Usage:
  Non-class:     72.49 MB used.
      Class:     11.28 MB used.
       Both:     83.77 MB used.

Virtual space:
  Non-class space:       80.00 MB reserved,      72.81 MB ( 91%) committed,  10 nodes.
      Class space:        1.00 GB reserved,      11.56 MB (  1%) committed,  1 nodes.
             Both:        1.08 GB reserved,      84.38 MB (  8%) committed. 

Chunk freelists:
   Non-Class:  2.36 MB
       Class:  400.00 KB
        Both:  2.75 MB

MaxMetaspaceSize: unlimited
CompressedClassSpaceSize: 1.00 GB
Initial GC threshold: 21.00 MB
Current GC threshold: 98.38 MB
CDS: off
MetaspaceReclaimPolicy: balanced
 - commit_granule_bytes: 65536.
 - commit_granule_words: 8192.
 - virtual_space_node_default_size: 1048576.
 - enlarge_chunks_in_place: 1.
 - new_chunks_are_fully_committed: 0.
 - uncommit_free_chunks: 1.
 - use_allocation_guard: 0.
 - handle_deallocations: 1.


Internal statistics:

num_allocs_failed_limit: 9.
num_arena_births: 772.
num_arena_deaths: 0.
num_vsnodes_births: 11.
num_vsnodes_deaths: 0.
num_space_committed: 1350.
num_space_uncommitted: 0.
num_chunks_returned_to_freelist: 9.
num_chunks_taken_from_freelist: 3569.
num_chunk_merges: 9.
num_chunk_splits: 2469.
num_chunks_enlarged: 1771.
num_purges: 0.
num_inconsistent_stats: 0.

CodeHeap 'non-profiled nmethods': size=120000Kb used=4490Kb max_used=4490Kb free=115509Kb
 bounds [0x00000224e69f0000, 0x00000224e6e60000, 0x00000224edf20000]
CodeHeap 'profiled nmethods': size=120000Kb used=14011Kb max_used=14011Kb free=105988Kb
 bounds [0x00000224def20000, 0x00000224dfcd0000, 0x00000224e6450000]
CodeHeap 'non-nmethods': size=5760Kb used=2421Kb max_used=2455Kb free=3338Kb
 bounds [0x00000224e6450000, 0x00000224e66c0000, 0x00000224e69f0000]
 total_blobs=8262 nmethods=7317 adapters=857
 compilation: enabled
              stopped_count=0, restarted_count=0
 full_count=0

Compilation events (20 events):
Event: 6.762 Thread 0x00000224f686f430 8077       3       jdk.internal.reflect.ClassFileAssembler::append (9 bytes)
Event: 6.763 Thread 0x00000224f6851350 8081       4       java.util.ArrayList$Itr::<init> (26 bytes)
Event: 6.763 Thread 0x00000224f686f430 nmethod 8077 0x00000224dfcc4810 code [0x00000224dfcc4a00, 0x00000224dfcc4f18]
Event: 6.763 Thread 0x00000224f686f430 8080       3       java.util.Arrays::sort (37 bytes)
Event: 6.763 Thread 0x00000224f686f430 nmethod 8080 0x00000224dfcc5210 code [0x00000224dfcc53c0, 0x00000224dfcc55b8]
Event: 6.763 Thread 0x00000224f686f430 8078       3       org.gradle.internal.reflect.annotations.impl.DefaultTypeAnnotationMetadataStore$PropertyAnnotationMetadataBuilder$$Lambda$802/0x000000010086d800::apply (13 bytes)
Event: 6.763 Thread 0x00000224f686f430 nmethod 8078 0x00000224dfcc5690 code [0x00000224dfcc5840, 0x00000224dfcc5c08]
Event: 6.763 Thread 0x00000224f686f430 8079       1       org.gradle.internal.execution.model.annotations.ModifierAnnotationCategory::getDisplayName (5 bytes)
Event: 6.763 Thread 0x00000224f686f430 nmethod 8079 0x00000224e6e4e910 code [0x00000224e6e4eaa0, 0x00000224e6e4eb78]
Event: 6.763 Thread 0x00000224f686f430 8083       3       org.gradle.internal.instantiation.generator.AsmBackedClassGenerator$ClassBuilderImpl$LocalMethodVisitorScope::putServiceRegistryOnStack (56 bytes)
Event: 6.764 Thread 0x00000224f686f430 nmethod 8083 0x00000224dfcc5d10 code [0x00000224dfcc5f80, 0x00000224dfcc6b78]
Event: 6.764 Thread 0x00000224f6851350 nmethod 8081 0x00000224e6e4ec10 code [0x00000224e6e4ed80, 0x00000224e6e4ef18]
Event: 6.764 Thread 0x00000224f6851350 8082       4       java.lang.Class::privateGetDeclaredMethods (64 bytes)
Event: 6.764 Thread 0x00000224f686f430 8084       3       org.gradle.api.internal.provider.DefaultProperty::set (32 bytes)
Event: 6.764 Thread 0x00000224f686f430 nmethod 8084 0x00000224dfcc7010 code [0x00000224dfcc7260, 0x00000224dfcc8028]
Event: 6.766 Thread 0x00000224f6ba9c20 nmethod 8075% 0x00000224e6e4ef90 code [0x00000224e6e4f120, 0x00000224e6e4f938]
Event: 6.767 Thread 0x00000224f686f430 8085       3       org.gradle.internal.instantiation.generator.AsmBackedClassGenerator$ClassBuilderImpl::access$5700 (4 bytes)
Event: 6.767 Thread 0x00000224f686f430 nmethod 8085 0x00000224dfcc8310 code [0x00000224dfcc84a0, 0x00000224dfcc8598]
Event: 6.768 Thread 0x00000224f686f430 8086       3       org.gradle.model.internal.asm.MethodVisitorScope::_AASTORE (7 bytes)
Event: 6.768 Thread 0x00000224f686f430 nmethod 8086 0x00000224dfcc8610 code [0x00000224dfcc87c0, 0x00000224dfcc8a28]

GC Heap History (20 events):
Event: 2.227 GC heap before
{Heap before GC invocations=6 (full 0):
 garbage-first heap   total 68608K, used 47627K [0x0000000080000000, 0x0000000100000000)
  region size 1024K, 30 young (30720K), 4 survivors (4096K)
 Metaspace       used 34830K, committed 35136K, reserved 1081344K
  class space    used 4820K, committed 4992K, reserved 1048576K
}
Event: 2.231 GC heap after
{Heap after GC invocations=7 (full 0):
 garbage-first heap   total 103424K, used 23565K [0x0000000080000000, 0x0000000100000000)
  region size 1024K, 4 young (4096K), 4 survivors (4096K)
 Metaspace       used 34830K, committed 35136K, reserved 1081344K
  class space    used 4820K, committed 4992K, reserved 1048576K
}
Event: 2.313 GC heap before
{Heap before GC invocations=7 (full 0):
 garbage-first heap   total 103424K, used 27661K [0x0000000080000000, 0x0000000100000000)
  region size 1024K, 9 young (9216K), 4 survivors (4096K)
 Metaspace       used 35647K, committed 35968K, reserved 1081344K
  class space    used 4903K, committed 5056K, reserved 1048576K
}
Event: 2.317 GC heap after
{Heap after GC invocations=8 (full 0):
 garbage-first heap   total 103424K, used 24385K [0x0000000080000000, 0x0000000100000000)
  region size 1024K, 4 young (4096K), 4 survivors (4096K)
 Metaspace       used 35647K, committed 35968K, reserved 1081344K
  class space    used 4903K, committed 5056K, reserved 1048576K
}
Event: 2.758 GC heap before
{Heap before GC invocations=9 (full 0):
 garbage-first heap   total 89088K, used 73537K [0x0000000080000000, 0x0000000100000000)
  region size 1024K, 51 young (52224K), 4 survivors (4096K)
 Metaspace       used 43156K, committed 43584K, reserved 1089536K
  class space    used 5670K, committed 5888K, reserved 1048576K
}
Event: 2.762 GC heap after
{Heap after GC invocations=10 (full 0):
 garbage-first heap   total 89088K, used 29414K [0x0000000080000000, 0x0000000100000000)
  region size 1024K, 7 young (7168K), 7 survivors (7168K)
 Metaspace       used 43156K, committed 43584K, reserved 1089536K
  class space    used 5670K, committed 5888K, reserved 1048576K
}
Event: 3.042 GC heap before
{Heap before GC invocations=10 (full 0):
 garbage-first heap   total 89088K, used 66278K [0x0000000080000000, 0x0000000100000000)
  region size 1024K, 43 young (44032K), 7 survivors (7168K)
 Metaspace       used 47207K, committed 47616K, reserved 1097728K
  class space    used 6223K, committed 6400K, reserved 1048576K
}
Event: 3.046 GC heap after
{Heap after GC invocations=11 (full 0):
 garbage-first heap   total 89088K, used 31832K [0x0000000080000000, 0x0000000100000000)
  region size 1024K, 3 young (3072K), 3 survivors (3072K)
 Metaspace       used 47207K, committed 47616K, reserved 1097728K
  class space    used 6223K, committed 6400K, reserved 1048576K
}
Event: 3.390 GC heap before
{Heap before GC invocations=11 (full 0):
 garbage-first heap   total 89088K, used 66648K [0x0000000080000000, 0x0000000100000000)
  region size 1024K, 37 young (37888K), 3 survivors (3072K)
 Metaspace       used 52013K, committed 52480K, reserved 1097728K
  class space    used 6977K, committed 7232K, reserved 1048576K
}
Event: 3.438 GC heap after
{Heap after GC invocations=12 (full 0):
 garbage-first heap   total 89088K, used 33110K [0x0000000080000000, 0x0000000100000000)
  region size 1024K, 4 young (4096K), 4 survivors (4096K)
 Metaspace       used 52013K, committed 52480K, reserved 1097728K
  class space    used 6977K, committed 7232K, reserved 1048576K
}
Event: 4.559 GC heap before
{Heap before GC invocations=12 (full 0):
 garbage-first heap   total 89088K, used 67926K [0x0000000080000000, 0x0000000100000000)
  region size 1024K, 39 young (39936K), 4 survivors (4096K)
 Metaspace       used 59417K, committed 59904K, reserved 1105920K
  class space    used 7913K, committed 8128K, reserved 1048576K
}
Event: 4.573 GC heap after
{Heap after GC invocations=13 (full 0):
 garbage-first heap   total 178176K, used 37080K [0x0000000080000000, 0x0000000100000000)
  region size 1024K, 5 young (5120K), 5 survivors (5120K)
 Metaspace       used 59417K, committed 59904K, reserved 1105920K
  class space    used 7913K, committed 8128K, reserved 1048576K
}
Event: 4.777 GC heap before
{Heap before GC invocations=13 (full 0):
 garbage-first heap   total 178176K, used 66776K [0x0000000080000000, 0x0000000100000000)
  region size 1024K, 36 young (36864K), 5 survivors (5120K)
 Metaspace       used 59867K, committed 60288K, reserved 1105920K
  class space    used 7958K, committed 8128K, reserved 1048576K
}
Event: 4.781 GC heap after
{Heap after GC invocations=14 (full 0):
 garbage-first heap   total 178176K, used 39943K [0x0000000080000000, 0x0000000100000000)
  region size 1024K, 8 young (8192K), 8 survivors (8192K)
 Metaspace       used 59867K, committed 60288K, reserved 1105920K
  class space    used 7958K, committed 8128K, reserved 1048576K
}
Event: 5.549 GC heap before
{Heap before GC invocations=15 (full 0):
 garbage-first heap   total 153600K, used 131079K [0x0000000080000000, 0x0000000100000000)
  region size 1024K, 90 young (92160K), 8 survivors (8192K)
 Metaspace       used 70567K, committed 71168K, reserved 1114112K
  class space    used 9320K, committed 9600K, reserved 1048576K
}
Event: 5.600 GC heap after
{Heap after GC invocations=16 (full 0):
 garbage-first heap   total 153600K, used 56451K [0x0000000080000000, 0x0000000100000000)
  region size 1024K, 12 young (12288K), 12 survivors (12288K)
 Metaspace       used 70567K, committed 71168K, reserved 1114112K
  class space    used 9320K, committed 9600K, reserved 1048576K
}
Event: 6.099 GC heap before
{Heap before GC invocations=16 (full 0):
 garbage-first heap   total 153600K, used 120963K [0x0000000080000000, 0x0000000100000000)
  region size 1024K, 73 young (74752K), 12 survivors (12288K)
 Metaspace       used 77116K, committed 77696K, reserved 1122304K
  class space    used 10193K, committed 10496K, reserved 1048576K
}
Event: 6.150 GC heap after
{Heap after GC invocations=17 (full 0):
 garbage-first heap   total 153600K, used 62861K [0x0000000080000000, 0x0000000100000000)
  region size 1024K, 5 young (5120K), 5 survivors (5120K)
 Metaspace       used 77116K, committed 77696K, reserved 1122304K
  class space    used 10193K, committed 10496K, reserved 1048576K
}
Event: 6.578 GC heap before
{Heap before GC invocations=17 (full 0):
 garbage-first heap   total 153600K, used 120205K [0x0000000080000000, 0x0000000100000000)
  region size 1024K, 61 young (62464K), 5 survivors (5120K)
 Metaspace       used 82875K, committed 83520K, reserved 1122304K
  class space    used 11039K, committed 11328K, reserved 1048576K
}
Event: 6.582 GC heap after
{Heap after GC invocations=18 (full 0):
 garbage-first heap   total 153600K, used 67393K [0x0000000080000000, 0x0000000100000000)
  region size 1024K, 5 young (5120K), 5 survivors (5120K)
 Metaspace       used 82875K, committed 83520K, reserved 1122304K
  class space    used 11039K, committed 11328K, reserved 1048576K
}

Dll operation events (2 events):
Event: 0.004 Loaded shared library C:\Program Files\Android\Android Studio1\jbr\bin\java.dll
Event: 0.228 Loaded shared library C:\Program Files\Android\Android Studio1\jbr\bin\verify.dll

Deoptimization events (20 events):
Event: 6.716 Thread 0x00000224f8e91030 Uncommon trap: trap_request=0xffffff45 fr.pc=0x00000224e6ab452c relative=0x000000000000026c
Event: 6.716 Thread 0x00000224f8e91030 Uncommon trap: reason=unstable_if action=reinterpret pc=0x00000224e6ab452c method=java.io.WinNTFileSystem.prefixLength(Ljava/lang/String;)I @ 11 c2
Event: 6.716 Thread 0x00000224f8e91030 DEOPT PACKING pc=0x00000224e6ab452c sp=0x00000054787f8e80
Event: 6.716 Thread 0x00000224f8e91030 DEOPT UNPACKING pc=0x00000224e64aa1a3 sp=0x00000054787f8e00 mode 2
Event: 6.723 Thread 0x00000224f8e91030 Uncommon trap: trap_request=0xffffffbe fr.pc=0x00000224e6d5f5e8 relative=0x0000000000000d68
Event: 6.723 Thread 0x00000224f8e91030 Uncommon trap: reason=profile_predicate action=maybe_recompile pc=0x00000224e6d5f5e8 method=java.util.TreeMap.getEntryUsingComparator(Ljava/lang/Object;)Ljava/util/TreeMap$Entry; @ 19 c2
Event: 6.723 Thread 0x00000224f8e91030 DEOPT PACKING pc=0x00000224e6d5f5e8 sp=0x00000054787f89c0
Event: 6.723 Thread 0x00000224f8e91030 DEOPT UNPACKING pc=0x00000224e64aa1a3 sp=0x00000054787f88e0 mode 2
Event: 6.723 Thread 0x00000224f8e91030 Uncommon trap: trap_request=0xffffffbe fr.pc=0x00000224e6d5f5e8 relative=0x0000000000000d68
Event: 6.723 Thread 0x00000224f8e91030 Uncommon trap: reason=profile_predicate action=maybe_recompile pc=0x00000224e6d5f5e8 method=java.util.TreeMap.getEntryUsingComparator(Ljava/lang/Object;)Ljava/util/TreeMap$Entry; @ 19 c2
Event: 6.723 Thread 0x00000224f8e91030 DEOPT PACKING pc=0x00000224e6d5f5e8 sp=0x00000054787f8920
Event: 6.723 Thread 0x00000224f8e91030 DEOPT UNPACKING pc=0x00000224e64aa1a3 sp=0x00000054787f8840 mode 2
Event: 6.723 Thread 0x00000224f8e91030 Uncommon trap: trap_request=0xffffffbe fr.pc=0x00000224e6d5f5e8 relative=0x0000000000000d68
Event: 6.723 Thread 0x00000224f8e91030 Uncommon trap: reason=profile_predicate action=maybe_recompile pc=0x00000224e6d5f5e8 method=java.util.TreeMap.getEntryUsingComparator(Ljava/lang/Object;)Ljava/util/TreeMap$Entry; @ 19 c2
Event: 6.723 Thread 0x00000224f8e91030 DEOPT PACKING pc=0x00000224e6d5f5e8 sp=0x00000054787f8920
Event: 6.723 Thread 0x00000224f8e91030 DEOPT UNPACKING pc=0x00000224e64aa1a3 sp=0x00000054787f8840 mode 2
Event: 6.723 Thread 0x00000224f8e91030 Uncommon trap: trap_request=0xffffffbe fr.pc=0x00000224e6d5f5e8 relative=0x0000000000000d68
Event: 6.723 Thread 0x00000224f8e91030 Uncommon trap: reason=profile_predicate action=maybe_recompile pc=0x00000224e6d5f5e8 method=java.util.TreeMap.getEntryUsingComparator(Ljava/lang/Object;)Ljava/util/TreeMap$Entry; @ 19 c2
Event: 6.723 Thread 0x00000224f8e91030 DEOPT PACKING pc=0x00000224e6d5f5e8 sp=0x00000054787f8920
Event: 6.723 Thread 0x00000224f8e91030 DEOPT UNPACKING pc=0x00000224e64aa1a3 sp=0x00000054787f8840 mode 2

Classes unloaded (0 events):
No events

Classes redefined (0 events):
No events

Internal exceptions (20 events):
Event: 4.720 Thread 0x00000224f79e6d40 Exception <a 'java/lang/NoSuchMethodError'{0x00000000895a6558}: static Lorg/gradle/internal/build/event/types/AbstractProjectConfigurationResult;.<clinit>()V> (0x00000000895a6558) 
thrown [s\src\hotspot\share\prims\jni.cpp, line 1108]
Event: 4.720 Thread 0x00000224f79e6d40 Exception <a 'java/lang/NoSuchMethodError'{0x00000000895a7808}: static Lorg/gradle/internal/build/event/types/AbstractOperationResult;.<clinit>()V> (0x00000000895a7808) 
thrown [s\src\hotspot\share\prims\jni.cpp, line 1108]
Event: 4.721 Thread 0x00000224f79e6d40 Exception <a 'java/lang/NoSuchMethodError'{0x00000000895a87c8}: static Lorg/gradle/internal/build/event/types/AbstractResult;.<clinit>()V> (0x00000000895a87c8) 
thrown [s\src\hotspot\share\prims\jni.cpp, line 1108]
Event: 4.721 Thread 0x00000224f79e6d40 Exception <a 'java/lang/NoSuchMethodError'{0x00000000895bc118}: static Lorg/gradle/internal/build/event/types/DefaultPluginApplicationResult;.<clinit>()V> (0x00000000895bc118) 
thrown [s\src\hotspot\share\prims\jni.cpp, line 1108]
Event: 4.722 Thread 0x00000224f79e6d40 Exception <a 'java/lang/NoSuchMethodError'{0x00000000895c63a8}: static Lorg/gradle/internal/build/event/types/DefaultBinaryPluginIdentifier;.<clinit>()V> (0x00000000895c63a8) 
thrown [s\src\hotspot\share\prims\jni.cpp, line 1108]
Event: 4.723 Thread 0x00000224f79e6d40 Exception <a 'java/lang/NoSuchMethodError'{0x00000000895d9a68}: static Lorg/gradle/internal/build/event/types/DefaultScriptPluginIdentifier;.<clinit>()V> (0x00000000895d9a68) 
thrown [s\src\hotspot\share\prims\jni.cpp, line 1108]
Event: 4.776 Thread 0x00000224f8e91030 Implicit null exception at 0x00000224e6d0428f to 0x00000224e6d048b4
Event: 4.817 Thread 0x00000224f8e91030 Exception <a 'java/lang/ClassNotFoundException'{0x000000008868a818}: org/gradle/api/internal/plugins/DefaultObjectConfigurationActionBeanInfo> (0x000000008868a818) 
thrown [s\src\hotspot\share\classfile\systemDictionary.cpp, line 256]
Event: 4.817 Thread 0x00000224f8e91030 Exception <a 'java/lang/ClassNotFoundException'{0x00000000886a7960}: org/gradle/api/internal/plugins/DefaultObjectConfigurationActionCustomizer> (0x00000000886a7960) 
thrown [s\src\hotspot\share\classfile\systemDictionary.cpp, line 256]
Event: 4.908 Thread 0x00000224f8e91030 Exception <a 'java/lang/NoSuchMethodError'{0x0000000087b81da0}: 'java.lang.Object java.lang.invoke.DirectMethodHandle$Holder.newInvokeSpecial(java.lang.Object, java.lang.Object, java.lang.Object, java.lang.Object, int)'> (0x0000000087b81da0) 
thrown [s\src\hotspot\share\interpreter\linkResolver.cpp, line 771]
Event: 4.908 Thread 0x00000224f8e91030 Exception <a 'java/lang/NoSuchMethodError'{0x0000000087b871e8}: 'java.lang.Object java.lang.invoke.DirectMethodHandle$Holder.invokeSpecial(java.lang.Object, java.lang.Object, java.lang.Object, java.lang.Object, java.lang.Object, int)'> (0x0000000087b871e8) 
thrown [s\src\hotspot\share\interpreter\linkResolver.cpp, line 771]
Event: 4.908 Thread 0x00000224f8e91030 Exception <a 'java/lang/NoSuchMethodError'{0x0000000087b8bf68}: 'java.lang.Object java.lang.invoke.Invokers$Holder.linkToTargetMethod(java.lang.Object, java.lang.Object, java.lang.Object, int, java.lang.Object)'> (0x0000000087b8bf68) 
thrown [s\src\hotspot\share\interpreter\linkResolver.cpp, line 771]
Event: 5.042 Thread 0x00000224f8e91030 Exception <a 'java/lang/NoSuchMethodError'{0x0000000086e55dc8}: 'int java.lang.invoke.DirectMethodHandle$Holder.invokeInterface(java.lang.Object, java.lang.Object, java.lang.Object, java.lang.Object)'> (0x0000000086e55dc8) 
thrown [s\src\hotspot\share\interpreter\linkResolver.cpp, line 771]
Event: 5.427 Thread 0x00000224f8e91030 Exception <a 'java/lang/IncompatibleClassChangeError'{0x0000000084e2a4e0}: Found class java.lang.Object, but interface was expected> (0x0000000084e2a4e0) 
thrown [s\src\hotspot\share\interpreter\linkResolver.cpp, line 838]
Event: 5.457 Thread 0x00000224f8e91030 Implicit null exception at 0x00000224e6c63959 to 0x00000224e6c63af0
Event: 5.457 Thread 0x00000224f8e91030 Implicit null exception at 0x00000224e6ac6a42 to 0x00000224e6ac71a4
Event: 5.517 Thread 0x00000224f8e91030 Implicit null exception at 0x00000224e6be250c to 0x00000224e6be2642
Event: 5.663 Thread 0x00000224f8e91030 Exception <a 'sun/nio/fs/WindowsException'{0x0000000089047988}> (0x0000000089047988) 
thrown [s\src\hotspot\share\prims\jni.cpp, line 517]
Event: 5.901 Thread 0x00000224f8e91030 Implicit null exception at 0x00000224e6da52c8 to 0x00000224e6da53b4
Event: 6.696 Thread 0x00000224f8e91030 Exception <a 'java/lang/NoSuchMethodError'{0x000000008896efe0}: 'int java.lang.invoke.DirectMethodHandle$Holder.invokeSpecialIFC(java.lang.Object, java.lang.Object, java.lang.Object, java.lang.Object, java.lang.Object)'> (0x000000008896efe0) 
thrown [s\src\hotspot\share\interpreter\linkResolver.cpp, line 771]

VM Operations (20 events):
Event: 5.041 Executing VM operation: HandshakeAllThreads
Event: 5.041 Executing VM operation: HandshakeAllThreads done
Event: 5.321 Executing VM operation: ICBufferFull
Event: 5.342 Executing VM operation: ICBufferFull done
Event: 5.521 Executing VM operation: HandshakeAllThreads
Event: 5.522 Executing VM operation: HandshakeAllThreads done
Event: 5.547 Executing VM operation: G1CollectForAllocation
Event: 5.600 Executing VM operation: G1CollectForAllocation done
Event: 5.880 Executing VM operation: ICBufferFull
Event: 5.895 Executing VM operation: ICBufferFull done
Event: 5.902 Executing VM operation: HandshakeAllThreads
Event: 5.902 Executing VM operation: HandshakeAllThreads done
Event: 6.098 Executing VM operation: G1CollectForAllocation
Event: 6.150 Executing VM operation: G1CollectForAllocation done
Event: 6.316 Executing VM operation: ICBufferFull
Event: 6.316 Executing VM operation: ICBufferFull done
Event: 6.321 Executing VM operation: HandshakeAllThreads
Event: 6.321 Executing VM operation: HandshakeAllThreads done
Event: 6.578 Executing VM operation: G1CollectForAllocation
Event: 6.582 Executing VM operation: G1CollectForAllocation done

Events (20 events):
Event: 5.874 loading class sun/reflect/annotation/AnnotationInvocationHandler$1 done
Event: 5.902 Thread 0x00000224f686fe20 flushing nmethod 0x00000224e6a9bf90
Event: 5.902 Thread 0x00000224f686fe20 flushing nmethod 0x00000224e6b6ae90
Event: 5.902 Thread 0x00000224f686fe20 flushing nmethod 0x00000224e6baa510
Event: 5.902 Thread 0x00000224f686fe20 flushing nmethod 0x00000224e6bbab90
Event: 5.903 Thread 0x00000224f686fe20 flushing nmethod 0x00000224def77610
Event: 6.195 loading class java/util/ArrayList$SubList$1
Event: 6.195 loading class java/util/ArrayList$SubList$1 done
Event: 6.197 Thread 0x00000224fda22e80 Thread exited: 0x00000224fda22e80
Event: 6.282 Thread 0x00000224fa548860 Thread added: 0x00000224fa548860
Event: 6.290 loading class jdk/internal/loader/URLClassPath$FileLoader
Event: 6.290 loading class jdk/internal/loader/URLClassPath$FileLoader done
Event: 6.291 loading class jdk/internal/loader/URLClassPath$FileLoader$1
Event: 6.291 loading class jdk/internal/loader/URLClassPath$FileLoader$1 done
Event: 6.472 loading class sun/reflect/generics/repository/FieldRepository
Event: 6.472 loading class sun/reflect/generics/repository/FieldRepository done
Event: 6.477 loading class jdk/internal/vm/annotation/ForceInline
Event: 6.477 loading class jdk/internal/vm/annotation/ForceInline done
Event: 6.501 loading class java/util/regex/Pattern$Caret
Event: 6.501 loading class java/util/regex/Pattern$Caret done


Dynamic libraries:
0x00007ff6fd0a0000 - 0x00007ff6fd0aa000 	C:\Program Files\Android\Android Studio1\jbr\bin\java.exe
0x00007ffaf4d30000 - 0x00007ffaf4f47000 	C:\WINDOWS\SYSTEM32\ntdll.dll
0x00007ffaf3720000 - 0x00007ffaf37e4000 	C:\WINDOWS\System32\KERNEL32.DLL
0x00007ffaf2360000 - 0x00007ffaf2706000 	C:\WINDOWS\System32\KERNELBASE.dll
0x00007ffaf2710000 - 0x00007ffaf2821000 	C:\WINDOWS\System32\ucrtbase.dll
0x00007ffae3ae0000 - 0x00007ffae3af7000 	C:\Program Files\Android\Android Studio1\jbr\bin\jli.dll
0x00007ffad92c0000 - 0x00007ffad92db000 	C:\Program Files\Android\Android Studio1\jbr\bin\VCRUNTIME140.dll
0x00007ffaf2f90000 - 0x00007ffaf313e000 	C:\WINDOWS\System32\USER32.dll
0x00007ffaf21c0000 - 0x00007ffaf21e6000 	C:\WINDOWS\System32\win32u.dll
0x00007ffadb250000 - 0x00007ffadb4e3000 	C:\WINDOWS\WinSxS\amd64_microsoft.windows.common-controls_6595b64144ccf1df_6.0.22621.2506_none_270c5ae97388e100\COMCTL32.dll
0x00007ffaf4aa0000 - 0x00007ffaf4ac9000 	C:\WINDOWS\System32\GDI32.dll
0x00007ffaf4ad0000 - 0x00007ffaf4b77000 	C:\WINDOWS\System32\msvcrt.dll
0x00007ffaf2830000 - 0x00007ffaf2948000 	C:\WINDOWS\System32\gdi32full.dll
0x00007ffaf2070000 - 0x00007ffaf210a000 	C:\WINDOWS\System32\msvcp_win.dll
0x00007ffaf2b70000 - 0x00007ffaf2ba1000 	C:\WINDOWS\System32\IMM32.DLL
0x00007ffae3550000 - 0x00007ffae355c000 	C:\Program Files\Android\Android Studio1\jbr\bin\vcruntime140_1.dll
0x00007ffac3e60000 - 0x00007ffac3eed000 	C:\Program Files\Android\Android Studio1\jbr\bin\msvcp140.dll
0x00007ffa9ce40000 - 0x00007ffa9daae000 	C:\Program Files\Android\Android Studio1\jbr\bin\server\jvm.dll
0x00007ffaf4c30000 - 0x00007ffaf4ce3000 	C:\WINDOWS\System32\ADVAPI32.dll
0x00007ffaf3bc0000 - 0x00007ffaf3c68000 	C:\WINDOWS\System32\sechost.dll
0x00007ffaf2110000 - 0x00007ffaf2138000 	C:\WINDOWS\System32\bcrypt.dll
0x00007ffaf38f0000 - 0x00007ffaf3a07000 	C:\WINDOWS\System32\RPCRT4.dll
0x00007ffaec5c0000 - 0x00007ffaec5c9000 	C:\WINDOWS\SYSTEM32\WSOCK32.dll
0x00007ffae8920000 - 0x00007ffae8954000 	C:\WINDOWS\SYSTEM32\WINMM.dll
0x00007ffae8520000 - 0x00007ffae852a000 	C:\WINDOWS\SYSTEM32\VERSION.dll
0x00007ffaf2af0000 - 0x00007ffaf2b61000 	C:\WINDOWS\System32\WS2_32.dll
0x00007ffaf1190000 - 0x00007ffaf11a8000 	C:\WINDOWS\SYSTEM32\kernel.appcore.dll
0x00007ffaebd20000 - 0x00007ffaebd2a000 	C:\Program Files\Android\Android Studio1\jbr\bin\jimage.dll
0x00007ffaef880000 - 0x00007ffaefab3000 	C:\WINDOWS\SYSTEM32\DBGHELP.DLL
0x00007ffaf3240000 - 0x00007ffaf35c9000 	C:\WINDOWS\System32\combase.dll
0x00007ffaf3a10000 - 0x00007ffaf3ae7000 	C:\WINDOWS\System32\OLEAUT32.dll
0x00007ffacdab0000 - 0x00007ffacdae2000 	C:\WINDOWS\SYSTEM32\dbgcore.DLL
0x00007ffaf2140000 - 0x00007ffaf21ba000 	C:\WINDOWS\System32\bcryptPrimitives.dll
0x00007ffae4540000 - 0x00007ffae4565000 	C:\Program Files\Android\Android Studio1\jbr\bin\java.dll
0x00007ffaebc70000 - 0x00007ffaebc88000 	C:\Program Files\Android\Android Studio1\jbr\bin\zip.dll
0x00007ffaf41c0000 - 0x00007ffaf4a1a000 	C:\WINDOWS\System32\SHELL32.dll
0x00007ffaeffd0000 - 0x00007ffaf08c6000 	C:\WINDOWS\SYSTEM32\windows.storage.dll
0x00007ffaefe90000 - 0x00007ffaeffce000 	C:\WINDOWS\SYSTEM32\wintypes.dll
0x00007ffaf3140000 - 0x00007ffaf3233000 	C:\WINDOWS\System32\SHCORE.dll
0x00007ffaf2a90000 - 0x00007ffaf2aee000 	C:\WINDOWS\System32\shlwapi.dll
0x00007ffaf1fa0000 - 0x00007ffaf1fc6000 	C:\WINDOWS\SYSTEM32\profapi.dll
0x00007ffae4820000 - 0x00007ffae4839000 	C:\Program Files\Android\Android Studio1\jbr\bin\net.dll
0x00007ffaea140000 - 0x00007ffaea277000 	C:\WINDOWS\SYSTEM32\WINHTTP.dll
0x00007ffaf1610000 - 0x00007ffaf1679000 	C:\WINDOWS\system32\mswsock.dll
0x00007ffae44b0000 - 0x00007ffae44c6000 	C:\Program Files\Android\Android Studio1\jbr\bin\nio.dll
0x00007ffae8960000 - 0x00007ffae8970000 	C:\Program Files\Android\Android Studio1\jbr\bin\verify.dll
0x00007ffae0e50000 - 0x00007ffae0e77000 	C:\Users\muham\.gradle\native\68d5fa5c4cc2d200863cafc0d521ce42e7d3e7ee720ec0a83991735586a16f82\windows-amd64\native-platform.dll
0x00007ffaa0200000 - 0x00007ffaa0344000 	C:\Users\muham\.gradle\native\e376f236ea51e6404a007f0833ffe2c6e607c4080706a723a18a27aeea778392\windows-amd64\native-platform-file-events.dll
0x00007ffae4770000 - 0x00007ffae4779000 	C:\Program Files\Android\Android Studio1\jbr\bin\management.dll
0x00007ffae44a0000 - 0x00007ffae44ab000 	C:\Program Files\Android\Android Studio1\jbr\bin\management_ext.dll
0x00007ffaf3b90000 - 0x00007ffaf3b98000 	C:\WINDOWS\System32\PSAPI.DLL
0x00007ffaf1870000 - 0x00007ffaf188b000 	C:\WINDOWS\SYSTEM32\CRYPTSP.dll
0x00007ffaf10f0000 - 0x00007ffaf1125000 	C:\WINDOWS\system32\rsaenh.dll
0x00007ffaf1700000 - 0x00007ffaf172c000 	C:\WINDOWS\SYSTEM32\USERENV.dll
0x00007ffaf1860000 - 0x00007ffaf186c000 	C:\WINDOWS\SYSTEM32\CRYPTBASE.dll
0x00007ffaf0ba0000 - 0x00007ffaf0bcd000 	C:\WINDOWS\SYSTEM32\IPHLPAPI.DLL
0x00007ffaf3b80000 - 0x00007ffaf3b89000 	C:\WINDOWS\System32\NSI.dll
0x00007ffae9b30000 - 0x00007ffae9b49000 	C:\WINDOWS\SYSTEM32\dhcpcsvc6.DLL
0x00007ffae9b10000 - 0x00007ffae9b2f000 	C:\WINDOWS\SYSTEM32\dhcpcsvc.DLL
0x00007ffaf0c10000 - 0x00007ffaf0d09000 	C:\WINDOWS\SYSTEM32\DNSAPI.dll
0x00007ffae1260000 - 0x00007ffae1268000 	C:\WINDOWS\system32\wshunix.dll
0x00007ffae8c00000 - 0x00007ffae8c0a000 	C:\Windows\System32\rasadhlp.dll
0x00007ffae8b50000 - 0x00007ffae8bd3000 	C:\WINDOWS\System32\fwpuclnt.dll

dbghelp: loaded successfully - version: 4.0.5 - missing functions: none
symbol engine: initialized successfully - sym options: 0x614 - pdb path: .;C:\Program Files\Android\Android Studio1\jbr\bin;C:\WINDOWS\SYSTEM32;C:\WINDOWS\WinSxS\amd64_microsoft.windows.common-controls_6595b64144ccf1df_6.0.22621.2506_none_270c5ae97388e100;C:\Program Files\Android\Android Studio1\jbr\bin\server;C:\Users\muham\.gradle\native\68d5fa5c4cc2d200863cafc0d521ce42e7d3e7ee720ec0a83991735586a16f82\windows-amd64;C:\Users\muham\.gradle\native\e376f236ea51e6404a007f0833ffe2c6e607c4080706a723a18a27aeea778392\windows-amd64

VM Arguments:
jvm_args: --add-opens=java.base/java.util=ALL-UNNAMED --add-opens=java.base/java.lang=ALL-UNNAMED --add-opens=java.base/java.lang.invoke=ALL-UNNAMED --add-opens=java.prefs/java.util.prefs=ALL-UNNAMED --add-opens=java.base/java.nio.charset=ALL-UNNAMED --add-opens=java.base/java.net=ALL-UNNAMED --add-opens=java.base/java.util.concurrent.atomic=ALL-UNNAMED -Xmx2048m -Dfile.encoding=UTF-8 -Duser.country=TR -Duser.language=tr -Duser.variant 
java_command: org.gradle.launcher.daemon.bootstrap.GradleDaemon 8.0
java_class_path (initial): C:\Users\muham\.gradle\wrapper\dists\gradle-8.0-bin\ca5e32bp14vu59qr306oxotwh\gradle-8.0\lib\gradle-launcher-8.0.jar
Launcher Type: SUN_STANDARD

[Global flags]
     intx CICompilerCount                          = 4                                         {product} {ergonomic}
     uint ConcGCThreads                            = 3                                         {product} {ergonomic}
     uint G1ConcRefinementThreads                  = 10                                        {product} {ergonomic}
   size_t G1HeapRegionSize                         = 1048576                                   {product} {ergonomic}
    uintx GCDrainStackTargetSize                   = 64                                        {product} {ergonomic}
   size_t InitialHeapSize                          = 132120576                                 {product} {ergonomic}
   size_t MarkStackSize                            = 4194304                                   {product} {ergonomic}
   size_t MaxHeapSize                              = 2147483648                                {product} {command line}
   size_t MaxNewSize                               = 1287651328                                {product} {ergonomic}
   size_t MinHeapDeltaBytes                        = 1048576                                   {product} {ergonomic}
   size_t MinHeapSize                              = 8388608                                   {product} {ergonomic}
    uintx NonNMethodCodeHeapSize                   = 5839372                                {pd product} {ergonomic}
    uintx NonProfiledCodeHeapSize                  = 122909434                              {pd product} {ergonomic}
    uintx ProfiledCodeHeapSize                     = 122909434                              {pd product} {ergonomic}
    uintx ReservedCodeCacheSize                    = 251658240                              {pd product} {ergonomic}
     bool SegmentedCodeCache                       = true                                      {product} {ergonomic}
   size_t SoftMaxHeapSize                          = 2147483648                             {manageable} {ergonomic}
     bool UseCompressedClassPointers               = true                           {product lp64_product} {ergonomic}
     bool UseCompressedOops                        = true                           {product lp64_product} {ergonomic}
     bool UseG1GC                                  = true                                      {product} {ergonomic}
     bool UseLargePagesIndividualAllocation        = false                                  {pd product} {ergonomic}

Logging:
Log output configuration:
 #0: stdout all=warning uptime,level,tags
 #1: stderr all=off uptime,level,tags

Environment Variables:
JAVA_HOME=C:\Program Files\Java\jdk-21
PATH=C:\Program Files\Microsoft\jdk-11.0.16.101-hotspot\bin;C:\Program Files\Common Files\Oracle\Java\javapath;C:\Program Files (x86)\Common Files\Intel\Shared Libraries\redist\intel64\compiler;C:\WINDOWS\system32;C:\WINDOWS;C:\WINDOWS\System32\Wbem;C:\WINDOWS\System32\WindowsPowerShell\v1.0\;C:\WINDOWS\System32\OpenSSH\;C:\Program Files (x86)\NVIDIA Corporation\PhysX\Common;C:\Program Files\Microsoft SQL Server\150\Tools\Binn\;C:\Program Files\dotnet\;C:\eclips c ve c++sdk dosya konumu\mingw64\bin;C:\Users\muham\AppData\Local\Microsoft\WindowsApps;C:\Program Files\Java\jdk-21\bin;
USERNAME=muham
OS=Windows_NT
PROCESSOR_IDENTIFIER=Intel64 Family 6 Model 141 Stepping 1, GenuineIntel
TMP=C:\Users\muham\AppData\Local\Temp
TEMP=C:\Users\muham\AppData\Local\Temp


JNI global refs:
JNI global refs: 28, weak refs: 0

JNI global refs memory usage: 843, weak refs: 841


---------------  S Y S T E M  ---------------

OS:
 Windows 11 , 64 bit Build 22621 (10.0.22621.2506)
OS uptime: 5 days 22:21 hours

CPU: total 12 (initial active 12) (6 cores per cpu, 2 threads per core) family 6 model 141 stepping 1 microcode 0x34, cx8, cmov, fxsr, ht, mmx, 3dnowpref, sse, sse2, sse3, ssse3, sse4.1, sse4.2, popcnt, lzcnt, tsc, tscinvbit, avx, avx2, aes, erms, clmul, bmi1, bmi2, adx, avx512f, avx512dq, avx512cd, avx512bw, avx512vl, sha, fma, vzeroupper, avx512_vpopcntdq, avx512_vpclmulqdq, avx512_vaes, avx512_vnni, clflush, clflushopt, clwb, avx512_vbmi2, avx512_vbmi

Memory: 4k page, system-wide physical 7962M (626M free)
TotalPageFile size 32538M (AvailPageFile size 2M)
current process WorkingSet (physical memory assigned to process): 405M, peak: 405M
current process commit charge ("private bytes"): 446M, peak: 447M

vm_info: OpenJDK 64-Bit Server VM (17.0.6+0-b2043.56-10027231) for windows-amd64 JRE (17.0.6+0-b2043.56-10027231), built on Apr 28 2023 00:43:19 by "androidbuild" with MS VC++ 16.10 / 16.11 (VS2019)

END.
